2022-09-07 10:41:44,653 :: INFO :: MainThread :: _internal ::  * Restarting with stat
2022-09-07 10:41:56,443 :: INFO :: Thread-8 :: _internal ::  * Running on http://127.0.0.1:8080/ (Press CTRL+C to quit)
2022-09-07 10:42:41,528 :: INFO :: Thread-9 :: _internal :: 127.0.0.1 - - [07/Sep/2022 10:42:41] "GET / HTTP/1.1" 200 -
2022-09-07 10:42:44,574 :: INFO :: Thread-11 :: _internal :: 127.0.0.1 - - [07/Sep/2022 10:42:44] "GET /static/login.js HTTP/1.1" 200 -
2022-09-07 10:42:44,599 :: INFO :: Thread-10 :: _internal :: 127.0.0.1 - - [07/Sep/2022 10:42:44] "[36mGET /static/style.css HTTP/1.1[0m" 304 -
2022-09-07 10:42:45,344 :: INFO :: Thread-12 :: _internal :: 127.0.0.1 - - [07/Sep/2022 10:42:45] "[33mGET /favicon.ico HTTP/1.1[0m" 404 -
2022-09-07 10:42:49,960 :: INFO :: Thread-13 :: _internal :: 127.0.0.1 - - [07/Sep/2022 10:42:49] "GET / HTTP/1.1" 200 -
2022-09-07 10:42:50,429 :: INFO :: Thread-14 :: _internal :: 127.0.0.1 - - [07/Sep/2022 10:42:50] "[36mGET /static/style.css HTTP/1.1[0m" 304 -
2022-09-07 10:42:50,758 :: INFO :: Thread-15 :: _internal :: 127.0.0.1 - - [07/Sep/2022 10:42:50] "[36mGET /static/login.js HTTP/1.1[0m" 304 -
2022-09-07 10:42:56,259 :: INFO :: Thread-16 :: _internal :: 127.0.0.1 - - [07/Sep/2022 10:42:56] "GET / HTTP/1.1" 200 -
2022-09-07 10:42:56,280 :: DEBUG :: Thread-17 :: app :: serLogin --- [31;20m token google re√ßu %s[0m
2022-09-07 10:42:56,511 :: INFO :: Thread-18 :: _internal :: 127.0.0.1 - - [07/Sep/2022 10:42:56] "[36mGET /static/style.css HTTP/1.1[0m" 304 -
2022-09-07 10:42:56,671 :: INFO :: Thread-19 :: _internal :: 127.0.0.1 - - [07/Sep/2022 10:42:56] "[36mGET /static/login.js HTTP/1.1[0m" 304 -
2022-09-07 10:42:56,974 :: DEBUG :: Thread-17 :: loggin :: sub ID : 3vJB97ElMaRpJabLgobyM8ht7VD2
2022-09-07 10:42:57,048 :: DEBUG :: Thread-20 :: app :: serLogin --- [31;20m token google re√ßu %s[0m
2022-09-07 10:42:57,197 :: DEBUG :: Thread-20 :: loggin :: sub ID : 3vJB97ElMaRpJabLgobyM8ht7VD2
2022-09-07 10:42:58,441 :: INFO :: Thread-17 :: _internal :: 127.0.0.1 - - [07/Sep/2022 10:42:58] "[32mPOST /login HTTP/1.1[0m" 302 -
2022-09-07 10:42:58,473 :: INFO :: Thread-20 :: _internal :: 127.0.0.1 - - [07/Sep/2022 10:42:58] "[32mPOST /login HTTP/1.1[0m" 302 -
2022-09-07 10:42:58,795 :: DEBUG :: Thread-24 :: app :: serLogin --- [31;20m token google re√ßu %s[0m
2022-09-07 10:42:58,943 :: DEBUG :: Thread-24 :: loggin :: sub ID : 3vJB97ElMaRpJabLgobyM8ht7VD2
2022-09-07 10:42:59,056 :: INFO :: Thread-24 :: _internal :: 127.0.0.1 - - [07/Sep/2022 10:42:59] "[32mPOST /login HTTP/1.1[0m" 302 -
2022-09-07 10:42:59,084 :: DEBUG :: Thread-26 :: app :: home - user UUID 3vJB97ElMaRpJabLgobyM8ht7VD2
2022-09-07 10:42:59,168 :: DEBUG :: Thread-26 :: app :: home - token valid : False
2022-09-07 10:42:59,172 :: DEBUG :: Thread-26 :: ssotools :: authentification URL : https://login.eveonline.com/v2/oauth/authorize/?response_type=code&redirect_uri=http%3A%2F%2Flocalhost%3A8080%2Fsso%2Fcallback&client_id=d792e8ee580b400c8dd9eebd3c468cce&scope=publicData+esi-wallet.read_character_wallet.v1+esi-characters.read_contacts.v1+esi-characters.read_agents_research.v1+esi-industry.read_character_jobs.v1+esi-characters.read_blueprints.v1+esi-wallet.read_corporation_wallets.v1&state=unique-state
2022-09-07 10:42:59,296 :: DEBUG :: Thread-26 :: ssotools :: authentification URL : https://login.eveonline.com/v2/oauth/authorize/?response_type=code&redirect_uri=http%3A%2F%2Flocalhost%3A8080%2Fsso%2Fcallback&client_id=d792e8ee580b400c8dd9eebd3c468cce&scope=publicData+esi-wallet.read_character_wallet.v1+esi-characters.read_contacts.v1+esi-characters.read_agents_research.v1+esi-industry.read_character_jobs.v1+esi-characters.read_blueprints.v1+esi-wallet.read_corporation_wallets.v1&state=unique-state
2022-09-07 10:42:59,312 :: DEBUG :: Thread-26 :: ssotools :: authentification URL : https://login.eveonline.com/v2/oauth/authorize/?response_type=code&redirect_uri=http%3A%2F%2Flocalhost%3A8080%2Fsso%2Fcallback&client_id=d792e8ee580b400c8dd9eebd3c468cce&scope=publicData+esi-wallet.read_character_wallet.v1+esi-characters.read_contacts.v1+esi-characters.read_agents_research.v1+esi-industry.read_character_jobs.v1+esi-characters.read_blueprints.v1+esi-wallet.read_corporation_wallets.v1&state=unique-state
2022-09-07 10:42:59,318 :: INFO :: Thread-26 :: _internal :: 127.0.0.1 - - [07/Sep/2022 10:42:59] "GET /home HTTP/1.1" 200 -
2022-09-07 10:42:59,693 :: DEBUG :: Thread-29 :: app :: home - user UUID 3vJB97ElMaRpJabLgobyM8ht7VD2
2022-09-07 10:42:59,782 :: DEBUG :: Thread-29 :: app :: home - token valid : False
2022-09-07 10:42:59,788 :: DEBUG :: Thread-29 :: ssotools :: authentification URL : https://login.eveonline.com/v2/oauth/authorize/?response_type=code&redirect_uri=http%3A%2F%2Flocalhost%3A8080%2Fsso%2Fcallback&client_id=d792e8ee580b400c8dd9eebd3c468cce&scope=publicData+esi-wallet.read_character_wallet.v1+esi-characters.read_contacts.v1+esi-characters.read_agents_research.v1+esi-industry.read_character_jobs.v1+esi-characters.read_blueprints.v1+esi-wallet.read_corporation_wallets.v1&state=unique-state
2022-09-07 10:42:59,802 :: DEBUG :: Thread-29 :: ssotools :: authentification URL : https://login.eveonline.com/v2/oauth/authorize/?response_type=code&redirect_uri=http%3A%2F%2Flocalhost%3A8080%2Fsso%2Fcallback&client_id=d792e8ee580b400c8dd9eebd3c468cce&scope=publicData+esi-wallet.read_character_wallet.v1+esi-characters.read_contacts.v1+esi-characters.read_agents_research.v1+esi-industry.read_character_jobs.v1+esi-characters.read_blueprints.v1+esi-wallet.read_corporation_wallets.v1&state=unique-state
2022-09-07 10:42:59,808 :: DEBUG :: Thread-29 :: ssotools :: authentification URL : https://login.eveonline.com/v2/oauth/authorize/?response_type=code&redirect_uri=http%3A%2F%2Flocalhost%3A8080%2Fsso%2Fcallback&client_id=d792e8ee580b400c8dd9eebd3c468cce&scope=publicData+esi-wallet.read_character_wallet.v1+esi-characters.read_contacts.v1+esi-characters.read_agents_research.v1+esi-industry.read_character_jobs.v1+esi-characters.read_blueprints.v1+esi-wallet.read_corporation_wallets.v1&state=unique-state
2022-09-07 10:42:59,813 :: INFO :: Thread-29 :: _internal :: 127.0.0.1 - - [07/Sep/2022 10:42:59] "GET /home HTTP/1.1" 200 -
2022-09-07 10:42:59,958 :: INFO :: Thread-30 :: _internal :: 127.0.0.1 - - [07/Sep/2022 10:42:59] "[36mGET /static/assets/css/app.min.css HTTP/1.1[0m" 304 -
2022-09-07 10:43:00,011 :: INFO :: Thread-33 :: _internal :: 127.0.0.1 - - [07/Sep/2022 10:43:00] "[36mGET /static/assets/css/vendor.min.css HTTP/1.1[0m" 304 -
2022-09-07 10:43:00,261 :: INFO :: Thread-34 :: _internal :: 127.0.0.1 - - [07/Sep/2022 10:43:00] "[36mGET /static/assets/js/vendor.min.js HTTP/1.1[0m" 304 -
2022-09-07 10:43:00,408 :: INFO :: Thread-35 :: _internal :: 127.0.0.1 - - [07/Sep/2022 10:43:00] "[36mGET /static/assets/js/app.min.js HTTP/1.1[0m" 304 -
2022-09-07 10:43:00,918 :: INFO :: Thread-36 :: _internal :: 127.0.0.1 - - [07/Sep/2022 10:43:00] "[36mGET /static/assets/css/fonts/bootstrap-icons.woff2?8d200481aa7f02a2d63a331fc782cfaf HTTP/1.1[0m" 304 -
2022-09-07 10:43:01,103 :: INFO :: Thread-37 :: _internal :: 127.0.0.1 - - [07/Sep/2022 10:43:01] "[36mGET /static/assets/webfonts/fa-solid-900.woff2 HTTP/1.1[0m" 304 -
2022-09-07 10:43:01,111 :: INFO :: Thread-38 :: _internal :: 127.0.0.1 - - [07/Sep/2022 10:43:01] "[36mGET /static/assets/css/images/logo.png HTTP/1.1[0m" 304 -
2022-09-07 10:43:01,129 :: INFO :: Thread-39 :: _internal :: 127.0.0.1 - - [07/Sep/2022 10:43:01] "[36mGET /static/assets/css/images/cover.jpg HTTP/1.1[0m" 304 -
2022-09-07 10:43:01,175 :: INFO :: Thread-40 :: _internal :: 127.0.0.1 - - [07/Sep/2022 10:43:01] "[36mGET /static/assets/css/images/pattern.png HTTP/1.1[0m" 304 -
2022-09-07 10:43:22,152 :: INFO :: Thread-42 :: _internal :: 127.0.0.1 - - [07/Sep/2022 10:43:22] "[35m[1mGET /gobalcropowallet HTTP/1.1[0m" 500 -
2022-09-07 10:43:22,341 :: ERROR :: Thread-42 :: _internal :: Error on request:
Traceback (most recent call last):
  File "C:\dev\MyTinyFactory\env\Lib\site-packages\werkzeug\serving.py", line 324, in run_wsgi
    execute(self.server.app)
  File "C:\dev\MyTinyFactory\env\Lib\site-packages\werkzeug\serving.py", line 313, in execute
    application_iter = app(environ, start_response)
  File "C:\dev\MyTinyFactory\env\Lib\site-packages\flask\app.py", line 2091, in __call__
    return self.wsgi_app(environ, start_response)
  File "C:\dev\MyTinyFactory\env\Lib\site-packages\flask\app.py", line 2076, in wsgi_app
    response = self.handle_exception(e)
  File "C:\dev\MyTinyFactory\env\Lib\site-packages\flask\app.py", line 2073, in wsgi_app
    response = self.full_dispatch_request()
  File "C:\dev\MyTinyFactory\env\Lib\site-packages\flask\app.py", line 1518, in full_dispatch_request
    rv = self.handle_user_exception(e)
  File "C:\dev\MyTinyFactory\env\Lib\site-packages\flask\app.py", line 1516, in full_dispatch_request
    rv = self.dispatch_request()
  File "C:\dev\MyTinyFactory\env\Lib\site-packages\flask\app.py", line 1502, in dispatch_request
    return self.ensure_sync(self.view_functions[rule.endpoint])(**req.view_args)
  File "C:\dev\MyTinyFactory\env\Lib\site-packages\flask_login\utils.py", line 277, in decorated_view
    return current_app.ensure_sync(func)(*args, **kwargs)
  File "C:\dev\MyTinyFactory\src\app.py", line 187, in gobalcropowallet
    return render_template('mainCorporateWallet.html')
  File "C:\dev\MyTinyFactory\env\Lib\site-packages\flask\templating.py", line 147, in render_template
    return _render(
  File "C:\dev\MyTinyFactory\env\Lib\site-packages\flask\templating.py", line 128, in _render
    rv = template.render(context)
  File "C:\dev\MyTinyFactory\env\Lib\site-packages\jinja2\environment.py", line 1291, in render
    self.environment.handle_exception()
  File "C:\dev\MyTinyFactory\env\Lib\site-packages\jinja2\environment.py", line 925, in handle_exception
    raise rewrite_traceback_stack(source=source)
  File "C:\dev\MyTinyFactory\src\templates\mainCorporateWallet.html", line 1, in top-level template code
    {% extends "base.html" %}
  File "C:\dev\MyTinyFactory\src\templates\base.html", line 19, in top-level template code
    {% include 'header.html'%}
  File "C:\dev\MyTinyFactory\src\templates\header.html", line 117, in top-level template code
    <a class="dropdown-item d-flex align-items-center" href="{{ssoEve.get_auth_url()}}">CONNECT <i class="bi bi-gear ms-auto text-theme fs-16px my-n1"></i></a>
  File "C:\dev\MyTinyFactory\env\Lib\site-packages\jinja2\environment.py", line 474, in getattr
    return getattr(obj, attribute)
jinja2.exceptions.UndefinedError: 'ssoEve' is undefined
2022-09-07 10:43:50,319 :: DEBUG :: Thread-45 :: app :: token app code  : lDQ8k_Y2MEC4sv6yZcwivA
2022-09-07 10:43:50,576 :: DEBUG :: Thread-45 :: ssotools :: __send_token_request :: Request to get token sent to URL https://login.eveonline.com/v2/oauth/token with headers {'Content-Type': 'application/x-www-form-urlencoded', 'Host': 'login.eveonline.com', 'Authorization': 'Basic ZDc5MmU4ZWU1ODBiNDAwYzhkZDllZWJkM2M0NjhjY2U6TzNNUUdHVUxFZ1ZkZlVBSXljZEp2R0owYjBNWnU5QXdsdlZLVU04eA=='} and form values: {'grant_type': 'authorization_code', 'code': 'lDQ8k_Y2MEC4sv6yZcwivA'}
2022-09-07 10:43:50,581 :: DEBUG :: Thread-45 :: ssotools :: 
Verifying access token JWT...
2022-09-07 10:43:50,780 :: INFO :: Thread-45 :: ssotools :: 
Success! log to Eve
2022-09-07 10:43:52,810 :: DEBUG :: Thread-45 :: app :: Callback -- Store token in DB --
2022-09-07 10:43:52,812 :: DEBUG :: Thread-45 :: app :: Callback -- SSO Refresh  : None
2022-09-07 10:43:52,815 :: DEBUG :: Thread-45 :: app :: Callback --  SSO access_token  : eyJhbGciOiJSUzI1NiIsImtpZCI6IkpXVC1TaWduYXR1cmUtS2V5IiwidHlwIjoiSldUIn0.eyJzY3AiOlsicHVibGljRGF0YSIsImVzaS13YWxsZXQucmVhZF9jaGFyYWN0ZXJfd2FsbGV0LnYxIiwiZXNpLWNoYXJhY3RlcnMucmVhZF9jb250YWN0cy52MSIsImVzaS1jaGFyYWN0ZXJzLnJlYWRfYWdlbnRzX3Jlc2VhcmNoLnYxIiwiZXNpLWluZHVzdHJ5LnJlYWRfY2hhcmFjdGVyX2pvYnMudjEiLCJlc2ktY2hhcmFjdGVycy5yZWFkX2JsdWVwcmludHMudjEiLCJlc2ktd2FsbGV0LnJlYWRfY29ycG9yYXRpb25fd2FsbGV0cy52MSJdLCJqdGkiOiIzNzgyMGMzMC0wY2NhLTRjMWItOWFjNS04NjI3M2JmMGZjMTQiLCJraWQiOiJKV1QtU2lnbmF0dXJlLUtleSIsInN1YiI6IkNIQVJBQ1RFUjpFVkU6MjExNzgxNjQwMiIsImF6cCI6ImQ3OTJlOGVlNTgwYjQwMGM4ZGQ5ZWViZDNjNDY4Y2NlIiwidGVuYW50IjoidHJhbnF1aWxpdHkiLCJ0aWVyIjoibGl2ZSIsInJlZ2lvbiI6IndvcmxkIiwiYXVkIjoiRVZFIE9ubGluZSIsIm5hbWUiOiJtaXJhaWxsYSBzYW5kZXIiLCJvd25lciI6InpQRUNacHZwcjlDRk5iRU5wbmhhTFczbmRmcz0iLCJleHAiOjE2NjI1NDE0MzEsImlhdCI6MTY2MjU0MDIzMSwiaXNzIjoibG9naW4uZXZlb25saW5lLmNvbSJ9.cH2Ibsq9SqAt0-myYQkwkgghrHC_bDjTUjJIZzCVOkyxPoD12IFGE5BrbLUHfcZIp_6QzUDw1IZ3dwJG1qRjLk5ZileHMWRUxHmdUMMHviRC1Z8xq-9AE5t6qfqzMbh13knRArIVbwwv3LGqdxZ5FCND9QOJ4-5im3NcatP6Uj0zlC92JkaBxqptFaevHGWTH1IASlRnHDfxr0kfRHAkRa89cNh9YxWBkJ0UKNjmh96xuGBywqGl2pHbi9bKnns6qOAAUf_NoGPQX_orZZ93UaG_CbT1Uq_YSHVozqw_4uK6DC3g9bHEG5GxawrYaWO1CXeBqK0g4uyYNluWX3JKYw
2022-09-07 10:43:52,970 :: INFO :: Thread-45 :: _internal :: 127.0.0.1 - - [07/Sep/2022 10:43:52] "[32mGET /sso/callback?code=lDQ8k_Y2MEC4sv6yZcwivA&state=unique-state HTTP/1.1[0m" 302 -
2022-09-07 10:43:53,001 :: DEBUG :: Thread-46 :: app :: home - user UUID 3vJB97ElMaRpJabLgobyM8ht7VD2
2022-09-07 10:43:53,090 :: DEBUG :: Thread-46 :: app :: home - token valid : True
2022-09-07 10:43:54,657 :: DEBUG :: Thread-46 :: ssotools :: authentification URL : https://login.eveonline.com/v2/oauth/authorize/?response_type=code&redirect_uri=http%3A%2F%2Flocalhost%3A8080%2Fsso%2Fcallback&client_id=d792e8ee580b400c8dd9eebd3c468cce&scope=publicData+esi-wallet.read_character_wallet.v1+esi-characters.read_contacts.v1+esi-characters.read_agents_research.v1+esi-industry.read_character_jobs.v1+esi-characters.read_blueprints.v1+esi-wallet.read_corporation_wallets.v1&state=unique-state
2022-09-07 10:43:54,667 :: DEBUG :: Thread-46 :: ssotools :: authentification URL : https://login.eveonline.com/v2/oauth/authorize/?response_type=code&redirect_uri=http%3A%2F%2Flocalhost%3A8080%2Fsso%2Fcallback&client_id=d792e8ee580b400c8dd9eebd3c468cce&scope=publicData+esi-wallet.read_character_wallet.v1+esi-characters.read_contacts.v1+esi-characters.read_agents_research.v1+esi-industry.read_character_jobs.v1+esi-characters.read_blueprints.v1+esi-wallet.read_corporation_wallets.v1&state=unique-state
2022-09-07 10:43:54,675 :: INFO :: Thread-46 :: _internal :: 127.0.0.1 - - [07/Sep/2022 10:43:54] "GET /home HTTP/1.1" 200 -
2022-09-07 10:43:56,135 :: INFO :: Thread-50 :: _internal :: 127.0.0.1 - - [07/Sep/2022 10:43:56] "[36mGET /static/assets/css/app.min.css HTTP/1.1[0m" 304 -
2022-09-07 10:43:56,183 :: INFO :: Thread-51 :: _internal :: 127.0.0.1 - - [07/Sep/2022 10:43:56] "[36mGET /static/assets/css/vendor.min.css HTTP/1.1[0m" 304 -
2022-09-07 10:43:56,200 :: INFO :: Thread-52 :: _internal :: 127.0.0.1 - - [07/Sep/2022 10:43:56] "[36mGET /static/assets/js/app.min.js HTTP/1.1[0m" 304 -
2022-09-07 10:43:56,234 :: INFO :: Thread-53 :: _internal :: 127.0.0.1 - - [07/Sep/2022 10:43:56] "[36mGET /static/assets/js/vendor.min.js HTTP/1.1[0m" 304 -
2022-09-07 10:43:56,912 :: INFO :: Thread-54 :: _internal :: 127.0.0.1 - - [07/Sep/2022 10:43:56] "[36mGET /static/assets/css/images/pattern.png HTTP/1.1[0m" 304 -
2022-09-07 10:43:57,232 :: INFO :: Thread-55 :: _internal :: 127.0.0.1 - - [07/Sep/2022 10:43:57] "[36mGET /static/assets/webfonts/fa-solid-900.woff2 HTTP/1.1[0m" 304 -
2022-09-07 10:43:57,448 :: INFO :: Thread-56 :: _internal :: 127.0.0.1 - - [07/Sep/2022 10:43:57] "[36mGET /static/assets/css/fonts/bootstrap-icons.woff2?8d200481aa7f02a2d63a331fc782cfaf HTTP/1.1[0m" 304 -
2022-09-07 10:43:57,472 :: INFO :: Thread-57 :: _internal :: 127.0.0.1 - - [07/Sep/2022 10:43:57] "[36mGET /static/assets/css/images/cover.jpg HTTP/1.1[0m" 304 -
2022-09-07 10:43:57,602 :: INFO :: Thread-58 :: _internal :: 127.0.0.1 - - [07/Sep/2022 10:43:57] "[36mGET /static/assets/css/images/logo.png HTTP/1.1[0m" 304 -
2022-09-07 10:44:45,802 :: INFO :: Thread-59 :: _internal :: 127.0.0.1 - - [07/Sep/2022 10:44:45] "[35m[1mGET /gobalcropowallet HTTP/1.1[0m" 500 -
2022-09-07 10:44:45,937 :: ERROR :: Thread-59 :: _internal :: Error on request:
Traceback (most recent call last):
  File "C:\dev\MyTinyFactory\env\Lib\site-packages\werkzeug\serving.py", line 324, in run_wsgi
    execute(self.server.app)
  File "C:\dev\MyTinyFactory\env\Lib\site-packages\werkzeug\serving.py", line 313, in execute
    application_iter = app(environ, start_response)
  File "C:\dev\MyTinyFactory\env\Lib\site-packages\flask\app.py", line 2091, in __call__
    return self.wsgi_app(environ, start_response)
  File "C:\dev\MyTinyFactory\env\Lib\site-packages\flask\app.py", line 2076, in wsgi_app
    response = self.handle_exception(e)
  File "C:\dev\MyTinyFactory\env\Lib\site-packages\flask\app.py", line 2073, in wsgi_app
    response = self.full_dispatch_request()
  File "C:\dev\MyTinyFactory\env\Lib\site-packages\flask\app.py", line 1518, in full_dispatch_request
    rv = self.handle_user_exception(e)
  File "C:\dev\MyTinyFactory\env\Lib\site-packages\flask\app.py", line 1516, in full_dispatch_request
    rv = self.dispatch_request()
  File "C:\dev\MyTinyFactory\env\Lib\site-packages\flask\app.py", line 1502, in dispatch_request
    return self.ensure_sync(self.view_functions[rule.endpoint])(**req.view_args)
  File "C:\dev\MyTinyFactory\env\Lib\site-packages\flask_login\utils.py", line 277, in decorated_view
    return current_app.ensure_sync(func)(*args, **kwargs)
  File "C:\dev\MyTinyFactory\src\app.py", line 187, in gobalcropowallet
    return render_template('mainCorporateWallet.html')
  File "C:\dev\MyTinyFactory\env\Lib\site-packages\flask\templating.py", line 147, in render_template
    return _render(
  File "C:\dev\MyTinyFactory\env\Lib\site-packages\flask\templating.py", line 128, in _render
    rv = template.render(context)
  File "C:\dev\MyTinyFactory\env\Lib\site-packages\jinja2\environment.py", line 1291, in render
    self.environment.handle_exception()
  File "C:\dev\MyTinyFactory\env\Lib\site-packages\jinja2\environment.py", line 925, in handle_exception
    raise rewrite_traceback_stack(source=source)
  File "C:\dev\MyTinyFactory\src\templates\mainCorporateWallet.html", line 1, in top-level template code
    {% extends "base.html" %}
  File "C:\dev\MyTinyFactory\src\templates\base.html", line 19, in top-level template code
    {% include 'header.html'%}
  File "C:\dev\MyTinyFactory\src\templates\header.html", line 117, in top-level template code
    <a class="dropdown-item d-flex align-items-center" href="{{ssoEve.get_auth_url()}}">CONNECT <i class="bi bi-gear ms-auto text-theme fs-16px my-n1"></i></a>
  File "C:\dev\MyTinyFactory\env\Lib\site-packages\jinja2\environment.py", line 474, in getattr
    return getattr(obj, attribute)
jinja2.exceptions.UndefinedError: 'ssoEve' is undefined
2022-09-07 10:45:12,580 :: INFO :: MainThread :: _internal ::  * Detected change in 'C:\\dev\\MyTinyFactory\\src\\app.py', reloading
2022-09-07 10:45:13,860 :: INFO :: MainThread :: _internal ::  * Restarting with stat
2022-09-07 10:45:43,903 :: INFO :: MainThread :: _internal ::  * Restarting with stat
2022-09-07 10:47:05,806 :: INFO :: MainThread :: _internal ::  * Restarting with stat
2022-09-07 10:47:15,061 :: INFO :: Thread-8 :: _internal ::  * Running on http://127.0.0.1:8080/ (Press CTRL+C to quit)
2022-09-07 10:47:33,602 :: INFO :: Thread-9 :: _internal :: 127.0.0.1 - - [07/Sep/2022 10:47:33] "[35m[1mGET /gobalcropowallet HTTP/1.1[0m" 500 -
2022-09-07 10:47:33,701 :: ERROR :: Thread-9 :: _internal :: Error on request:
Traceback (most recent call last):
  File "C:\dev\MyTinyFactory\env\Lib\site-packages\werkzeug\serving.py", line 324, in run_wsgi
    execute(self.server.app)
  File "C:\dev\MyTinyFactory\env\Lib\site-packages\werkzeug\serving.py", line 313, in execute
    application_iter = app(environ, start_response)
  File "C:\dev\MyTinyFactory\env\Lib\site-packages\flask\app.py", line 2091, in __call__
    return self.wsgi_app(environ, start_response)
  File "C:\dev\MyTinyFactory\env\Lib\site-packages\flask\app.py", line 2076, in wsgi_app
    response = self.handle_exception(e)
  File "C:\dev\MyTinyFactory\env\Lib\site-packages\flask\app.py", line 2073, in wsgi_app
    response = self.full_dispatch_request()
  File "C:\dev\MyTinyFactory\env\Lib\site-packages\flask\app.py", line 1518, in full_dispatch_request
    rv = self.handle_user_exception(e)
  File "C:\dev\MyTinyFactory\env\Lib\site-packages\flask\app.py", line 1516, in full_dispatch_request
    rv = self.dispatch_request()
  File "C:\dev\MyTinyFactory\env\Lib\site-packages\flask\app.py", line 1502, in dispatch_request
    return self.ensure_sync(self.view_functions[rule.endpoint])(**req.view_args)
  File "C:\dev\MyTinyFactory\env\Lib\site-packages\flask_login\utils.py", line 277, in decorated_view
    return current_app.ensure_sync(func)(*args, **kwargs)
  File "C:\dev\MyTinyFactory\src\app.py", line 189, in gobalcropowallet
    return render_template('mainCorporateWallet.html',dUser_ref=dUser_ref,ssoEve=sso)
  File "C:\dev\MyTinyFactory\env\Lib\site-packages\flask\templating.py", line 147, in render_template
    return _render(
  File "C:\dev\MyTinyFactory\env\Lib\site-packages\flask\templating.py", line 128, in _render
    rv = template.render(context)
  File "C:\dev\MyTinyFactory\env\Lib\site-packages\jinja2\environment.py", line 1291, in render
    self.environment.handle_exception()
  File "C:\dev\MyTinyFactory\env\Lib\site-packages\jinja2\environment.py", line 925, in handle_exception
    raise rewrite_traceback_stack(source=source)
  File "C:\dev\MyTinyFactory\src\templates\mainCorporateWallet.html", line 1, in top-level template code
    {% extends "base.html" %}
  File "C:\dev\MyTinyFactory\src\templates\base.html", line 19, in top-level template code
    {% include 'header.html'%}
  File "C:\dev\MyTinyFactory\src\templates\header.html", line 117, in top-level template code
    <a class="dropdown-item d-flex align-items-center" href="{{ssoEve.get_auth_url()}}">CONNECT <i class="bi bi-gear ms-auto text-theme fs-16px my-n1"></i></a>
  File "C:\dev\MyTinyFactory\env\Lib\site-packages\jinja2\utils.py", line 84, in from_obj
    if hasattr(obj, "jinja_pass_arg"):
jinja2.exceptions.UndefinedError: 'None' has no attribute 'get_auth_url'
2022-09-07 10:48:25,273 :: INFO :: MainThread :: _internal ::  * Detected change in 'C:\\dev\\MyTinyFactory\\src\\app.py', reloading
2022-09-07 10:48:26,673 :: INFO :: MainThread :: _internal ::  * Restarting with stat
2022-09-07 10:48:35,387 :: INFO :: Thread-8 :: _internal ::  * Running on http://127.0.0.1:8080/ (Press CTRL+C to quit)
2022-09-07 10:48:42,075 :: INFO :: Thread-9 :: _internal :: 127.0.0.1 - - [07/Sep/2022 10:48:42] "[35m[1mGET /gobalcropowallet HTTP/1.1[0m" 500 -
2022-09-07 10:48:42,167 :: ERROR :: Thread-9 :: _internal :: Error on request:
Traceback (most recent call last):
  File "C:\dev\MyTinyFactory\env\Lib\site-packages\werkzeug\serving.py", line 324, in run_wsgi
    execute(self.server.app)
  File "C:\dev\MyTinyFactory\env\Lib\site-packages\werkzeug\serving.py", line 313, in execute
    application_iter = app(environ, start_response)
  File "C:\dev\MyTinyFactory\env\Lib\site-packages\flask\app.py", line 2091, in __call__
    return self.wsgi_app(environ, start_response)
  File "C:\dev\MyTinyFactory\env\Lib\site-packages\flask\app.py", line 2076, in wsgi_app
    response = self.handle_exception(e)
  File "C:\dev\MyTinyFactory\env\Lib\site-packages\flask\app.py", line 2073, in wsgi_app
    response = self.full_dispatch_request()
  File "C:\dev\MyTinyFactory\env\Lib\site-packages\flask\app.py", line 1518, in full_dispatch_request
    rv = self.handle_user_exception(e)
  File "C:\dev\MyTinyFactory\env\Lib\site-packages\flask\app.py", line 1516, in full_dispatch_request
    rv = self.dispatch_request()
  File "C:\dev\MyTinyFactory\env\Lib\site-packages\flask\app.py", line 1502, in dispatch_request
    return self.ensure_sync(self.view_functions[rule.endpoint])(**req.view_args)
  File "C:\dev\MyTinyFactory\env\Lib\site-packages\flask_login\utils.py", line 277, in decorated_view
    return current_app.ensure_sync(func)(*args, **kwargs)
  File "C:\dev\MyTinyFactory\src\app.py", line 190, in gobalcropowallet
    return render_template('mainCorporateWallet.html',dUser_ref=dUser_ref,ssoEve=sso)
  File "C:\dev\MyTinyFactory\env\Lib\site-packages\flask\templating.py", line 147, in render_template
    return _render(
  File "C:\dev\MyTinyFactory\env\Lib\site-packages\flask\templating.py", line 128, in _render
    rv = template.render(context)
  File "C:\dev\MyTinyFactory\env\Lib\site-packages\jinja2\environment.py", line 1291, in render
    self.environment.handle_exception()
  File "C:\dev\MyTinyFactory\env\Lib\site-packages\jinja2\environment.py", line 925, in handle_exception
    raise rewrite_traceback_stack(source=source)
  File "C:\dev\MyTinyFactory\src\templates\mainCorporateWallet.html", line 1, in top-level template code
    {% extends "base.html" %}
  File "C:\dev\MyTinyFactory\src\templates\base.html", line 19, in top-level template code
    {% include 'header.html'%}
  File "C:\dev\MyTinyFactory\src\templates\header.html", line 117, in top-level template code
    <a class="dropdown-item d-flex align-items-center" href="{{ssoEve.get_auth_url()}}">CONNECT <i class="bi bi-gear ms-auto text-theme fs-16px my-n1"></i></a>
  File "C:\dev\MyTinyFactory\env\Lib\site-packages\jinja2\utils.py", line 84, in from_obj
    if hasattr(obj, "jinja_pass_arg"):
jinja2.exceptions.UndefinedError: 'None' has no attribute 'get_auth_url'
2022-09-07 10:54:01,105 :: INFO :: Thread-17 :: _internal :: 127.0.0.1 - - [07/Sep/2022 10:54:01] "[35m[1mGET /caracter HTTP/1.1[0m" 500 -
2022-09-07 10:54:01,203 :: ERROR :: Thread-17 :: _internal :: Error on request:
Traceback (most recent call last):
  File "C:\dev\MyTinyFactory\env\Lib\site-packages\flask_login\utils.py", line 277, in decorated_view
    return current_app.ensure_sync(func)(*args, **kwargs)
  File "C:\dev\MyTinyFactory\src\app.py", line 182, in caracterCard
    "caracterCard.html", dUser_ref=dUser_ref, portrait=carac.getPhotoUrl(),personnage=carac, ssoEve=sso)
AttributeError: 'NoneType' object has no attribute 'getPhotoUrl'

During handling of the above exception, another exception occurred:

Traceback (most recent call last):
  File "C:\dev\MyTinyFactory\env\Lib\site-packages\werkzeug\serving.py", line 324, in run_wsgi
    execute(self.server.app)
  File "C:\dev\MyTinyFactory\env\Lib\site-packages\werkzeug\serving.py", line 313, in execute
    application_iter = app(environ, start_response)
  File "C:\dev\MyTinyFactory\env\Lib\site-packages\flask\app.py", line 2091, in __call__
    return self.wsgi_app(environ, start_response)
  File "C:\dev\MyTinyFactory\env\Lib\site-packages\flask\app.py", line 2076, in wsgi_app
    response = self.handle_exception(e)
  File "C:\dev\MyTinyFactory\env\Lib\site-packages\flask\app.py", line 2073, in wsgi_app
    response = self.full_dispatch_request()
  File "C:\dev\MyTinyFactory\env\Lib\site-packages\flask\app.py", line 1518, in full_dispatch_request
    rv = self.handle_user_exception(e)
  File "C:\dev\MyTinyFactory\env\Lib\site-packages\flask\app.py", line 1516, in full_dispatch_request
    rv = self.dispatch_request()
  File "C:\dev\MyTinyFactory\env\Lib\site-packages\flask\app.py", line 1502, in dispatch_request
    return self.ensure_sync(self.view_functions[rule.endpoint])(**req.view_args)
  File "C:\dev\MyTinyFactory\env\Lib\site-packages\flask_login\utils.py", line 279, in decorated_view
    return func(*args, **kwargs)
  File "C:\dev\MyTinyFactory\src\app.py", line 182, in caracterCard
    "caracterCard.html", dUser_ref=dUser_ref, portrait=carac.getPhotoUrl(),personnage=carac, ssoEve=sso)
AttributeError: 'NoneType' object has no attribute 'getPhotoUrl'
2022-09-07 16:06:26,425 :: INFO :: MainThread :: _internal ::  * Detected change in 'C:\\dev\\MyTinyFactory\\src\\app.py', reloading
2022-09-07 16:06:27,527 :: INFO :: MainThread :: _internal ::  * Restarting with stat
2022-09-07 16:06:57,641 :: DEBUG :: Thread-20 :: app :: serLogin --- [31;20m token google re√ßu %s[0m
2022-09-07 16:06:57,796 :: DEBUG :: Thread-20 :: loggin :: sub ID : 3vJB97ElMaRpJabLgobyM8ht7VD2
2022-09-07 16:06:57,926 :: DEBUG :: Thread-22 :: app :: home - user UUID 3vJB97ElMaRpJabLgobyM8ht7VD2
2022-09-07 16:06:58,001 :: DEBUG :: Thread-22 :: app :: home - token valid : False
2022-09-07 16:06:58,002 :: DEBUG :: Thread-22 :: ssotools :: authentification URL : https://login.eveonline.com/v2/oauth/authorize/?response_type=code&redirect_uri=http%3A%2F%2Flocalhost%3A8080%2Fsso%2Fcallback&client_id=d792e8ee580b400c8dd9eebd3c468cce&scope=publicData+esi-wallet.read_character_wallet.v1+esi-characters.read_contacts.v1+esi-characters.read_agents_research.v1+esi-industry.read_character_jobs.v1+esi-characters.read_blueprints.v1+esi-wallet.read_corporation_wallets.v1&state=unique-state
2022-09-07 16:06:58,030 :: DEBUG :: Thread-22 :: ssotools :: authentification URL : https://login.eveonline.com/v2/oauth/authorize/?response_type=code&redirect_uri=http%3A%2F%2Flocalhost%3A8080%2Fsso%2Fcallback&client_id=d792e8ee580b400c8dd9eebd3c468cce&scope=publicData+esi-wallet.read_character_wallet.v1+esi-characters.read_contacts.v1+esi-characters.read_agents_research.v1+esi-industry.read_character_jobs.v1+esi-characters.read_blueprints.v1+esi-wallet.read_corporation_wallets.v1&state=unique-state
2022-09-07 16:06:58,035 :: DEBUG :: Thread-22 :: ssotools :: authentification URL : https://login.eveonline.com/v2/oauth/authorize/?response_type=code&redirect_uri=http%3A%2F%2Flocalhost%3A8080%2Fsso%2Fcallback&client_id=d792e8ee580b400c8dd9eebd3c468cce&scope=publicData+esi-wallet.read_character_wallet.v1+esi-characters.read_contacts.v1+esi-characters.read_agents_research.v1+esi-industry.read_character_jobs.v1+esi-characters.read_blueprints.v1+esi-wallet.read_corporation_wallets.v1&state=unique-state
2022-09-07 16:06:58,362 :: DEBUG :: Thread-25 :: app :: home - user UUID 3vJB97ElMaRpJabLgobyM8ht7VD2
2022-09-07 16:06:58,427 :: DEBUG :: Thread-25 :: app :: home - token valid : False
2022-09-07 16:06:58,428 :: DEBUG :: Thread-25 :: ssotools :: authentification URL : https://login.eveonline.com/v2/oauth/authorize/?response_type=code&redirect_uri=http%3A%2F%2Flocalhost%3A8080%2Fsso%2Fcallback&client_id=d792e8ee580b400c8dd9eebd3c468cce&scope=publicData+esi-wallet.read_character_wallet.v1+esi-characters.read_contacts.v1+esi-characters.read_agents_research.v1+esi-industry.read_character_jobs.v1+esi-characters.read_blueprints.v1+esi-wallet.read_corporation_wallets.v1&state=unique-state
2022-09-07 16:06:58,430 :: DEBUG :: Thread-25 :: ssotools :: authentification URL : https://login.eveonline.com/v2/oauth/authorize/?response_type=code&redirect_uri=http%3A%2F%2Flocalhost%3A8080%2Fsso%2Fcallback&client_id=d792e8ee580b400c8dd9eebd3c468cce&scope=publicData+esi-wallet.read_character_wallet.v1+esi-characters.read_contacts.v1+esi-characters.read_agents_research.v1+esi-industry.read_character_jobs.v1+esi-characters.read_blueprints.v1+esi-wallet.read_corporation_wallets.v1&state=unique-state
2022-09-07 16:06:58,432 :: DEBUG :: Thread-25 :: ssotools :: authentification URL : https://login.eveonline.com/v2/oauth/authorize/?response_type=code&redirect_uri=http%3A%2F%2Flocalhost%3A8080%2Fsso%2Fcallback&client_id=d792e8ee580b400c8dd9eebd3c468cce&scope=publicData+esi-wallet.read_character_wallet.v1+esi-characters.read_contacts.v1+esi-characters.read_agents_research.v1+esi-industry.read_character_jobs.v1+esi-characters.read_blueprints.v1+esi-wallet.read_corporation_wallets.v1&state=unique-state
2022-09-07 16:07:10,837 :: DEBUG :: Thread-37 :: app :: token app code  : TEVTJ1l8FEe3f4OZDMLcUw
2022-09-07 16:07:10,969 :: DEBUG :: Thread-37 :: ssotools :: __send_token_request :: Request to get token sent to URL https://login.eveonline.com/v2/oauth/token with headers {'Content-Type': 'application/x-www-form-urlencoded', 'Host': 'login.eveonline.com', 'Authorization': 'Basic ZDc5MmU4ZWU1ODBiNDAwYzhkZDllZWJkM2M0NjhjY2U6TzNNUUdHVUxFZ1ZkZlVBSXljZEp2R0owYjBNWnU5QXdsdlZLVU04eA=='} and form values: {'grant_type': 'authorization_code', 'code': 'TEVTJ1l8FEe3f4OZDMLcUw'}
2022-09-07 16:07:10,971 :: DEBUG :: Thread-37 :: ssotools :: 
Verifying access token JWT...
2022-09-07 16:07:11,040 :: INFO :: Thread-37 :: ssotools :: 
Success! log to Eve
2022-09-07 16:07:11,348 :: DEBUG :: Thread-37 :: app :: Callback -- Store token in DB --
2022-09-07 16:07:11,349 :: DEBUG :: Thread-37 :: app :: Callback -- SSO Refresh  : None
2022-09-07 16:07:11,349 :: DEBUG :: Thread-37 :: app :: Callback --  SSO access_token  : eyJhbGciOiJSUzI1NiIsImtpZCI6IkpXVC1TaWduYXR1cmUtS2V5IiwidHlwIjoiSldUIn0.eyJzY3AiOlsicHVibGljRGF0YSIsImVzaS13YWxsZXQucmVhZF9jaGFyYWN0ZXJfd2FsbGV0LnYxIiwiZXNpLWNoYXJhY3RlcnMucmVhZF9jb250YWN0cy52MSIsImVzaS1jaGFyYWN0ZXJzLnJlYWRfYWdlbnRzX3Jlc2VhcmNoLnYxIiwiZXNpLWluZHVzdHJ5LnJlYWRfY2hhcmFjdGVyX2pvYnMudjEiLCJlc2ktY2hhcmFjdGVycy5yZWFkX2JsdWVwcmludHMudjEiLCJlc2ktd2FsbGV0LnJlYWRfY29ycG9yYXRpb25fd2FsbGV0cy52MSJdLCJqdGkiOiIwNTBhMDE5Yy02NzY5LTRkZWMtOWQzNS1jZmVkMzFlNDEwZWUiLCJraWQiOiJKV1QtU2lnbmF0dXJlLUtleSIsInN1YiI6IkNIQVJBQ1RFUjpFVkU6MjExNzgxNjQwMiIsImF6cCI6ImQ3OTJlOGVlNTgwYjQwMGM4ZGQ5ZWViZDNjNDY4Y2NlIiwidGVuYW50IjoidHJhbnF1aWxpdHkiLCJ0aWVyIjoibGl2ZSIsInJlZ2lvbiI6IndvcmxkIiwiYXVkIjoiRVZFIE9ubGluZSIsIm5hbWUiOiJtaXJhaWxsYSBzYW5kZXIiLCJvd25lciI6InpQRUNacHZwcjlDRk5iRU5wbmhhTFczbmRmcz0iLCJleHAiOjE2NjI1NjA4MzAsImlhdCI6MTY2MjU1OTYzMCwiaXNzIjoibG9naW4uZXZlb25saW5lLmNvbSJ9.K5-bWSGPg2-aTCoB2V4dhyP6BSg8WfsmdtQG3U2GWCLEBD8pzG6S27MnHYL0fJBLwNu4EwSbuj5HkHoU-6Tg5JLcL1ecqUswXrsFBsMLqqBPxmsJaC-Dj-Vqc-Y-E-SE9IkVqzQFSkE9YvXHIeaijJB23EnG0g4tJr3UZnoVwu4Q_EeOUXCfR4QUn4JWAPk1XnmhdtFBgQLKD3PMN_2ivbeNIb8K3C_rQzqGrxrPIFfIDLXYJDiJg8mDgzoIrEDe8Sl8vuhNpmkYQzVg-JeBQTlo7DOy6BOie-ZItzoeetI8klMO50uYyF6IxyvurHLZ9qPsN6jP2QZujVqb4P6pMQ
2022-09-07 16:07:11,451 :: DEBUG :: Thread-38 :: app :: home - user UUID 3vJB97ElMaRpJabLgobyM8ht7VD2
2022-09-07 16:07:11,531 :: DEBUG :: Thread-38 :: app :: home - token valid : True
2022-09-07 16:07:13,248 :: DEBUG :: Thread-38 :: ssotools :: authentification URL : https://login.eveonline.com/v2/oauth/authorize/?response_type=code&redirect_uri=http%3A%2F%2Flocalhost%3A8080%2Fsso%2Fcallback&client_id=d792e8ee580b400c8dd9eebd3c468cce&scope=publicData+esi-wallet.read_character_wallet.v1+esi-characters.read_contacts.v1+esi-characters.read_agents_research.v1+esi-industry.read_character_jobs.v1+esi-characters.read_blueprints.v1+esi-wallet.read_corporation_wallets.v1&state=unique-state
2022-09-07 16:07:13,250 :: DEBUG :: Thread-38 :: ssotools :: authentification URL : https://login.eveonline.com/v2/oauth/authorize/?response_type=code&redirect_uri=http%3A%2F%2Flocalhost%3A8080%2Fsso%2Fcallback&client_id=d792e8ee580b400c8dd9eebd3c468cce&scope=publicData+esi-wallet.read_character_wallet.v1+esi-characters.read_contacts.v1+esi-characters.read_agents_research.v1+esi-industry.read_character_jobs.v1+esi-characters.read_blueprints.v1+esi-wallet.read_corporation_wallets.v1&state=unique-state
2022-09-07 16:07:24,797 :: DEBUG :: Thread-52 :: ssotools :: authentification URL : https://login.eveonline.com/v2/oauth/authorize/?response_type=code&redirect_uri=http%3A%2F%2Flocalhost%3A8080%2Fsso%2Fcallback&client_id=d792e8ee580b400c8dd9eebd3c468cce&scope=publicData+esi-wallet.read_character_wallet.v1+esi-characters.read_contacts.v1+esi-characters.read_agents_research.v1+esi-industry.read_character_jobs.v1+esi-characters.read_blueprints.v1+esi-wallet.read_corporation_wallets.v1&state=unique-state
2022-09-07 16:10:06,543 :: INFO :: MainThread :: _internal ::  * Restarting with stat
2022-09-07 16:10:42,032 :: DEBUG :: Thread-23 :: app :: serLogin --- [31;20m token google re√ßu %s[0m
2022-09-07 16:10:42,174 :: DEBUG :: Thread-23 :: loggin :: sub ID : 3vJB97ElMaRpJabLgobyM8ht7VD2
2022-09-07 16:10:42,287 :: DEBUG :: Thread-25 :: app :: home - user UUID 3vJB97ElMaRpJabLgobyM8ht7VD2
2022-09-07 16:10:42,343 :: DEBUG :: Thread-25 :: app :: home - token valid : True
2022-09-07 16:10:43,689 :: DEBUG :: Thread-25 :: ssotools :: authentification URL : https://login.eveonline.com/v2/oauth/authorize/?response_type=code&redirect_uri=http%3A%2F%2Flocalhost%3A8080%2Fsso%2Fcallback&client_id=d792e8ee580b400c8dd9eebd3c468cce&scope=publicData+esi-wallet.read_character_wallet.v1+esi-characters.read_contacts.v1+esi-characters.read_agents_research.v1+esi-industry.read_character_jobs.v1+esi-characters.read_blueprints.v1+esi-wallet.read_corporation_wallets.v1&state=unique-state
2022-09-07 16:10:43,705 :: DEBUG :: Thread-25 :: ssotools :: authentification URL : https://login.eveonline.com/v2/oauth/authorize/?response_type=code&redirect_uri=http%3A%2F%2Flocalhost%3A8080%2Fsso%2Fcallback&client_id=d792e8ee580b400c8dd9eebd3c468cce&scope=publicData+esi-wallet.read_character_wallet.v1+esi-characters.read_contacts.v1+esi-characters.read_agents_research.v1+esi-industry.read_character_jobs.v1+esi-characters.read_blueprints.v1+esi-wallet.read_corporation_wallets.v1&state=unique-state
2022-09-07 16:10:44,025 :: DEBUG :: Thread-28 :: app :: home - user UUID 3vJB97ElMaRpJabLgobyM8ht7VD2
2022-09-07 16:10:44,088 :: DEBUG :: Thread-28 :: app :: home - token valid : True
2022-09-07 16:10:45,185 :: DEBUG :: Thread-28 :: ssotools :: authentification URL : https://login.eveonline.com/v2/oauth/authorize/?response_type=code&redirect_uri=http%3A%2F%2Flocalhost%3A8080%2Fsso%2Fcallback&client_id=d792e8ee580b400c8dd9eebd3c468cce&scope=publicData+esi-wallet.read_character_wallet.v1+esi-characters.read_contacts.v1+esi-characters.read_agents_research.v1+esi-industry.read_character_jobs.v1+esi-characters.read_blueprints.v1+esi-wallet.read_corporation_wallets.v1&state=unique-state
2022-09-07 16:10:45,187 :: DEBUG :: Thread-28 :: ssotools :: authentification URL : https://login.eveonline.com/v2/oauth/authorize/?response_type=code&redirect_uri=http%3A%2F%2Flocalhost%3A8080%2Fsso%2Fcallback&client_id=d792e8ee580b400c8dd9eebd3c468cce&scope=publicData+esi-wallet.read_character_wallet.v1+esi-characters.read_contacts.v1+esi-characters.read_agents_research.v1+esi-industry.read_character_jobs.v1+esi-characters.read_blueprints.v1+esi-wallet.read_corporation_wallets.v1&state=unique-state
2022-09-07 16:10:57,058 :: DEBUG :: Thread-42 :: ssotools :: authentification URL : https://login.eveonline.com/v2/oauth/authorize/?response_type=code&redirect_uri=http%3A%2F%2Flocalhost%3A8080%2Fsso%2Fcallback&client_id=d792e8ee580b400c8dd9eebd3c468cce&scope=publicData+esi-wallet.read_character_wallet.v1+esi-characters.read_contacts.v1+esi-characters.read_agents_research.v1+esi-industry.read_character_jobs.v1+esi-characters.read_blueprints.v1+esi-wallet.read_corporation_wallets.v1&state=unique-state
2022-09-07 16:11:04,345 :: DEBUG :: Thread-54 :: ssotools :: authentification URL : https://login.eveonline.com/v2/oauth/authorize/?response_type=code&redirect_uri=http%3A%2F%2Flocalhost%3A8080%2Fsso%2Fcallback&client_id=d792e8ee580b400c8dd9eebd3c468cce&scope=publicData+esi-wallet.read_character_wallet.v1+esi-characters.read_contacts.v1+esi-characters.read_agents_research.v1+esi-industry.read_character_jobs.v1+esi-characters.read_blueprints.v1+esi-wallet.read_corporation_wallets.v1&state=unique-state
2022-09-07 16:12:18,605 :: INFO :: MainThread :: _internal ::  * Restarting with stat
2022-09-07 16:12:20,727 :: INFO :: Thread-8 :: _internal ::  * Running on http://127.0.0.1:8080/ (Press CTRL+C to quit)
2022-09-07 16:12:21,420 :: INFO :: Thread-9 :: _internal :: 127.0.0.1 - - [07/Sep/2022 16:12:21] "[35m[1mGET /gobalcropowallet HTTP/1.1[0m" 500 -
2022-09-07 16:12:21,437 :: ERROR :: Thread-9 :: _internal :: Error on request:
Traceback (most recent call last):
  File "C:\dev\MyTinyFactory\env\Lib\site-packages\flask_login\utils.py", line 277, in decorated_view
    return current_app.ensure_sync(func)(*args, **kwargs)
  File "C:\dev\MyTinyFactory\src\app.py", line 190, in gobalcropowallet
    return render_template('mainCorporateWallet.html',dUser_ref=dUser_ref,ssoEve=sso,portrait=carac.getPhotoUrl())
AttributeError: 'NoneType' object has no attribute 'getPhotoUrl'

During handling of the above exception, another exception occurred:

Traceback (most recent call last):
  File "C:\dev\MyTinyFactory\env\Lib\site-packages\werkzeug\serving.py", line 324, in run_wsgi
    execute(self.server.app)
  File "C:\dev\MyTinyFactory\env\Lib\site-packages\werkzeug\serving.py", line 313, in execute
    application_iter = app(environ, start_response)
  File "C:\dev\MyTinyFactory\env\Lib\site-packages\flask\app.py", line 2091, in __call__
    return self.wsgi_app(environ, start_response)
  File "C:\dev\MyTinyFactory\env\Lib\site-packages\flask\app.py", line 2076, in wsgi_app
    response = self.handle_exception(e)
  File "C:\dev\MyTinyFactory\env\Lib\site-packages\flask\app.py", line 2073, in wsgi_app
    response = self.full_dispatch_request()
  File "C:\dev\MyTinyFactory\env\Lib\site-packages\flask\app.py", line 1518, in full_dispatch_request
    rv = self.handle_user_exception(e)
  File "C:\dev\MyTinyFactory\env\Lib\site-packages\flask\app.py", line 1516, in full_dispatch_request
    rv = self.dispatch_request()
  File "C:\dev\MyTinyFactory\env\Lib\site-packages\flask\app.py", line 1502, in dispatch_request
    return self.ensure_sync(self.view_functions[rule.endpoint])(**req.view_args)
  File "C:\dev\MyTinyFactory\env\Lib\site-packages\flask_login\utils.py", line 279, in decorated_view
    return func(*args, **kwargs)
  File "C:\dev\MyTinyFactory\src\app.py", line 190, in gobalcropowallet
    return render_template('mainCorporateWallet.html',dUser_ref=dUser_ref,ssoEve=sso,portrait=carac.getPhotoUrl())
AttributeError: 'NoneType' object has no attribute 'getPhotoUrl'
2022-09-07 16:12:42,394 :: DEBUG :: Thread-16 :: app :: home - user UUID 3vJB97ElMaRpJabLgobyM8ht7VD2
2022-09-07 16:12:42,463 :: DEBUG :: Thread-16 :: app :: home - token valid : True
2022-09-07 16:12:43,573 :: DEBUG :: Thread-16 :: ssotools :: authentification URL : https://login.eveonline.com/v2/oauth/authorize/?response_type=code&redirect_uri=http%3A%2F%2Flocalhost%3A8080%2Fsso%2Fcallback&client_id=d792e8ee580b400c8dd9eebd3c468cce&scope=publicData+esi-wallet.read_character_wallet.v1+esi-characters.read_contacts.v1+esi-characters.read_agents_research.v1+esi-industry.read_character_jobs.v1+esi-characters.read_blueprints.v1+esi-wallet.read_corporation_wallets.v1&state=unique-state
2022-09-07 16:12:43,609 :: DEBUG :: Thread-16 :: ssotools :: authentification URL : https://login.eveonline.com/v2/oauth/authorize/?response_type=code&redirect_uri=http%3A%2F%2Flocalhost%3A8080%2Fsso%2Fcallback&client_id=d792e8ee580b400c8dd9eebd3c468cce&scope=publicData+esi-wallet.read_character_wallet.v1+esi-characters.read_contacts.v1+esi-characters.read_agents_research.v1+esi-industry.read_character_jobs.v1+esi-characters.read_blueprints.v1+esi-wallet.read_corporation_wallets.v1&state=unique-state
2022-09-07 16:12:43,613 :: INFO :: Thread-16 :: _internal :: 127.0.0.1 - - [07/Sep/2022 16:12:43] "GET /home HTTP/1.1" 200 -
2022-09-07 16:12:44,366 :: INFO :: Thread-20 :: _internal :: 127.0.0.1 - - [07/Sep/2022 16:12:44] "[36mGET /static/assets/js/app.min.js HTTP/1.1[0m" 304 -
2022-09-07 16:12:44,375 :: INFO :: Thread-17 :: _internal :: 127.0.0.1 - - [07/Sep/2022 16:12:44] "[36mGET /static/assets/js/vendor.min.js HTTP/1.1[0m" 304 -
2022-09-07 16:12:44,691 :: INFO :: Thread-25 :: _internal :: 127.0.0.1 - - [07/Sep/2022 16:12:44] "[36mGET /static/assets/css/images/cover.jpg HTTP/1.1[0m" 304 -
2022-09-07 16:12:44,912 :: INFO :: Thread-24 :: _internal :: 127.0.0.1 - - [07/Sep/2022 16:12:44] "[36mGET /static/assets/css/images/logo.png HTTP/1.1[0m" 304 -
2022-09-07 16:12:44,928 :: INFO :: Thread-21 :: _internal :: 127.0.0.1 - - [07/Sep/2022 16:12:44] "[36mGET /static/assets/css/fonts/bootstrap-icons.woff2?8d200481aa7f02a2d63a331fc782cfaf HTTP/1.1[0m" 304 -
2022-09-07 16:12:44,929 :: INFO :: Thread-23 :: _internal :: 127.0.0.1 - - [07/Sep/2022 16:12:44] "[36mGET /static/assets/css/images/pattern.png HTTP/1.1[0m" 304 -
2022-09-07 16:12:44,937 :: INFO :: Thread-22 :: _internal :: 127.0.0.1 - - [07/Sep/2022 16:12:44] "[36mGET /static/assets/webfonts/fa-solid-900.woff2 HTTP/1.1[0m" 304 -
2022-09-07 16:13:03,499 :: DEBUG :: Thread-26 :: ssotools :: authentification URL : https://login.eveonline.com/v2/oauth/authorize/?response_type=code&redirect_uri=http%3A%2F%2Flocalhost%3A8080%2Fsso%2Fcallback&client_id=d792e8ee580b400c8dd9eebd3c468cce&scope=publicData+esi-wallet.read_character_wallet.v1+esi-characters.read_contacts.v1+esi-characters.read_agents_research.v1+esi-industry.read_character_jobs.v1+esi-characters.read_blueprints.v1+esi-wallet.read_corporation_wallets.v1&state=unique-state
2022-09-07 16:13:03,502 :: INFO :: Thread-26 :: _internal :: 127.0.0.1 - - [07/Sep/2022 16:13:03] "GET /gobalcropowallet HTTP/1.1" 200 -
2022-09-07 16:13:03,519 :: INFO :: Thread-27 :: _internal :: 127.0.0.1 - - [07/Sep/2022 16:13:03] "[36mGET /static/assets/css/vendor.min.css HTTP/1.1[0m" 304 -
2022-09-07 16:13:03,526 :: INFO :: Thread-30 :: _internal :: 127.0.0.1 - - [07/Sep/2022 16:13:03] "[36mGET /static/assets/css/app.min.css HTTP/1.1[0m" 304 -
2022-09-07 16:13:03,830 :: INFO :: Thread-31 :: _internal :: 127.0.0.1 - - [07/Sep/2022 16:13:03] "[36mGET /static/assets/css/fonts/bootstrap-icons.woff2?8d200481aa7f02a2d63a331fc782cfaf HTTP/1.1[0m" 304 -
2022-09-07 16:13:03,832 :: INFO :: Thread-32 :: _internal :: 127.0.0.1 - - [07/Sep/2022 16:13:03] "[36mGET /static/assets/webfonts/fa-solid-900.woff2 HTTP/1.1[0m" 304 -
2022-09-07 16:13:03,882 :: INFO :: Thread-33 :: _internal :: 127.0.0.1 - - [07/Sep/2022 16:13:03] "[36mGET /static/assets/js/vendor.min.js HTTP/1.1[0m" 304 -
2022-09-07 16:13:03,886 :: INFO :: Thread-34 :: _internal :: 127.0.0.1 - - [07/Sep/2022 16:13:03] "[36mGET /static/assets/js/app.min.js HTTP/1.1[0m" 304 -
2022-09-07 16:13:03,889 :: INFO :: Thread-35 :: _internal :: 127.0.0.1 - - [07/Sep/2022 16:13:03] "[36mGET /static/assets/css/images/pattern.png HTTP/1.1[0m" 304 -
2022-09-07 16:13:03,895 :: INFO :: Thread-36 :: _internal :: 127.0.0.1 - - [07/Sep/2022 16:13:03] "[36mGET /static/assets/css/images/logo.png HTTP/1.1[0m" 304 -
2022-09-07 16:13:04,151 :: INFO :: Thread-37 :: _internal :: 127.0.0.1 - - [07/Sep/2022 16:13:04] "[36mGET /static/assets/css/images/cover.jpg HTTP/1.1[0m" 304 -
2022-09-07 16:21:21,023 :: INFO :: MainThread :: _internal ::  * Restarting with stat
2022-09-07 16:21:26,502 :: INFO :: Thread-8 :: _internal ::  * Running on http://127.0.0.1:8080/ (Press CTRL+C to quit)
2022-09-07 16:21:39,448 :: INFO :: Thread-9 :: _internal :: 127.0.0.1 - - [07/Sep/2022 16:21:39] "[35m[1mGET /gobalcropowallet HTTP/1.1[0m" 500 -
2022-09-07 16:21:39,539 :: ERROR :: Thread-9 :: _internal :: Error on request:
Traceback (most recent call last):
  File "C:\dev\MyTinyFactory\env\Lib\site-packages\flask_login\utils.py", line 277, in decorated_view
    return current_app.ensure_sync(func)(*args, **kwargs)
  File "C:\dev\MyTinyFactory\src\app.py", line 190, in gobalcropowallet
    return render_template('mainCorporateWallet.html',dUser_ref=dUser_ref,ssoEve=sso,portrait=carac.getPhotoUrl())
AttributeError: 'NoneType' object has no attribute 'getPhotoUrl'

During handling of the above exception, another exception occurred:

Traceback (most recent call last):
  File "C:\dev\MyTinyFactory\env\Lib\site-packages\werkzeug\serving.py", line 324, in run_wsgi
    execute(self.server.app)
  File "C:\dev\MyTinyFactory\env\Lib\site-packages\werkzeug\serving.py", line 313, in execute
    application_iter = app(environ, start_response)
  File "C:\dev\MyTinyFactory\env\Lib\site-packages\flask\app.py", line 2091, in __call__
    return self.wsgi_app(environ, start_response)
  File "C:\dev\MyTinyFactory\env\Lib\site-packages\flask\app.py", line 2076, in wsgi_app
    response = self.handle_exception(e)
  File "C:\dev\MyTinyFactory\env\Lib\site-packages\flask\app.py", line 2073, in wsgi_app
    response = self.full_dispatch_request()
  File "C:\dev\MyTinyFactory\env\Lib\site-packages\flask\app.py", line 1518, in full_dispatch_request
    rv = self.handle_user_exception(e)
  File "C:\dev\MyTinyFactory\env\Lib\site-packages\flask\app.py", line 1516, in full_dispatch_request
    rv = self.dispatch_request()
  File "C:\dev\MyTinyFactory\env\Lib\site-packages\flask\app.py", line 1502, in dispatch_request
    return self.ensure_sync(self.view_functions[rule.endpoint])(**req.view_args)
  File "C:\dev\MyTinyFactory\env\Lib\site-packages\flask_login\utils.py", line 279, in decorated_view
    return func(*args, **kwargs)
  File "C:\dev\MyTinyFactory\src\app.py", line 190, in gobalcropowallet
    return render_template('mainCorporateWallet.html',dUser_ref=dUser_ref,ssoEve=sso,portrait=carac.getPhotoUrl())
AttributeError: 'NoneType' object has no attribute 'getPhotoUrl'
2022-09-07 16:22:19,514 :: INFO :: Thread-17 :: _internal :: 127.0.0.1 - - [07/Sep/2022 16:22:19] "GET / HTTP/1.1" 200 -
2022-09-07 16:22:21,265 :: INFO :: Thread-19 :: _internal :: 127.0.0.1 - - [07/Sep/2022 16:22:21] "[36mGET /static/login.js HTTP/1.1[0m" 304 -
2022-09-07 16:22:21,279 :: INFO :: Thread-18 :: _internal :: 127.0.0.1 - - [07/Sep/2022 16:22:21] "[36mGET /static/style.css HTTP/1.1[0m" 304 -
2022-09-07 16:22:22,138 :: DEBUG :: Thread-20 :: app :: serLogin --- [31;20m token google re√ßu %s[0m
2022-09-07 16:22:22,321 :: DEBUG :: Thread-20 :: loggin :: sub ID : 3vJB97ElMaRpJabLgobyM8ht7VD2
2022-09-07 16:22:22,486 :: INFO :: Thread-20 :: _internal :: 127.0.0.1 - - [07/Sep/2022 16:22:22] "[32mPOST /login HTTP/1.1[0m" 302 -
2022-09-07 16:22:22,492 :: DEBUG :: Thread-22 :: app :: home - user UUID 3vJB97ElMaRpJabLgobyM8ht7VD2
2022-09-07 16:22:22,579 :: DEBUG :: Thread-22 :: app :: home - token valid : True
2022-09-07 16:22:24,721 :: DEBUG :: Thread-22 :: ssotools :: authentification URL : https://login.eveonline.com/v2/oauth/authorize/?response_type=code&redirect_uri=http%3A%2F%2Flocalhost%3A8080%2Fsso%2Fcallback&client_id=d792e8ee580b400c8dd9eebd3c468cce&scope=publicData+esi-wallet.read_character_wallet.v1+esi-characters.read_contacts.v1+esi-characters.read_agents_research.v1+esi-industry.read_character_jobs.v1+esi-characters.read_blueprints.v1+esi-wallet.read_corporation_wallets.v1&state=unique-state
2022-09-07 16:22:24,772 :: DEBUG :: Thread-22 :: ssotools :: authentification URL : https://login.eveonline.com/v2/oauth/authorize/?response_type=code&redirect_uri=http%3A%2F%2Flocalhost%3A8080%2Fsso%2Fcallback&client_id=d792e8ee580b400c8dd9eebd3c468cce&scope=publicData+esi-wallet.read_character_wallet.v1+esi-characters.read_contacts.v1+esi-characters.read_agents_research.v1+esi-industry.read_character_jobs.v1+esi-characters.read_blueprints.v1+esi-wallet.read_corporation_wallets.v1&state=unique-state
2022-09-07 16:22:24,784 :: INFO :: Thread-22 :: _internal :: 127.0.0.1 - - [07/Sep/2022 16:22:24] "GET /home HTTP/1.1" 200 -
2022-09-07 16:22:26,520 :: INFO :: Thread-25 :: _internal :: 127.0.0.1 - - [07/Sep/2022 16:22:26] "GET / HTTP/1.1" 200 -
2022-09-07 16:22:26,583 :: INFO :: Thread-26 :: _internal :: 127.0.0.1 - - [07/Sep/2022 16:22:26] "[36mGET /static/style.css HTTP/1.1[0m" 304 -
2022-09-07 16:22:26,783 :: INFO :: Thread-27 :: _internal :: 127.0.0.1 - - [07/Sep/2022 16:22:26] "[36mGET /static/login.js HTTP/1.1[0m" 304 -
2022-09-07 16:22:27,390 :: DEBUG :: Thread-28 :: app :: serLogin --- [31;20m token google re√ßu %s[0m
2022-09-07 16:22:27,465 :: DEBUG :: Thread-28 :: loggin :: sub ID : 3vJB97ElMaRpJabLgobyM8ht7VD2
2022-09-07 16:22:27,599 :: INFO :: Thread-28 :: _internal :: 127.0.0.1 - - [07/Sep/2022 16:22:27] "[32mPOST /login HTTP/1.1[0m" 302 -
2022-09-07 16:22:27,642 :: DEBUG :: Thread-30 :: app :: home - user UUID 3vJB97ElMaRpJabLgobyM8ht7VD2
2022-09-07 16:22:27,708 :: DEBUG :: Thread-30 :: app :: home - token valid : True
2022-09-07 16:22:28,260 :: INFO :: Thread-33 :: _internal :: 127.0.0.1 - - [07/Sep/2022 16:22:28] "GET / HTTP/1.1" 200 -
2022-09-07 16:22:28,749 :: INFO :: Thread-34 :: _internal :: 127.0.0.1 - - [07/Sep/2022 16:22:28] "[36mGET /static/style.css HTTP/1.1[0m" 304 -
2022-09-07 16:22:28,757 :: INFO :: Thread-35 :: _internal :: 127.0.0.1 - - [07/Sep/2022 16:22:28] "[36mGET /static/login.js HTTP/1.1[0m" 304 -
2022-09-07 16:22:29,068 :: DEBUG :: Thread-36 :: app :: serLogin --- [31;20m token google re√ßu %s[0m
2022-09-07 16:22:29,149 :: DEBUG :: Thread-36 :: loggin :: sub ID : 3vJB97ElMaRpJabLgobyM8ht7VD2
2022-09-07 16:22:29,308 :: INFO :: Thread-36 :: _internal :: 127.0.0.1 - - [07/Sep/2022 16:22:29] "[32mPOST /login HTTP/1.1[0m" 302 -
2022-09-07 16:22:29,524 :: DEBUG :: Thread-30 :: ssotools :: authentification URL : https://login.eveonline.com/v2/oauth/authorize/?response_type=code&redirect_uri=http%3A%2F%2Flocalhost%3A8080%2Fsso%2Fcallback&client_id=d792e8ee580b400c8dd9eebd3c468cce&scope=publicData+esi-wallet.read_character_wallet.v1+esi-characters.read_contacts.v1+esi-characters.read_agents_research.v1+esi-industry.read_character_jobs.v1+esi-characters.read_blueprints.v1+esi-wallet.read_corporation_wallets.v1&state=unique-state
2022-09-07 16:22:29,531 :: DEBUG :: Thread-30 :: ssotools :: authentification URL : https://login.eveonline.com/v2/oauth/authorize/?response_type=code&redirect_uri=http%3A%2F%2Flocalhost%3A8080%2Fsso%2Fcallback&client_id=d792e8ee580b400c8dd9eebd3c468cce&scope=publicData+esi-wallet.read_character_wallet.v1+esi-characters.read_contacts.v1+esi-characters.read_agents_research.v1+esi-industry.read_character_jobs.v1+esi-characters.read_blueprints.v1+esi-wallet.read_corporation_wallets.v1&state=unique-state
2022-09-07 16:22:29,537 :: INFO :: Thread-30 :: _internal :: 127.0.0.1 - - [07/Sep/2022 16:22:29] "GET /home HTTP/1.1" 200 -
2022-09-07 16:22:29,633 :: DEBUG :: Thread-38 :: app :: serLogin --- [31;20m token google re√ßu %s[0m
2022-09-07 16:22:29,706 :: DEBUG :: Thread-38 :: loggin :: sub ID : 3vJB97ElMaRpJabLgobyM8ht7VD2
2022-09-07 16:22:29,799 :: INFO :: Thread-38 :: _internal :: 127.0.0.1 - - [07/Sep/2022 16:22:29] "[32mPOST /login HTTP/1.1[0m" 302 -
2022-09-07 16:22:29,903 :: DEBUG :: Thread-40 :: app :: home - user UUID 3vJB97ElMaRpJabLgobyM8ht7VD2
2022-09-07 16:22:29,990 :: DEBUG :: Thread-40 :: app :: home - token valid : True
2022-09-07 16:22:31,482 :: DEBUG :: Thread-40 :: ssotools :: authentification URL : https://login.eveonline.com/v2/oauth/authorize/?response_type=code&redirect_uri=http%3A%2F%2Flocalhost%3A8080%2Fsso%2Fcallback&client_id=d792e8ee580b400c8dd9eebd3c468cce&scope=publicData+esi-wallet.read_character_wallet.v1+esi-characters.read_contacts.v1+esi-characters.read_agents_research.v1+esi-industry.read_character_jobs.v1+esi-characters.read_blueprints.v1+esi-wallet.read_corporation_wallets.v1&state=unique-state
2022-09-07 16:22:31,490 :: DEBUG :: Thread-40 :: ssotools :: authentification URL : https://login.eveonline.com/v2/oauth/authorize/?response_type=code&redirect_uri=http%3A%2F%2Flocalhost%3A8080%2Fsso%2Fcallback&client_id=d792e8ee580b400c8dd9eebd3c468cce&scope=publicData+esi-wallet.read_character_wallet.v1+esi-characters.read_contacts.v1+esi-characters.read_agents_research.v1+esi-industry.read_character_jobs.v1+esi-characters.read_blueprints.v1+esi-wallet.read_corporation_wallets.v1&state=unique-state
2022-09-07 16:22:31,496 :: INFO :: Thread-40 :: _internal :: 127.0.0.1 - - [07/Sep/2022 16:22:31] "GET /home HTTP/1.1" 200 -
2022-09-07 16:22:31,527 :: DEBUG :: Thread-43 :: app :: home - user UUID 3vJB97ElMaRpJabLgobyM8ht7VD2
2022-09-07 16:22:31,606 :: DEBUG :: Thread-43 :: app :: home - token valid : True
2022-09-07 16:22:33,188 :: DEBUG :: Thread-43 :: ssotools :: authentification URL : https://login.eveonline.com/v2/oauth/authorize/?response_type=code&redirect_uri=http%3A%2F%2Flocalhost%3A8080%2Fsso%2Fcallback&client_id=d792e8ee580b400c8dd9eebd3c468cce&scope=publicData+esi-wallet.read_character_wallet.v1+esi-characters.read_contacts.v1+esi-characters.read_agents_research.v1+esi-industry.read_character_jobs.v1+esi-characters.read_blueprints.v1+esi-wallet.read_corporation_wallets.v1&state=unique-state
2022-09-07 16:22:33,196 :: DEBUG :: Thread-43 :: ssotools :: authentification URL : https://login.eveonline.com/v2/oauth/authorize/?response_type=code&redirect_uri=http%3A%2F%2Flocalhost%3A8080%2Fsso%2Fcallback&client_id=d792e8ee580b400c8dd9eebd3c468cce&scope=publicData+esi-wallet.read_character_wallet.v1+esi-characters.read_contacts.v1+esi-characters.read_agents_research.v1+esi-industry.read_character_jobs.v1+esi-characters.read_blueprints.v1+esi-wallet.read_corporation_wallets.v1&state=unique-state
2022-09-07 16:22:33,203 :: INFO :: Thread-43 :: _internal :: 127.0.0.1 - - [07/Sep/2022 16:22:33] "GET /home HTTP/1.1" 200 -
2022-09-07 16:22:33,246 :: INFO :: Thread-46 :: _internal :: 127.0.0.1 - - [07/Sep/2022 16:22:33] "[36mGET /static/assets/css/vendor.min.css HTTP/1.1[0m" 304 -
2022-09-07 16:22:33,561 :: INFO :: Thread-47 :: _internal :: 127.0.0.1 - - [07/Sep/2022 16:22:33] "[36mGET /static/assets/css/app.min.css HTTP/1.1[0m" 304 -
2022-09-07 16:22:33,582 :: INFO :: Thread-48 :: _internal :: 127.0.0.1 - - [07/Sep/2022 16:22:33] "[36mGET /static/assets/js/vendor.min.js HTTP/1.1[0m" 304 -
2022-09-07 16:22:33,586 :: INFO :: Thread-49 :: _internal :: 127.0.0.1 - - [07/Sep/2022 16:22:33] "[36mGET /static/assets/js/app.min.js HTTP/1.1[0m" 304 -
2022-09-07 16:22:34,104 :: INFO :: Thread-50 :: _internal :: 127.0.0.1 - - [07/Sep/2022 16:22:34] "[36mGET /static/assets/webfonts/fa-solid-900.woff2 HTTP/1.1[0m" 304 -
2022-09-07 16:22:34,104 :: INFO :: Thread-51 :: _internal :: 127.0.0.1 - - [07/Sep/2022 16:22:34] "[36mGET /static/assets/css/fonts/bootstrap-icons.woff2?8d200481aa7f02a2d63a331fc782cfaf HTTP/1.1[0m" 304 -
2022-09-07 16:22:34,124 :: INFO :: Thread-52 :: _internal :: 127.0.0.1 - - [07/Sep/2022 16:22:34] "[36mGET /static/assets/css/images/pattern.png HTTP/1.1[0m" 304 -
2022-09-07 16:22:34,213 :: INFO :: Thread-53 :: _internal :: 127.0.0.1 - - [07/Sep/2022 16:22:34] "[36mGET /static/assets/css/images/logo.png HTTP/1.1[0m" 304 -
2022-09-07 16:22:34,220 :: INFO :: Thread-54 :: _internal :: 127.0.0.1 - - [07/Sep/2022 16:22:34] "[36mGET /static/assets/css/images/cover.jpg HTTP/1.1[0m" 304 -
2022-09-07 16:22:46,855 :: DEBUG :: Thread-56 :: ssotools :: authentification URL : https://login.eveonline.com/v2/oauth/authorize/?response_type=code&redirect_uri=http%3A%2F%2Flocalhost%3A8080%2Fsso%2Fcallback&client_id=d792e8ee580b400c8dd9eebd3c468cce&scope=publicData+esi-wallet.read_character_wallet.v1+esi-characters.read_contacts.v1+esi-characters.read_agents_research.v1+esi-industry.read_character_jobs.v1+esi-characters.read_blueprints.v1+esi-wallet.read_corporation_wallets.v1&state=unique-state
2022-09-07 16:22:46,855 :: INFO :: Thread-56 :: _internal :: 127.0.0.1 - - [07/Sep/2022 16:22:46] "GET /gobalcropowallet HTTP/1.1" 200 -
2022-09-07 16:22:46,907 :: INFO :: Thread-60 :: _internal :: 127.0.0.1 - - [07/Sep/2022 16:22:46] "[36mGET /static/assets/css/app.min.css HTTP/1.1[0m" 304 -
2022-09-07 16:22:46,912 :: INFO :: Thread-57 :: _internal :: 127.0.0.1 - - [07/Sep/2022 16:22:46] "[36mGET /static/assets/css/vendor.min.css HTTP/1.1[0m" 304 -
2022-09-07 16:22:47,229 :: INFO :: Thread-61 :: _internal :: 127.0.0.1 - - [07/Sep/2022 16:22:47] "[36mGET /static/assets/css/fonts/bootstrap-icons.woff2?8d200481aa7f02a2d63a331fc782cfaf HTTP/1.1[0m" 304 -
2022-09-07 16:22:47,236 :: INFO :: Thread-62 :: _internal :: 127.0.0.1 - - [07/Sep/2022 16:22:47] "[36mGET /static/assets/webfonts/fa-solid-900.woff2 HTTP/1.1[0m" 304 -
2022-09-07 16:22:47,318 :: INFO :: Thread-63 :: _internal :: 127.0.0.1 - - [07/Sep/2022 16:22:47] "[36mGET /static/assets/js/vendor.min.js HTTP/1.1[0m" 304 -
2022-09-07 16:22:47,337 :: INFO :: Thread-64 :: _internal :: 127.0.0.1 - - [07/Sep/2022 16:22:47] "[36mGET /static/assets/js/app.min.js HTTP/1.1[0m" 304 -
2022-09-07 16:22:47,344 :: INFO :: Thread-65 :: _internal :: 127.0.0.1 - - [07/Sep/2022 16:22:47] "[36mGET /static/assets/css/images/pattern.png HTTP/1.1[0m" 304 -
2022-09-07 16:22:47,357 :: INFO :: Thread-66 :: _internal :: 127.0.0.1 - - [07/Sep/2022 16:22:47] "[36mGET /static/assets/css/images/logo.png HTTP/1.1[0m" 304 -
2022-09-07 16:22:47,556 :: INFO :: Thread-67 :: _internal :: 127.0.0.1 - - [07/Sep/2022 16:22:47] "[36mGET /static/assets/css/images/cover.jpg HTTP/1.1[0m" 304 -
2022-09-07 16:23:05,473 :: DEBUG :: Thread-68 :: app :: home - user UUID 3vJB97ElMaRpJabLgobyM8ht7VD2
2022-09-07 16:23:05,567 :: DEBUG :: Thread-68 :: app :: home - token valid : True
2022-09-07 16:23:06,958 :: DEBUG :: Thread-68 :: ssotools :: authentification URL : https://login.eveonline.com/v2/oauth/authorize/?response_type=code&redirect_uri=http%3A%2F%2Flocalhost%3A8080%2Fsso%2Fcallback&client_id=d792e8ee580b400c8dd9eebd3c468cce&scope=publicData+esi-wallet.read_character_wallet.v1+esi-characters.read_contacts.v1+esi-characters.read_agents_research.v1+esi-industry.read_character_jobs.v1+esi-characters.read_blueprints.v1+esi-wallet.read_corporation_wallets.v1&state=unique-state
2022-09-07 16:23:06,966 :: DEBUG :: Thread-68 :: ssotools :: authentification URL : https://login.eveonline.com/v2/oauth/authorize/?response_type=code&redirect_uri=http%3A%2F%2Flocalhost%3A8080%2Fsso%2Fcallback&client_id=d792e8ee580b400c8dd9eebd3c468cce&scope=publicData+esi-wallet.read_character_wallet.v1+esi-characters.read_contacts.v1+esi-characters.read_agents_research.v1+esi-industry.read_character_jobs.v1+esi-characters.read_blueprints.v1+esi-wallet.read_corporation_wallets.v1&state=unique-state
2022-09-07 16:23:06,972 :: INFO :: Thread-68 :: _internal :: 127.0.0.1 - - [07/Sep/2022 16:23:06] "GET /home HTTP/1.1" 200 -
2022-09-07 16:23:07,033 :: INFO :: Thread-72 :: _internal :: 127.0.0.1 - - [07/Sep/2022 16:23:07] "[36mGET /static/assets/css/app.min.css HTTP/1.1[0m" 304 -
2022-09-07 16:23:07,036 :: INFO :: Thread-69 :: _internal :: 127.0.0.1 - - [07/Sep/2022 16:23:07] "[36mGET /static/assets/css/vendor.min.css HTTP/1.1[0m" 304 -
2022-09-07 16:23:07,334 :: INFO :: Thread-73 :: _internal :: 127.0.0.1 - - [07/Sep/2022 16:23:07] "[36mGET /static/assets/js/vendor.min.js HTTP/1.1[0m" 304 -
2022-09-07 16:23:07,351 :: INFO :: Thread-74 :: _internal :: 127.0.0.1 - - [07/Sep/2022 16:23:07] "[36mGET /static/assets/js/app.min.js HTTP/1.1[0m" 304 -
2022-09-07 16:23:07,405 :: INFO :: Thread-75 :: _internal :: 127.0.0.1 - - [07/Sep/2022 16:23:07] "[36mGET /static/assets/css/images/pattern.png HTTP/1.1[0m" 304 -
2022-09-07 16:23:07,420 :: INFO :: Thread-76 :: _internal :: 127.0.0.1 - - [07/Sep/2022 16:23:07] "[36mGET /static/assets/css/images/logo.png HTTP/1.1[0m" 304 -
2022-09-07 16:23:07,434 :: INFO :: Thread-77 :: _internal :: 127.0.0.1 - - [07/Sep/2022 16:23:07] "[36mGET /static/assets/css/images/cover.jpg HTTP/1.1[0m" 304 -
2022-09-07 16:23:18,323 :: DEBUG :: Thread-78 :: ssotools :: authentification URL : https://login.eveonline.com/v2/oauth/authorize/?response_type=code&redirect_uri=http%3A%2F%2Flocalhost%3A8080%2Fsso%2Fcallback&client_id=d792e8ee580b400c8dd9eebd3c468cce&scope=publicData+esi-wallet.read_character_wallet.v1+esi-characters.read_contacts.v1+esi-characters.read_agents_research.v1+esi-industry.read_character_jobs.v1+esi-characters.read_blueprints.v1+esi-wallet.read_corporation_wallets.v1&state=unique-state
2022-09-07 16:23:18,327 :: INFO :: Thread-78 :: _internal :: 127.0.0.1 - - [07/Sep/2022 16:23:18] "GET /gobalcropowallet HTTP/1.1" 200 -
2022-09-07 16:23:18,386 :: INFO :: Thread-80 :: _internal :: 127.0.0.1 - - [07/Sep/2022 16:23:18] "[36mGET /static/assets/css/vendor.min.css HTTP/1.1[0m" 304 -
2022-09-07 16:23:18,509 :: INFO :: Thread-82 :: _internal :: 127.0.0.1 - - [07/Sep/2022 16:23:18] "[36mGET /static/assets/css/app.min.css HTTP/1.1[0m" 304 -
2022-09-07 16:23:18,724 :: INFO :: Thread-83 :: _internal :: 127.0.0.1 - - [07/Sep/2022 16:23:18] "[36mGET /static/assets/js/vendor.min.js HTTP/1.1[0m" 304 -
2022-09-07 16:23:18,736 :: INFO :: Thread-84 :: _internal :: 127.0.0.1 - - [07/Sep/2022 16:23:18] "[36mGET /static/assets/js/app.min.js HTTP/1.1[0m" 304 -
2022-09-07 16:23:18,982 :: INFO :: Thread-85 :: _internal :: 127.0.0.1 - - [07/Sep/2022 16:23:18] "[36mGET /static/assets/css/images/pattern.png HTTP/1.1[0m" 304 -
2022-09-07 16:23:18,990 :: INFO :: Thread-86 :: _internal :: 127.0.0.1 - - [07/Sep/2022 16:23:18] "[36mGET /static/assets/css/images/logo.png HTTP/1.1[0m" 304 -
2022-09-07 16:23:19,005 :: INFO :: Thread-87 :: _internal :: 127.0.0.1 - - [07/Sep/2022 16:23:19] "[36mGET /static/assets/css/images/cover.jpg HTTP/1.1[0m" 304 -
2022-09-07 16:27:29,990 :: INFO :: Thread-88 :: _internal :: 127.0.0.1 - - [07/Sep/2022 16:27:29] "[35m[1mGET /gobalcropowallet HTTP/1.1[0m" 500 -
2022-09-07 16:27:30,048 :: ERROR :: Thread-88 :: _internal :: Error on request:
Traceback (most recent call last):
  File "C:\dev\MyTinyFactory\env\Lib\site-packages\werkzeug\serving.py", line 324, in run_wsgi
    execute(self.server.app)
  File "C:\dev\MyTinyFactory\env\Lib\site-packages\werkzeug\serving.py", line 313, in execute
    application_iter = app(environ, start_response)
  File "C:\dev\MyTinyFactory\env\Lib\site-packages\flask\app.py", line 2091, in __call__
    return self.wsgi_app(environ, start_response)
  File "C:\dev\MyTinyFactory\env\Lib\site-packages\flask\app.py", line 2076, in wsgi_app
    response = self.handle_exception(e)
  File "C:\dev\MyTinyFactory\env\Lib\site-packages\flask\app.py", line 2073, in wsgi_app
    response = self.full_dispatch_request()
  File "C:\dev\MyTinyFactory\env\Lib\site-packages\flask\app.py", line 1518, in full_dispatch_request
    rv = self.handle_user_exception(e)
  File "C:\dev\MyTinyFactory\env\Lib\site-packages\flask\app.py", line 1516, in full_dispatch_request
    rv = self.dispatch_request()
  File "C:\dev\MyTinyFactory\env\Lib\site-packages\flask\app.py", line 1502, in dispatch_request
    return self.ensure_sync(self.view_functions[rule.endpoint])(**req.view_args)
  File "C:\dev\MyTinyFactory\env\Lib\site-packages\flask_login\utils.py", line 277, in decorated_view
    return current_app.ensure_sync(func)(*args, **kwargs)
  File "C:\dev\MyTinyFactory\src\app.py", line 190, in gobalcropowallet
    return render_template('mainCorporateWallet.html',dUser_ref=dUser_ref,ssoEve=sso,portrait=carac.getPhotoUrl())
  File "C:\dev\MyTinyFactory\env\Lib\site-packages\flask\templating.py", line 148, in render_template
    ctx.app.jinja_env.get_or_select_template(template_name_or_list),
  File "C:\dev\MyTinyFactory\env\Lib\site-packages\jinja2\environment.py", line 1068, in get_or_select_template
    return self.get_template(template_name_or_list, parent, globals)
  File "C:\dev\MyTinyFactory\env\Lib\site-packages\jinja2\environment.py", line 997, in get_template
    return self._load_template(name, globals)
  File "C:\dev\MyTinyFactory\env\Lib\site-packages\jinja2\environment.py", line 958, in _load_template
    template = self.loader.load(self, name, self.make_globals(globals))
  File "C:\dev\MyTinyFactory\env\Lib\site-packages\jinja2\loaders.py", line 137, in load
    code = environment.compile(source, name, filename)
  File "C:\dev\MyTinyFactory\env\Lib\site-packages\jinja2\environment.py", line 757, in compile
    self.handle_exception(source=source_hint)
  File "C:\dev\MyTinyFactory\env\Lib\site-packages\jinja2\environment.py", line 925, in handle_exception
    raise rewrite_traceback_stack(source=source)
  File "C:\dev\MyTinyFactory\src\templates\mainCorporateWallet.html", line 30, in template
    {% endblock content %}
jinja2.exceptions.TemplateSyntaxError: Encountered unknown tag 'endblock'. You probably made a nesting mistake. Jinja is expecting this tag, but currently looking for 'endfor' or 'else'. The innermost block that needs to be closed is 'for'.
2022-09-07 16:28:07,717 :: DEBUG :: Thread-93 :: ssotools :: authentification URL : https://login.eveonline.com/v2/oauth/authorize/?response_type=code&redirect_uri=http%3A%2F%2Flocalhost%3A8080%2Fsso%2Fcallback&client_id=d792e8ee580b400c8dd9eebd3c468cce&scope=publicData+esi-wallet.read_character_wallet.v1+esi-characters.read_contacts.v1+esi-characters.read_agents_research.v1+esi-industry.read_character_jobs.v1+esi-characters.read_blueprints.v1+esi-wallet.read_corporation_wallets.v1&state=unique-state
2022-09-07 16:28:07,728 :: INFO :: Thread-93 :: _internal :: 127.0.0.1 - - [07/Sep/2022 16:28:07] "GET /gobalcropowallet HTTP/1.1" 200 -
2022-09-07 16:28:07,768 :: INFO :: Thread-94 :: _internal :: 127.0.0.1 - - [07/Sep/2022 16:28:07] "[36mGET /static/assets/css/vendor.min.css HTTP/1.1[0m" 304 -
2022-09-07 16:28:07,897 :: INFO :: Thread-97 :: _internal :: 127.0.0.1 - - [07/Sep/2022 16:28:07] "[36mGET /static/assets/css/app.min.css HTTP/1.1[0m" 304 -
2022-09-07 16:28:08,096 :: INFO :: Thread-98 :: _internal :: 127.0.0.1 - - [07/Sep/2022 16:28:08] "[36mGET /static/assets/css/fonts/bootstrap-icons.woff2?8d200481aa7f02a2d63a331fc782cfaf HTTP/1.1[0m" 304 -
2022-09-07 16:28:08,108 :: INFO :: Thread-99 :: _internal :: 127.0.0.1 - - [07/Sep/2022 16:28:08] "[36mGET /static/assets/webfonts/fa-solid-900.woff2 HTTP/1.1[0m" 304 -
2022-09-07 16:28:08,312 :: INFO :: Thread-100 :: _internal :: 127.0.0.1 - - [07/Sep/2022 16:28:08] "[36mGET /static/assets/js/vendor.min.js HTTP/1.1[0m" 304 -
2022-09-07 16:28:08,336 :: INFO :: Thread-101 :: _internal :: 127.0.0.1 - - [07/Sep/2022 16:28:08] "[36mGET /static/assets/js/app.min.js HTTP/1.1[0m" 304 -
2022-09-07 16:28:08,345 :: INFO :: Thread-102 :: _internal :: 127.0.0.1 - - [07/Sep/2022 16:28:08] "[36mGET /static/assets/css/images/pattern.png HTTP/1.1[0m" 304 -
2022-09-07 16:28:08,373 :: INFO :: Thread-103 :: _internal :: 127.0.0.1 - - [07/Sep/2022 16:28:08] "[36mGET /static/assets/css/images/logo.png HTTP/1.1[0m" 304 -
2022-09-07 16:28:08,431 :: INFO :: Thread-104 :: _internal :: 127.0.0.1 - - [07/Sep/2022 16:28:08] "[36mGET /static/assets/css/images/cover.jpg HTTP/1.1[0m" 304 -
2022-09-07 16:30:34,110 :: DEBUG :: Thread-105 :: ssotools :: authentification URL : https://login.eveonline.com/v2/oauth/authorize/?response_type=code&redirect_uri=http%3A%2F%2Flocalhost%3A8080%2Fsso%2Fcallback&client_id=d792e8ee580b400c8dd9eebd3c468cce&scope=publicData+esi-wallet.read_character_wallet.v1+esi-characters.read_contacts.v1+esi-characters.read_agents_research.v1+esi-industry.read_character_jobs.v1+esi-characters.read_blueprints.v1+esi-wallet.read_corporation_wallets.v1&state=unique-state
2022-09-07 16:30:34,119 :: INFO :: Thread-105 :: _internal :: 127.0.0.1 - - [07/Sep/2022 16:30:34] "GET /gobalcropowallet HTTP/1.1" 200 -
2022-09-07 16:30:34,177 :: INFO :: Thread-106 :: _internal :: 127.0.0.1 - - [07/Sep/2022 16:30:34] "[36mGET /static/assets/css/vendor.min.css HTTP/1.1[0m" 304 -
2022-09-07 16:30:34,258 :: INFO :: Thread-109 :: _internal :: 127.0.0.1 - - [07/Sep/2022 16:30:34] "[36mGET /static/assets/css/app.min.css HTTP/1.1[0m" 304 -
2022-09-07 16:30:34,509 :: INFO :: Thread-110 :: _internal :: 127.0.0.1 - - [07/Sep/2022 16:30:34] "[36mGET /static/assets/css/fonts/bootstrap-icons.woff2?8d200481aa7f02a2d63a331fc782cfaf HTTP/1.1[0m" 304 -
2022-09-07 16:30:34,515 :: INFO :: Thread-111 :: _internal :: 127.0.0.1 - - [07/Sep/2022 16:30:34] "[36mGET /static/assets/webfonts/fa-solid-900.woff2 HTTP/1.1[0m" 304 -
2022-09-07 16:30:34,663 :: INFO :: Thread-112 :: _internal :: 127.0.0.1 - - [07/Sep/2022 16:30:34] "[36mGET /static/assets/js/vendor.min.js HTTP/1.1[0m" 304 -
2022-09-07 16:30:34,679 :: INFO :: Thread-114 :: _internal :: 127.0.0.1 - - [07/Sep/2022 16:30:34] "[36mGET /static/assets/css/images/pattern.png HTTP/1.1[0m" 304 -
2022-09-07 16:30:34,689 :: INFO :: Thread-113 :: _internal :: 127.0.0.1 - - [07/Sep/2022 16:30:34] "[36mGET /static/assets/js/app.min.js HTTP/1.1[0m" 304 -
2022-09-07 16:30:34,707 :: INFO :: Thread-115 :: _internal :: 127.0.0.1 - - [07/Sep/2022 16:30:34] "[36mGET /static/assets/css/images/logo.png HTTP/1.1[0m" 304 -
2022-09-07 16:30:34,832 :: INFO :: Thread-116 :: _internal :: 127.0.0.1 - - [07/Sep/2022 16:30:34] "[36mGET /static/assets/css/images/cover.jpg HTTP/1.1[0m" 304 -
2022-09-07 16:31:12,110 :: DEBUG :: Thread-117 :: ssotools :: authentification URL : https://login.eveonline.com/v2/oauth/authorize/?response_type=code&redirect_uri=http%3A%2F%2Flocalhost%3A8080%2Fsso%2Fcallback&client_id=d792e8ee580b400c8dd9eebd3c468cce&scope=publicData+esi-wallet.read_character_wallet.v1+esi-characters.read_contacts.v1+esi-characters.read_agents_research.v1+esi-industry.read_character_jobs.v1+esi-characters.read_blueprints.v1+esi-wallet.read_corporation_wallets.v1&state=unique-state
2022-09-07 16:31:12,120 :: INFO :: Thread-117 :: _internal :: 127.0.0.1 - - [07/Sep/2022 16:31:12] "GET /gobalcropowallet HTTP/1.1" 200 -
2022-09-07 16:31:12,172 :: INFO :: Thread-118 :: _internal :: 127.0.0.1 - - [07/Sep/2022 16:31:12] "[36mGET /static/assets/css/vendor.min.css HTTP/1.1[0m" 304 -
2022-09-07 16:31:12,274 :: INFO :: Thread-121 :: _internal :: 127.0.0.1 - - [07/Sep/2022 16:31:12] "[36mGET /static/assets/css/app.min.css HTTP/1.1[0m" 304 -
2022-09-07 16:31:12,487 :: INFO :: Thread-122 :: _internal :: 127.0.0.1 - - [07/Sep/2022 16:31:12] "[36mGET /static/assets/css/fonts/bootstrap-icons.woff2?8d200481aa7f02a2d63a331fc782cfaf HTTP/1.1[0m" 304 -
2022-09-07 16:31:12,496 :: INFO :: Thread-123 :: _internal :: 127.0.0.1 - - [07/Sep/2022 16:31:12] "[36mGET /static/assets/webfonts/fa-solid-900.woff2 HTTP/1.1[0m" 304 -
2022-09-07 16:31:12,669 :: INFO :: Thread-124 :: _internal :: 127.0.0.1 - - [07/Sep/2022 16:31:12] "[36mGET /static/assets/js/vendor.min.js HTTP/1.1[0m" 304 -
2022-09-07 16:31:12,686 :: INFO :: Thread-125 :: _internal :: 127.0.0.1 - - [07/Sep/2022 16:31:12] "[36mGET /static/assets/js/app.min.js HTTP/1.1[0m" 304 -
2022-09-07 16:31:12,694 :: INFO :: Thread-126 :: _internal :: 127.0.0.1 - - [07/Sep/2022 16:31:12] "[36mGET /static/assets/css/images/pattern.png HTTP/1.1[0m" 304 -
2022-09-07 16:31:12,710 :: INFO :: Thread-127 :: _internal :: 127.0.0.1 - - [07/Sep/2022 16:31:12] "[36mGET /static/assets/css/images/logo.png HTTP/1.1[0m" 304 -
2022-09-07 16:31:12,810 :: INFO :: Thread-128 :: _internal :: 127.0.0.1 - - [07/Sep/2022 16:31:12] "[36mGET /static/assets/css/images/cover.jpg HTTP/1.1[0m" 304 -
2022-09-07 16:34:46,494 :: DEBUG :: Thread-129 :: ssotools :: authentification URL : https://login.eveonline.com/v2/oauth/authorize/?response_type=code&redirect_uri=http%3A%2F%2Flocalhost%3A8080%2Fsso%2Fcallback&client_id=d792e8ee580b400c8dd9eebd3c468cce&scope=publicData+esi-wallet.read_character_wallet.v1+esi-characters.read_contacts.v1+esi-characters.read_agents_research.v1+esi-industry.read_character_jobs.v1+esi-characters.read_blueprints.v1+esi-wallet.read_corporation_wallets.v1&state=unique-state
2022-09-07 16:34:46,503 :: INFO :: Thread-129 :: _internal :: 127.0.0.1 - - [07/Sep/2022 16:34:46] "GET /gobalcropowallet HTTP/1.1" 200 -
2022-09-07 16:34:46,553 :: INFO :: Thread-130 :: _internal :: 127.0.0.1 - - [07/Sep/2022 16:34:46] "[36mGET /static/assets/css/vendor.min.css HTTP/1.1[0m" 304 -
2022-09-07 16:34:46,659 :: INFO :: Thread-133 :: _internal :: 127.0.0.1 - - [07/Sep/2022 16:34:46] "[36mGET /static/assets/css/app.min.css HTTP/1.1[0m" 304 -
2022-09-07 16:34:46,875 :: INFO :: Thread-134 :: _internal :: 127.0.0.1 - - [07/Sep/2022 16:34:46] "[36mGET /static/assets/css/fonts/bootstrap-icons.woff2?8d200481aa7f02a2d63a331fc782cfaf HTTP/1.1[0m" 304 -
2022-09-07 16:34:46,883 :: INFO :: Thread-135 :: _internal :: 127.0.0.1 - - [07/Sep/2022 16:34:46] "[36mGET /static/assets/webfonts/fa-solid-900.woff2 HTTP/1.1[0m" 304 -
2022-09-07 16:34:47,081 :: INFO :: Thread-136 :: _internal :: 127.0.0.1 - - [07/Sep/2022 16:34:47] "[36mGET /static/assets/js/vendor.min.js HTTP/1.1[0m" 304 -
2022-09-07 16:34:47,089 :: INFO :: Thread-137 :: _internal :: 127.0.0.1 - - [07/Sep/2022 16:34:47] "[36mGET /static/assets/js/app.min.js HTTP/1.1[0m" 304 -
2022-09-07 16:34:47,100 :: INFO :: Thread-138 :: _internal :: 127.0.0.1 - - [07/Sep/2022 16:34:47] "[36mGET /static/assets/css/images/pattern.png HTTP/1.1[0m" 304 -
2022-09-07 16:34:47,116 :: INFO :: Thread-139 :: _internal :: 127.0.0.1 - - [07/Sep/2022 16:34:47] "[36mGET /static/assets/css/images/logo.png HTTP/1.1[0m" 304 -
2022-09-07 16:34:47,218 :: INFO :: Thread-140 :: _internal :: 127.0.0.1 - - [07/Sep/2022 16:34:47] "[36mGET /static/assets/css/images/cover.jpg HTTP/1.1[0m" 304 -
2022-09-07 16:39:02,199 :: INFO :: MainThread :: _internal ::  * Detected change in 'C:\\dev\\MyTinyFactory\\src\\app.py', reloading
2022-09-07 16:39:03,068 :: INFO :: MainThread :: _internal ::  * Restarting with stat
2022-09-07 16:39:54,152 :: INFO :: MainThread :: _internal ::  * Restarting with stat
2022-09-07 16:40:08,585 :: INFO :: MainThread :: _internal ::  * Restarting with stat
2022-09-07 16:40:18,991 :: INFO :: MainThread :: _internal ::  * Restarting with stat
2022-09-07 16:41:23,547 :: INFO :: MainThread :: _internal ::  * Restarting with stat
2022-09-07 16:41:46,526 :: INFO :: MainThread :: _internal ::  * Restarting with stat
2022-09-07 16:43:55,910 :: INFO :: MainThread :: _internal ::  * Restarting with stat
2022-09-07 16:46:39,599 :: INFO :: MainThread :: _internal ::  * Restarting with stat
2022-09-07 16:46:44,524 :: INFO :: Thread-8 :: _internal ::  * Running on http://127.0.0.1:8080/ (Press CTRL+C to quit)
2022-09-07 16:46:50,465 :: INFO :: Thread-9 :: _internal :: 127.0.0.1 - - [07/Sep/2022 16:46:50] "[35m[1mGET /gobalcropowallet HTTP/1.1[0m" 500 -
2022-09-07 16:46:50,517 :: ERROR :: Thread-9 :: _internal :: Error on request:
Traceback (most recent call last):
  File "C:\dev\MyTinyFactory\env\Lib\site-packages\flask_login\utils.py", line 277, in decorated_view
    return current_app.ensure_sync(func)(*args, **kwargs)
  File "C:\dev\MyTinyFactory\src\app.py", line 191, in gobalcropowallet
    corpoWallet : CorporationWalletProxy = CorporationWalletProxy(carac.corporation_id,sso)
AttributeError: 'NoneType' object has no attribute 'corporation_id'

During handling of the above exception, another exception occurred:

Traceback (most recent call last):
  File "C:\dev\MyTinyFactory\env\Lib\site-packages\werkzeug\serving.py", line 324, in run_wsgi
    execute(self.server.app)
  File "C:\dev\MyTinyFactory\env\Lib\site-packages\werkzeug\serving.py", line 313, in execute
    application_iter = app(environ, start_response)
  File "C:\dev\MyTinyFactory\env\Lib\site-packages\flask\app.py", line 2091, in __call__
    return self.wsgi_app(environ, start_response)
  File "C:\dev\MyTinyFactory\env\Lib\site-packages\flask\app.py", line 2076, in wsgi_app
    response = self.handle_exception(e)
  File "C:\dev\MyTinyFactory\env\Lib\site-packages\flask\app.py", line 2073, in wsgi_app
    response = self.full_dispatch_request()
  File "C:\dev\MyTinyFactory\env\Lib\site-packages\flask\app.py", line 1518, in full_dispatch_request
    rv = self.handle_user_exception(e)
  File "C:\dev\MyTinyFactory\env\Lib\site-packages\flask\app.py", line 1516, in full_dispatch_request
    rv = self.dispatch_request()
  File "C:\dev\MyTinyFactory\env\Lib\site-packages\flask\app.py", line 1502, in dispatch_request
    return self.ensure_sync(self.view_functions[rule.endpoint])(**req.view_args)
  File "C:\dev\MyTinyFactory\env\Lib\site-packages\flask_login\utils.py", line 279, in decorated_view
    return func(*args, **kwargs)
  File "C:\dev\MyTinyFactory\src\app.py", line 191, in gobalcropowallet
    corpoWallet : CorporationWalletProxy = CorporationWalletProxy(carac.corporation_id,sso)
AttributeError: 'NoneType' object has no attribute 'corporation_id'
2022-09-07 16:46:57,649 :: DEBUG :: Thread-17 :: app :: home - user UUID 3vJB97ElMaRpJabLgobyM8ht7VD2
2022-09-07 16:46:57,722 :: DEBUG :: Thread-17 :: app :: home - token valid : False
2022-09-07 16:46:57,722 :: DEBUG :: Thread-17 :: ssotools :: authentification URL : https://login.eveonline.com/v2/oauth/authorize/?response_type=code&redirect_uri=http%3A%2F%2Flocalhost%3A8080%2Fsso%2Fcallback&client_id=d792e8ee580b400c8dd9eebd3c468cce&scope=publicData+esi-wallet.read_character_wallet.v1+esi-characters.read_contacts.v1+esi-characters.read_agents_research.v1+esi-industry.read_character_jobs.v1+esi-characters.read_blueprints.v1+esi-wallet.read_corporation_wallets.v1&state=unique-state
2022-09-07 16:46:57,816 :: DEBUG :: Thread-17 :: ssotools :: authentification URL : https://login.eveonline.com/v2/oauth/authorize/?response_type=code&redirect_uri=http%3A%2F%2Flocalhost%3A8080%2Fsso%2Fcallback&client_id=d792e8ee580b400c8dd9eebd3c468cce&scope=publicData+esi-wallet.read_character_wallet.v1+esi-characters.read_contacts.v1+esi-characters.read_agents_research.v1+esi-industry.read_character_jobs.v1+esi-characters.read_blueprints.v1+esi-wallet.read_corporation_wallets.v1&state=unique-state
2022-09-07 16:46:57,823 :: DEBUG :: Thread-17 :: ssotools :: authentification URL : https://login.eveonline.com/v2/oauth/authorize/?response_type=code&redirect_uri=http%3A%2F%2Flocalhost%3A8080%2Fsso%2Fcallback&client_id=d792e8ee580b400c8dd9eebd3c468cce&scope=publicData+esi-wallet.read_character_wallet.v1+esi-characters.read_contacts.v1+esi-characters.read_agents_research.v1+esi-industry.read_character_jobs.v1+esi-characters.read_blueprints.v1+esi-wallet.read_corporation_wallets.v1&state=unique-state
2022-09-07 16:46:57,831 :: INFO :: Thread-17 :: _internal :: 127.0.0.1 - - [07/Sep/2022 16:46:57] "GET /home HTTP/1.1" 200 -
2022-09-07 16:47:00,936 :: INFO :: Thread-18 :: _internal :: 127.0.0.1 - - [07/Sep/2022 16:47:00] "[36mGET /static/assets/css/vendor.min.css HTTP/1.1[0m" 304 -
2022-09-07 16:47:01,004 :: INFO :: Thread-23 :: _internal :: 127.0.0.1 - - [07/Sep/2022 16:47:01] "[36mGET /static/assets/js/app.min.js HTTP/1.1[0m" 304 -
2022-09-07 16:47:01,023 :: INFO :: Thread-22 :: _internal :: 127.0.0.1 - - [07/Sep/2022 16:47:01] "[36mGET /static/assets/js/vendor.min.js HTTP/1.1[0m" 304 -
2022-09-07 16:47:01,065 :: INFO :: Thread-21 :: _internal :: 127.0.0.1 - - [07/Sep/2022 16:47:01] "[36mGET /static/assets/css/app.min.css HTTP/1.1[0m" 304 -
2022-09-07 16:47:01,521 :: INFO :: Thread-24 :: _internal :: 127.0.0.1 - - [07/Sep/2022 16:47:01] "[36mGET /static/assets/css/fonts/bootstrap-icons.woff2?8d200481aa7f02a2d63a331fc782cfaf HTTP/1.1[0m" 304 -
2022-09-07 16:47:01,538 :: INFO :: Thread-25 :: _internal :: 127.0.0.1 - - [07/Sep/2022 16:47:01] "[36mGET /static/assets/webfonts/fa-solid-900.woff2 HTTP/1.1[0m" 304 -
2022-09-07 16:47:01,552 :: INFO :: Thread-26 :: _internal :: 127.0.0.1 - - [07/Sep/2022 16:47:01] "[36mGET /static/assets/css/images/pattern.png HTTP/1.1[0m" 304 -
2022-09-07 16:47:01,700 :: INFO :: Thread-27 :: _internal :: 127.0.0.1 - - [07/Sep/2022 16:47:01] "[36mGET /static/assets/css/images/logo.png HTTP/1.1[0m" 304 -
2022-09-07 16:47:01,705 :: INFO :: Thread-28 :: _internal :: 127.0.0.1 - - [07/Sep/2022 16:47:01] "[36mGET /static/assets/css/images/cover.jpg HTTP/1.1[0m" 304 -
2022-09-07 16:47:15,417 :: DEBUG :: Thread-30 :: app :: token app code  : alKq_wqVCkyhVffHCYyQzw
2022-09-07 16:47:15,673 :: DEBUG :: Thread-30 :: ssotools :: __send_token_request :: Request to get token sent to URL https://login.eveonline.com/v2/oauth/token with headers {'Content-Type': 'application/x-www-form-urlencoded', 'Host': 'login.eveonline.com', 'Authorization': 'Basic ZDc5MmU4ZWU1ODBiNDAwYzhkZDllZWJkM2M0NjhjY2U6TzNNUUdHVUxFZ1ZkZlVBSXljZEp2R0owYjBNWnU5QXdsdlZLVU04eA=='} and form values: {'grant_type': 'authorization_code', 'code': 'alKq_wqVCkyhVffHCYyQzw'}
2022-09-07 16:47:15,678 :: DEBUG :: Thread-30 :: ssotools :: 
Verifying access token JWT...
2022-09-07 16:47:15,815 :: INFO :: Thread-30 :: ssotools :: 
Success! log to Eve
2022-09-07 16:47:16,028 :: DEBUG :: Thread-30 :: app :: Callback -- Store token in DB --
2022-09-07 16:47:16,028 :: DEBUG :: Thread-30 :: app :: Callback -- SSO Refresh  : None
2022-09-07 16:47:16,036 :: DEBUG :: Thread-30 :: app :: Callback --  SSO access_token  : eyJhbGciOiJSUzI1NiIsImtpZCI6IkpXVC1TaWduYXR1cmUtS2V5IiwidHlwIjoiSldUIn0.eyJzY3AiOlsicHVibGljRGF0YSIsImVzaS13YWxsZXQucmVhZF9jaGFyYWN0ZXJfd2FsbGV0LnYxIiwiZXNpLWNoYXJhY3RlcnMucmVhZF9jb250YWN0cy52MSIsImVzaS1jaGFyYWN0ZXJzLnJlYWRfYWdlbnRzX3Jlc2VhcmNoLnYxIiwiZXNpLWluZHVzdHJ5LnJlYWRfY2hhcmFjdGVyX2pvYnMudjEiLCJlc2ktY2hhcmFjdGVycy5yZWFkX2JsdWVwcmludHMudjEiLCJlc2ktd2FsbGV0LnJlYWRfY29ycG9yYXRpb25fd2FsbGV0cy52MSJdLCJqdGkiOiIyMDA1MmNiYy0yNjRjLTRiMDctYWQ1Zi1iNDAyMTI1ZjFiZDYiLCJraWQiOiJKV1QtU2lnbmF0dXJlLUtleSIsInN1YiI6IkNIQVJBQ1RFUjpFVkU6MjExNzgxNjQwMiIsImF6cCI6ImQ3OTJlOGVlNTgwYjQwMGM4ZGQ5ZWViZDNjNDY4Y2NlIiwidGVuYW50IjoidHJhbnF1aWxpdHkiLCJ0aWVyIjoibGl2ZSIsInJlZ2lvbiI6IndvcmxkIiwiYXVkIjoiRVZFIE9ubGluZSIsIm5hbWUiOiJtaXJhaWxsYSBzYW5kZXIiLCJvd25lciI6InpQRUNacHZwcjlDRk5iRU5wbmhhTFczbmRmcz0iLCJleHAiOjE2NjI1NjMyMzUsImlhdCI6MTY2MjU2MjAzNSwiaXNzIjoibG9naW4uZXZlb25saW5lLmNvbSJ9.F1sygR1pvo35Bah0jLNYdD6EKAPb4rcKEfX3al0ayQYsSYWdZny05rDj-Zk5HZYvgr0nqbLxHxd8YWLuqAywaH9iurKQcuKxrJTNMKXku_IXZl8X7wN4PrP0jdhPherqoIXmlbd8zdDko1bjNtzBSvrNlVnTyOn9fm7U8RrfCfwQEypoA7aJJtfdRsv26Afl0I9DXPGnk41NXtTh0aD7x65yjpII1PSELMELMvKVUmQta9Z4Y0xiCRJFwSMQih__Dm_TA8YHykaENwAakSB88d1CHTjeg0i6YY7Ez-z2cJFWiLi3TITfi555PHLEtGJpMqI0X06rjTAsP3Es83Ggzw
2022-09-07 16:47:16,162 :: INFO :: Thread-30 :: _internal :: 127.0.0.1 - - [07/Sep/2022 16:47:16] "[32mGET /sso/callback?code=alKq_wqVCkyhVffHCYyQzw&state=unique-state HTTP/1.1[0m" 302 -
2022-09-07 16:47:16,182 :: DEBUG :: Thread-31 :: app :: home - user UUID 3vJB97ElMaRpJabLgobyM8ht7VD2
2022-09-07 16:47:16,251 :: DEBUG :: Thread-31 :: app :: home - token valid : True
2022-09-07 16:47:17,572 :: DEBUG :: Thread-31 :: ssotools :: authentification URL : https://login.eveonline.com/v2/oauth/authorize/?response_type=code&redirect_uri=http%3A%2F%2Flocalhost%3A8080%2Fsso%2Fcallback&client_id=d792e8ee580b400c8dd9eebd3c468cce&scope=publicData+esi-wallet.read_character_wallet.v1+esi-characters.read_contacts.v1+esi-characters.read_agents_research.v1+esi-industry.read_character_jobs.v1+esi-characters.read_blueprints.v1+esi-wallet.read_corporation_wallets.v1&state=unique-state
2022-09-07 16:47:17,578 :: DEBUG :: Thread-31 :: ssotools :: authentification URL : https://login.eveonline.com/v2/oauth/authorize/?response_type=code&redirect_uri=http%3A%2F%2Flocalhost%3A8080%2Fsso%2Fcallback&client_id=d792e8ee580b400c8dd9eebd3c468cce&scope=publicData+esi-wallet.read_character_wallet.v1+esi-characters.read_contacts.v1+esi-characters.read_agents_research.v1+esi-industry.read_character_jobs.v1+esi-characters.read_blueprints.v1+esi-wallet.read_corporation_wallets.v1&state=unique-state
2022-09-07 16:47:17,579 :: INFO :: Thread-31 :: _internal :: 127.0.0.1 - - [07/Sep/2022 16:47:17] "GET /home HTTP/1.1" 200 -
2022-09-07 16:47:18,186 :: INFO :: Thread-35 :: _internal :: 127.0.0.1 - - [07/Sep/2022 16:47:18] "[36mGET /static/assets/css/vendor.min.css HTTP/1.1[0m" 304 -
2022-09-07 16:47:18,197 :: INFO :: Thread-36 :: _internal :: 127.0.0.1 - - [07/Sep/2022 16:47:18] "[36mGET /static/assets/css/app.min.css HTTP/1.1[0m" 304 -
2022-09-07 16:47:18,229 :: INFO :: Thread-37 :: _internal :: 127.0.0.1 - - [07/Sep/2022 16:47:18] "[36mGET /static/assets/js/vendor.min.js HTTP/1.1[0m" 304 -
2022-09-07 16:47:18,237 :: INFO :: Thread-38 :: _internal :: 127.0.0.1 - - [07/Sep/2022 16:47:18] "[36mGET /static/assets/js/app.min.js HTTP/1.1[0m" 304 -
2022-09-07 16:47:18,443 :: INFO :: Thread-39 :: _internal :: 127.0.0.1 - - [07/Sep/2022 16:47:18] "[36mGET /static/assets/css/images/pattern.png HTTP/1.1[0m" 304 -
2022-09-07 16:47:18,781 :: INFO :: Thread-40 :: _internal :: 127.0.0.1 - - [07/Sep/2022 16:47:18] "[36mGET /static/assets/css/fonts/bootstrap-icons.woff2?8d200481aa7f02a2d63a331fc782cfaf HTTP/1.1[0m" 304 -
2022-09-07 16:47:18,789 :: INFO :: Thread-41 :: _internal :: 127.0.0.1 - - [07/Sep/2022 16:47:18] "[36mGET /static/assets/webfonts/fa-solid-900.woff2 HTTP/1.1[0m" 304 -
2022-09-07 16:47:18,953 :: INFO :: Thread-42 :: _internal :: 127.0.0.1 - - [07/Sep/2022 16:47:18] "[36mGET /static/assets/css/images/logo.png HTTP/1.1[0m" 304 -
2022-09-07 16:47:18,953 :: INFO :: Thread-43 :: _internal :: 127.0.0.1 - - [07/Sep/2022 16:47:18] "[36mGET /static/assets/css/images/cover.jpg HTTP/1.1[0m" 304 -
2022-09-07 16:47:27,315 :: INFO :: Thread-44 :: _internal :: 127.0.0.1 - - [07/Sep/2022 16:47:27] "[35m[1mGET /gobalcropowallet HTTP/1.1[0m" 500 -
2022-09-07 16:47:27,367 :: ERROR :: Thread-44 :: _internal :: Error on request:
Traceback (most recent call last):
  File "C:\dev\MyTinyFactory\env\Lib\site-packages\flask_login\utils.py", line 277, in decorated_view
    return current_app.ensure_sync(func)(*args, **kwargs)
  File "C:\dev\MyTinyFactory\src\app.py", line 191, in gobalcropowallet
    corpoWallet : CorporationWalletProxy = CorporationWalletProxy(carac.corporation_id,sso)
  File "C:\dev\MyTinyFactory\src\eveGateway\CropoWalletProxy.py", line 25, in __init__
    super.__init___(sso)
AttributeError: type object 'super' has no attribute '__init___'

During handling of the above exception, another exception occurred:

Traceback (most recent call last):
  File "C:\dev\MyTinyFactory\env\Lib\site-packages\werkzeug\serving.py", line 324, in run_wsgi
    execute(self.server.app)
  File "C:\dev\MyTinyFactory\env\Lib\site-packages\werkzeug\serving.py", line 313, in execute
    application_iter = app(environ, start_response)
  File "C:\dev\MyTinyFactory\env\Lib\site-packages\flask\app.py", line 2091, in __call__
    return self.wsgi_app(environ, start_response)
  File "C:\dev\MyTinyFactory\env\Lib\site-packages\flask\app.py", line 2076, in wsgi_app
    response = self.handle_exception(e)
  File "C:\dev\MyTinyFactory\env\Lib\site-packages\flask\app.py", line 2073, in wsgi_app
    response = self.full_dispatch_request()
  File "C:\dev\MyTinyFactory\env\Lib\site-packages\flask\app.py", line 1518, in full_dispatch_request
    rv = self.handle_user_exception(e)
  File "C:\dev\MyTinyFactory\env\Lib\site-packages\flask\app.py", line 1516, in full_dispatch_request
    rv = self.dispatch_request()
  File "C:\dev\MyTinyFactory\env\Lib\site-packages\flask\app.py", line 1502, in dispatch_request
    return self.ensure_sync(self.view_functions[rule.endpoint])(**req.view_args)
  File "C:\dev\MyTinyFactory\env\Lib\site-packages\flask_login\utils.py", line 279, in decorated_view
    return func(*args, **kwargs)
  File "C:\dev\MyTinyFactory\src\app.py", line 191, in gobalcropowallet
    corpoWallet : CorporationWalletProxy = CorporationWalletProxy(carac.corporation_id,sso)
  File "C:\dev\MyTinyFactory\src\eveGateway\CropoWalletProxy.py", line 25, in __init__
    super.__init___(sso)
AttributeError: type object 'super' has no attribute '__init___'
2022-09-07 21:56:48,018 :: INFO :: MainThread :: _internal ::  * Detected change in 'C:\\dev\\MyTinyFactory\\src\\eveGateway\\CropoWalletProxy.py', reloading
2022-09-07 21:56:49,209 :: INFO :: MainThread :: _internal ::  * Restarting with stat
2022-09-07 22:05:36,488 :: INFO :: MainThread :: _internal ::  * Restarting with stat
2022-09-07 22:05:46,277 :: DEBUG :: Thread-12 :: app :: serLogin --- [31;20m token google re√ßu %s[0m
2022-09-07 22:05:46,402 :: DEBUG :: Thread-12 :: loggin :: sub ID : 3vJB97ElMaRpJabLgobyM8ht7VD2
2022-09-07 22:05:46,822 :: DEBUG :: Thread-15 :: app :: home - user UUID 3vJB97ElMaRpJabLgobyM8ht7VD2
2022-09-07 22:05:46,950 :: DEBUG :: Thread-15 :: app :: home - token valid : False
2022-09-07 22:05:46,951 :: DEBUG :: Thread-15 :: ssotools :: authentification URL : https://login.eveonline.com/v2/oauth/authorize/?response_type=code&redirect_uri=http%3A%2F%2Flocalhost%3A8080%2Fsso%2Fcallback&client_id=d792e8ee580b400c8dd9eebd3c468cce&scope=publicData+esi-wallet.read_character_wallet.v1+esi-characters.read_contacts.v1+esi-characters.read_agents_research.v1+esi-industry.read_character_jobs.v1+esi-characters.read_blueprints.v1+esi-wallet.read_corporation_wallets.v1&state=unique-state
2022-09-07 22:05:46,978 :: DEBUG :: Thread-15 :: ssotools :: authentification URL : https://login.eveonline.com/v2/oauth/authorize/?response_type=code&redirect_uri=http%3A%2F%2Flocalhost%3A8080%2Fsso%2Fcallback&client_id=d792e8ee580b400c8dd9eebd3c468cce&scope=publicData+esi-wallet.read_character_wallet.v1+esi-characters.read_contacts.v1+esi-characters.read_agents_research.v1+esi-industry.read_character_jobs.v1+esi-characters.read_blueprints.v1+esi-wallet.read_corporation_wallets.v1&state=unique-state
2022-09-07 22:05:46,982 :: DEBUG :: Thread-15 :: ssotools :: authentification URL : https://login.eveonline.com/v2/oauth/authorize/?response_type=code&redirect_uri=http%3A%2F%2Flocalhost%3A8080%2Fsso%2Fcallback&client_id=d792e8ee580b400c8dd9eebd3c468cce&scope=publicData+esi-wallet.read_character_wallet.v1+esi-characters.read_contacts.v1+esi-characters.read_agents_research.v1+esi-industry.read_character_jobs.v1+esi-characters.read_blueprints.v1+esi-wallet.read_corporation_wallets.v1&state=unique-state
2022-09-07 22:05:47,301 :: DEBUG :: Thread-18 :: app :: home - user UUID 3vJB97ElMaRpJabLgobyM8ht7VD2
2022-09-07 22:05:47,379 :: DEBUG :: Thread-18 :: app :: home - token valid : False
2022-09-07 22:05:47,381 :: DEBUG :: Thread-18 :: ssotools :: authentification URL : https://login.eveonline.com/v2/oauth/authorize/?response_type=code&redirect_uri=http%3A%2F%2Flocalhost%3A8080%2Fsso%2Fcallback&client_id=d792e8ee580b400c8dd9eebd3c468cce&scope=publicData+esi-wallet.read_character_wallet.v1+esi-characters.read_contacts.v1+esi-characters.read_agents_research.v1+esi-industry.read_character_jobs.v1+esi-characters.read_blueprints.v1+esi-wallet.read_corporation_wallets.v1&state=unique-state
2022-09-07 22:05:47,383 :: DEBUG :: Thread-18 :: ssotools :: authentification URL : https://login.eveonline.com/v2/oauth/authorize/?response_type=code&redirect_uri=http%3A%2F%2Flocalhost%3A8080%2Fsso%2Fcallback&client_id=d792e8ee580b400c8dd9eebd3c468cce&scope=publicData+esi-wallet.read_character_wallet.v1+esi-characters.read_contacts.v1+esi-characters.read_agents_research.v1+esi-industry.read_character_jobs.v1+esi-characters.read_blueprints.v1+esi-wallet.read_corporation_wallets.v1&state=unique-state
2022-09-07 22:05:47,384 :: DEBUG :: Thread-18 :: ssotools :: authentification URL : https://login.eveonline.com/v2/oauth/authorize/?response_type=code&redirect_uri=http%3A%2F%2Flocalhost%3A8080%2Fsso%2Fcallback&client_id=d792e8ee580b400c8dd9eebd3c468cce&scope=publicData+esi-wallet.read_character_wallet.v1+esi-characters.read_contacts.v1+esi-characters.read_agents_research.v1+esi-industry.read_character_jobs.v1+esi-characters.read_blueprints.v1+esi-wallet.read_corporation_wallets.v1&state=unique-state
2022-09-07 22:06:04,663 :: DEBUG :: Thread-30 :: app :: token app code  : wUVPyBsmcEuUpYm-59HV1w
2022-09-07 22:06:05,151 :: DEBUG :: Thread-30 :: ssotools :: __send_token_request :: Request to get token sent to URL https://login.eveonline.com/v2/oauth/token with headers {'Content-Type': 'application/x-www-form-urlencoded', 'Host': 'login.eveonline.com', 'Authorization': 'Basic ZDc5MmU4ZWU1ODBiNDAwYzhkZDllZWJkM2M0NjhjY2U6TzNNUUdHVUxFZ1ZkZlVBSXljZEp2R0owYjBNWnU5QXdsdlZLVU04eA=='} and form values: {'grant_type': 'authorization_code', 'code': 'wUVPyBsmcEuUpYm-59HV1w'}
2022-09-07 22:06:05,152 :: DEBUG :: Thread-30 :: ssotools :: 
Verifying access token JWT...
2022-09-07 22:06:05,271 :: INFO :: Thread-30 :: ssotools :: 
Success! log to Eve
2022-09-07 22:06:05,592 :: DEBUG :: Thread-30 :: app :: Callback -- Store token in DB --
2022-09-07 22:06:05,593 :: DEBUG :: Thread-30 :: app :: Callback -- SSO Refresh  : None
2022-09-07 22:06:05,594 :: DEBUG :: Thread-30 :: app :: Callback --  SSO access_token  : eyJhbGciOiJSUzI1NiIsImtpZCI6IkpXVC1TaWduYXR1cmUtS2V5IiwidHlwIjoiSldUIn0.eyJzY3AiOlsicHVibGljRGF0YSIsImVzaS13YWxsZXQucmVhZF9jaGFyYWN0ZXJfd2FsbGV0LnYxIiwiZXNpLWNoYXJhY3RlcnMucmVhZF9jb250YWN0cy52MSIsImVzaS1jaGFyYWN0ZXJzLnJlYWRfYWdlbnRzX3Jlc2VhcmNoLnYxIiwiZXNpLWluZHVzdHJ5LnJlYWRfY2hhcmFjdGVyX2pvYnMudjEiLCJlc2ktY2hhcmFjdGVycy5yZWFkX2JsdWVwcmludHMudjEiLCJlc2ktd2FsbGV0LnJlYWRfY29ycG9yYXRpb25fd2FsbGV0cy52MSJdLCJqdGkiOiIwNjMwMWJjOC0wZDA5LTQ2ZjItODM0My1hOGM0NDkwNmYwN2IiLCJraWQiOiJKV1QtU2lnbmF0dXJlLUtleSIsInN1YiI6IkNIQVJBQ1RFUjpFVkU6MjExNzgxNjQwMiIsImF6cCI6ImQ3OTJlOGVlNTgwYjQwMGM4ZGQ5ZWViZDNjNDY4Y2NlIiwidGVuYW50IjoidHJhbnF1aWxpdHkiLCJ0aWVyIjoibGl2ZSIsInJlZ2lvbiI6IndvcmxkIiwiYXVkIjoiRVZFIE9ubGluZSIsIm5hbWUiOiJtaXJhaWxsYSBzYW5kZXIiLCJvd25lciI6InpQRUNacHZwcjlDRk5iRU5wbmhhTFczbmRmcz0iLCJleHAiOjE2NjI1ODIzNjUsImlhdCI6MTY2MjU4MTE2NSwiaXNzIjoibG9naW4uZXZlb25saW5lLmNvbSJ9.FbySaomjx2yLRRrKTnVmRVoi44Hcm0IqUQ-ekpJWeUpajUaCztfFPkC_DWNw_et8z1opWU-bhPPQCDBWNN0lFgDritonR6djtU_CGZsi4NnfIz_tz59AnUgg2uT1h9Mf_Be2yOxTCBj4LdbH_0UHOHc-O3u34WH5YaUVGD6DLNISXtk8qaDrA_Wbt2PjuoTSzZSsgSGZncpN9imrJlp-D262nYjNKg_L07rDDN4qkUpbd8F9XM6GOUD13yycfPay261Y4bFdO7r0fjVEyqVMKB9lolm3kg2FRhbJyz9_fXZskqv6mXwr_KXCQJDDeVfQM-o_W5wO8TU2Zenog29sWw
2022-09-07 22:06:05,706 :: DEBUG :: Thread-31 :: app :: home - user UUID 3vJB97ElMaRpJabLgobyM8ht7VD2
2022-09-07 22:06:05,813 :: DEBUG :: Thread-31 :: app :: home - token valid : True
2022-09-07 22:06:06,990 :: DEBUG :: Thread-31 :: ssotools :: authentification URL : https://login.eveonline.com/v2/oauth/authorize/?response_type=code&redirect_uri=http%3A%2F%2Flocalhost%3A8080%2Fsso%2Fcallback&client_id=d792e8ee580b400c8dd9eebd3c468cce&scope=publicData+esi-wallet.read_character_wallet.v1+esi-characters.read_contacts.v1+esi-characters.read_agents_research.v1+esi-industry.read_character_jobs.v1+esi-characters.read_blueprints.v1+esi-wallet.read_corporation_wallets.v1&state=unique-state
2022-09-07 22:06:06,992 :: DEBUG :: Thread-31 :: ssotools :: authentification URL : https://login.eveonline.com/v2/oauth/authorize/?response_type=code&redirect_uri=http%3A%2F%2Flocalhost%3A8080%2Fsso%2Fcallback&client_id=d792e8ee580b400c8dd9eebd3c468cce&scope=publicData+esi-wallet.read_character_wallet.v1+esi-characters.read_contacts.v1+esi-characters.read_agents_research.v1+esi-industry.read_character_jobs.v1+esi-characters.read_blueprints.v1+esi-wallet.read_corporation_wallets.v1&state=unique-state
2022-09-08 10:08:38,865 :: DEBUG :: Thread-55 :: app :: serLogin --- [31;20m token google re√ßu %s[0m
2022-09-08 10:08:39,223 :: DEBUG :: Thread-55 :: loggin :: sub ID : 3vJB97ElMaRpJabLgobyM8ht7VD2
2022-09-08 10:08:39,925 :: DEBUG :: Thread-56 :: app :: home - user UUID 3vJB97ElMaRpJabLgobyM8ht7VD2
2022-09-08 10:08:40,031 :: DEBUG :: Thread-56 :: app :: home - token valid : False
2022-09-08 10:08:40,036 :: DEBUG :: Thread-56 :: ssotools :: authentification URL : https://login.eveonline.com/v2/oauth/authorize/?response_type=code&redirect_uri=http%3A%2F%2Flocalhost%3A8080%2Fsso%2Fcallback&client_id=d792e8ee580b400c8dd9eebd3c468cce&scope=publicData+esi-wallet.read_character_wallet.v1+esi-characters.read_contacts.v1+esi-characters.read_agents_research.v1+esi-industry.read_character_jobs.v1+esi-characters.read_blueprints.v1+esi-wallet.read_corporation_wallets.v1&state=unique-state
2022-09-08 10:08:40,042 :: DEBUG :: Thread-56 :: ssotools :: authentification URL : https://login.eveonline.com/v2/oauth/authorize/?response_type=code&redirect_uri=http%3A%2F%2Flocalhost%3A8080%2Fsso%2Fcallback&client_id=d792e8ee580b400c8dd9eebd3c468cce&scope=publicData+esi-wallet.read_character_wallet.v1+esi-characters.read_contacts.v1+esi-characters.read_agents_research.v1+esi-industry.read_character_jobs.v1+esi-characters.read_blueprints.v1+esi-wallet.read_corporation_wallets.v1&state=unique-state
2022-09-08 10:08:40,048 :: DEBUG :: Thread-56 :: ssotools :: authentification URL : https://login.eveonline.com/v2/oauth/authorize/?response_type=code&redirect_uri=http%3A%2F%2Flocalhost%3A8080%2Fsso%2Fcallback&client_id=d792e8ee580b400c8dd9eebd3c468cce&scope=publicData+esi-wallet.read_character_wallet.v1+esi-characters.read_contacts.v1+esi-characters.read_agents_research.v1+esi-industry.read_character_jobs.v1+esi-characters.read_blueprints.v1+esi-wallet.read_corporation_wallets.v1&state=unique-state
2022-09-08 10:08:40,383 :: DEBUG :: Thread-60 :: app :: home - user UUID 3vJB97ElMaRpJabLgobyM8ht7VD2
2022-09-08 10:08:40,458 :: DEBUG :: Thread-60 :: app :: home - token valid : False
2022-09-08 10:08:40,467 :: DEBUG :: Thread-60 :: ssotools :: authentification URL : https://login.eveonline.com/v2/oauth/authorize/?response_type=code&redirect_uri=http%3A%2F%2Flocalhost%3A8080%2Fsso%2Fcallback&client_id=d792e8ee580b400c8dd9eebd3c468cce&scope=publicData+esi-wallet.read_character_wallet.v1+esi-characters.read_contacts.v1+esi-characters.read_agents_research.v1+esi-industry.read_character_jobs.v1+esi-characters.read_blueprints.v1+esi-wallet.read_corporation_wallets.v1&state=unique-state
2022-09-08 10:08:40,471 :: DEBUG :: Thread-60 :: ssotools :: authentification URL : https://login.eveonline.com/v2/oauth/authorize/?response_type=code&redirect_uri=http%3A%2F%2Flocalhost%3A8080%2Fsso%2Fcallback&client_id=d792e8ee580b400c8dd9eebd3c468cce&scope=publicData+esi-wallet.read_character_wallet.v1+esi-characters.read_contacts.v1+esi-characters.read_agents_research.v1+esi-industry.read_character_jobs.v1+esi-characters.read_blueprints.v1+esi-wallet.read_corporation_wallets.v1&state=unique-state
2022-09-08 10:08:40,479 :: DEBUG :: Thread-60 :: ssotools :: authentification URL : https://login.eveonline.com/v2/oauth/authorize/?response_type=code&redirect_uri=http%3A%2F%2Flocalhost%3A8080%2Fsso%2Fcallback&client_id=d792e8ee580b400c8dd9eebd3c468cce&scope=publicData+esi-wallet.read_character_wallet.v1+esi-characters.read_contacts.v1+esi-characters.read_agents_research.v1+esi-industry.read_character_jobs.v1+esi-characters.read_blueprints.v1+esi-wallet.read_corporation_wallets.v1&state=unique-state
2022-09-08 10:08:51,595 :: DEBUG :: Thread-72 :: app :: token app code  : ty1rl-yVXUS-b8nqWysG6A
2022-09-08 10:08:51,795 :: DEBUG :: Thread-72 :: ssotools :: __send_token_request :: Request to get token sent to URL https://login.eveonline.com/v2/oauth/token with headers {'Content-Type': 'application/x-www-form-urlencoded', 'Host': 'login.eveonline.com', 'Authorization': 'Basic ZDc5MmU4ZWU1ODBiNDAwYzhkZDllZWJkM2M0NjhjY2U6TzNNUUdHVUxFZ1ZkZlVBSXljZEp2R0owYjBNWnU5QXdsdlZLVU04eA=='} and form values: {'grant_type': 'authorization_code', 'code': 'ty1rl-yVXUS-b8nqWysG6A'}
2022-09-08 10:08:51,800 :: DEBUG :: Thread-72 :: ssotools :: 
Verifying access token JWT...
2022-09-08 10:08:51,974 :: INFO :: Thread-72 :: ssotools :: 
Success! log to Eve
2022-09-08 10:08:52,277 :: DEBUG :: Thread-72 :: app :: Callback -- Store token in DB --
2022-09-08 10:08:52,285 :: DEBUG :: Thread-72 :: app :: Callback -- SSO Refresh  : None
2022-09-08 10:08:52,287 :: DEBUG :: Thread-72 :: app :: Callback --  SSO access_token  : eyJhbGciOiJSUzI1NiIsImtpZCI6IkpXVC1TaWduYXR1cmUtS2V5IiwidHlwIjoiSldUIn0.eyJzY3AiOlsicHVibGljRGF0YSIsImVzaS13YWxsZXQucmVhZF9jaGFyYWN0ZXJfd2FsbGV0LnYxIiwiZXNpLWNoYXJhY3RlcnMucmVhZF9jb250YWN0cy52MSIsImVzaS1jaGFyYWN0ZXJzLnJlYWRfYWdlbnRzX3Jlc2VhcmNoLnYxIiwiZXNpLWluZHVzdHJ5LnJlYWRfY2hhcmFjdGVyX2pvYnMudjEiLCJlc2ktY2hhcmFjdGVycy5yZWFkX2JsdWVwcmludHMudjEiLCJlc2ktd2FsbGV0LnJlYWRfY29ycG9yYXRpb25fd2FsbGV0cy52MSJdLCJqdGkiOiJhYTJhY2NiYy01Y2I3LTRkMjgtYjk3Mi1mOWMxZTFjMWUzYzUiLCJraWQiOiJKV1QtU2lnbmF0dXJlLUtleSIsInN1YiI6IkNIQVJBQ1RFUjpFVkU6MjExNzgxNjQwMiIsImF6cCI6ImQ3OTJlOGVlNTgwYjQwMGM4ZGQ5ZWViZDNjNDY4Y2NlIiwidGVuYW50IjoidHJhbnF1aWxpdHkiLCJ0aWVyIjoibGl2ZSIsInJlZ2lvbiI6IndvcmxkIiwiYXVkIjoiRVZFIE9ubGluZSIsIm5hbWUiOiJtaXJhaWxsYSBzYW5kZXIiLCJvd25lciI6InpQRUNacHZwcjlDRk5iRU5wbmhhTFczbmRmcz0iLCJleHAiOjE2NjI2MjU3MzEsImlhdCI6MTY2MjYyNDUzMSwiaXNzIjoibG9naW4uZXZlb25saW5lLmNvbSJ9.iG8JUs_pmQMdmOjYo1Nwj0cmpIyBlf8kR6DakBRy1MRYjIAeAumPl2YGCoxeNNa-wCRqktTJ6vR-kVFvXmJczhNxAXKlE_RvJAbh_pP1VhIDaXH-8NFRvGzAoHSIDUxPGIQ1JAaohtkxkQm3tgWcX-VTIayEU9g0CJm38Bv4rZn_f9m8NGh6GgEOCSXfJLb7CwByM6ZWmLDJNcnU5ENa2x_pMCiGKgAzCHRile5z358PwjOawPcZJPuSasDcuby9t54BzrYcyDtUMnuN0SZZsvKT3nnG3EHVsZFSOaQzchsooSnrpOXrazAh_dzf0RL6N3TjNPbK1vdj64vJlXwvEQ
2022-09-08 10:08:52,408 :: DEBUG :: Thread-73 :: app :: home - user UUID 3vJB97ElMaRpJabLgobyM8ht7VD2
2022-09-08 10:08:52,491 :: DEBUG :: Thread-73 :: app :: home - token valid : True
2022-09-08 10:08:53,816 :: DEBUG :: Thread-73 :: ssotools :: authentification URL : https://login.eveonline.com/v2/oauth/authorize/?response_type=code&redirect_uri=http%3A%2F%2Flocalhost%3A8080%2Fsso%2Fcallback&client_id=d792e8ee580b400c8dd9eebd3c468cce&scope=publicData+esi-wallet.read_character_wallet.v1+esi-characters.read_contacts.v1+esi-characters.read_agents_research.v1+esi-industry.read_character_jobs.v1+esi-characters.read_blueprints.v1+esi-wallet.read_corporation_wallets.v1&state=unique-state
2022-09-08 10:08:53,823 :: DEBUG :: Thread-73 :: ssotools :: authentification URL : https://login.eveonline.com/v2/oauth/authorize/?response_type=code&redirect_uri=http%3A%2F%2Flocalhost%3A8080%2Fsso%2Fcallback&client_id=d792e8ee580b400c8dd9eebd3c468cce&scope=publicData+esi-wallet.read_character_wallet.v1+esi-characters.read_contacts.v1+esi-characters.read_agents_research.v1+esi-industry.read_character_jobs.v1+esi-characters.read_blueprints.v1+esi-wallet.read_corporation_wallets.v1&state=unique-state
2022-09-08 10:12:27,242 :: INFO :: MainThread :: _internal ::  * Restarting with stat
2022-09-08 10:12:55,709 :: DEBUG :: Thread-12 :: app :: serLogin --- [31;20m token google re√ßu %s[0m
2022-09-08 10:12:56,464 :: DEBUG :: Thread-13 :: app :: home - user UUID 3vJB97ElMaRpJabLgobyM8ht7VD2
2022-09-08 10:12:56,528 :: DEBUG :: Thread-13 :: app :: home - token valid : True
2022-09-08 10:12:58,259 :: DEBUG :: Thread-18 :: app :: home - user UUID 3vJB97ElMaRpJabLgobyM8ht7VD2
2022-09-08 10:12:58,311 :: DEBUG :: Thread-18 :: app :: home - token valid : True
2022-09-08 14:35:59,126 :: DEBUG :: Thread-51 :: app :: serLogin --- [31;20m token google re√ßu %s[0m
2022-09-08 14:36:14,382 :: DEBUG :: Thread-57 :: app :: serLogin --- [31;20m token google re√ßu %s[0m
2022-09-08 14:36:14,636 :: DEBUG :: Thread-59 :: app :: home - user UUID 3vJB97ElMaRpJabLgobyM8ht7VD2
2022-09-08 14:36:14,757 :: DEBUG :: Thread-59 :: app :: home - token valid : False
2022-09-08 14:36:14,933 :: DEBUG :: Thread-62 :: app :: home - user UUID 3vJB97ElMaRpJabLgobyM8ht7VD2
2022-09-08 14:36:15,000 :: DEBUG :: Thread-62 :: app :: home - token valid : False
2022-09-08 14:36:25,753 :: DEBUG :: Thread-74 :: app :: token app code  : -OodFauYPUG6DLMgcLqXXQ
2022-09-08 14:36:26,153 :: INFO :: Thread-74 :: ssotools :: 
Success! log to Eve
2022-09-08 14:36:26,475 :: DEBUG :: Thread-74 :: app :: Callback -- Store token in DB --
2022-09-08 14:36:26,483 :: DEBUG :: Thread-74 :: app :: Callback -- SSO Refresh  : None
2022-09-08 14:36:26,485 :: DEBUG :: Thread-74 :: app :: Callback --  SSO access_token  : eyJhbGciOiJSUzI1NiIsImtpZCI6IkpXVC1TaWduYXR1cmUtS2V5IiwidHlwIjoiSldUIn0.eyJzY3AiOlsicHVibGljRGF0YSIsImVzaS13YWxsZXQucmVhZF9jaGFyYWN0ZXJfd2FsbGV0LnYxIiwiZXNpLWNoYXJhY3RlcnMucmVhZF9jb250YWN0cy52MSIsImVzaS1jaGFyYWN0ZXJzLnJlYWRfYWdlbnRzX3Jlc2VhcmNoLnYxIiwiZXNpLWluZHVzdHJ5LnJlYWRfY2hhcmFjdGVyX2pvYnMudjEiLCJlc2ktY2hhcmFjdGVycy5yZWFkX2JsdWVwcmludHMudjEiLCJlc2ktd2FsbGV0LnJlYWRfY29ycG9yYXRpb25fd2FsbGV0cy52MSJdLCJqdGkiOiJkN2FlNjljMy0xMzU4LTRiZDUtYjkwNy05NmVlMWRhN2YzYzkiLCJraWQiOiJKV1QtU2lnbmF0dXJlLUtleSIsInN1YiI6IkNIQVJBQ1RFUjpFVkU6MjExNzgxNjQwMiIsImF6cCI6ImQ3OTJlOGVlNTgwYjQwMGM4ZGQ5ZWViZDNjNDY4Y2NlIiwidGVuYW50IjoidHJhbnF1aWxpdHkiLCJ0aWVyIjoibGl2ZSIsInJlZ2lvbiI6IndvcmxkIiwiYXVkIjoiRVZFIE9ubGluZSIsIm5hbWUiOiJtaXJhaWxsYSBzYW5kZXIiLCJvd25lciI6InpQRUNacHZwcjlDRk5iRU5wbmhhTFczbmRmcz0iLCJleHAiOjE2NjI2NDE3ODUsImlhdCI6MTY2MjY0MDU4NSwiaXNzIjoibG9naW4uZXZlb25saW5lLmNvbSJ9.ETLsU13oYp8W0gONS8MmKbkBBSJB8DsNm8AaKpUhBPt520gMcHB0dbGWTrGH7_wtDS4-vYmGPYPN83UpO9-JejHD5dfGhlhq_AVkEfWvhaIEXadyLSVNjfCIMlNaLitVydogCGNJ4ETOk_3AkYb6obC6meggFTkhWifK6hw5YS-Ds86ErD_wWbCF3Capm34_mTniXmXgwYfz0HN7eYcCfU-HrHKxV-V4AIvByXlk-_ohNg8paeqPhF5koydnUJBZPqBqRF6bGWNdiVSi6zyErQ815-Jsy9p4zZzt1XiQPeMH6_V7qNCnYD1edFsPFawXxb7UpDGR0Id2FtODS2Mkaw
2022-09-08 14:36:26,627 :: DEBUG :: Thread-75 :: app :: home - user UUID 3vJB97ElMaRpJabLgobyM8ht7VD2
2022-09-08 14:36:26,696 :: DEBUG :: Thread-75 :: app :: home - token valid : True
2022-09-08 15:21:25,009 :: INFO :: MainThread :: _internal ::  * Restarting with stat
2022-09-08 15:21:30,134 :: INFO :: Thread-8 :: _internal ::  * Running on http://127.0.0.1:8080/ (Press CTRL+C to quit)
2022-09-08 15:21:45,589 :: INFO :: Thread-9 :: _internal :: 127.0.0.1 - - [08/Sep/2022 15:21:45] "GET / HTTP/1.1" 200 -
2022-09-08 15:21:47,443 :: INFO :: Thread-11 :: _internal :: 127.0.0.1 - - [08/Sep/2022 15:21:47] "[36mGET /static/login.js HTTP/1.1[0m" 304 -
2022-09-08 15:21:47,453 :: INFO :: Thread-10 :: _internal :: 127.0.0.1 - - [08/Sep/2022 15:21:47] "[36mGET /static/style.css HTTP/1.1[0m" 304 -
2022-09-08 15:21:48,163 :: DEBUG :: Thread-12 :: app :: serLogin --- [31;20m token google re√ßu %s[0m
2022-09-08 15:21:48,953 :: INFO :: Thread-12 :: _internal :: 127.0.0.1 - - [08/Sep/2022 15:21:48] "[32mPOST /login HTTP/1.1[0m" 302 -
2022-09-08 15:21:48,968 :: DEBUG :: Thread-13 :: app :: home - user UUID 3vJB97ElMaRpJabLgobyM8ht7VD2
2022-09-08 15:21:49,070 :: DEBUG :: Thread-13 :: app :: home - token valid : False
2022-09-08 15:21:49,208 :: INFO :: Thread-13 :: _internal :: 127.0.0.1 - - [08/Sep/2022 15:21:49] "GET /home HTTP/1.1" 200 -
2022-09-08 15:21:49,562 :: DEBUG :: Thread-18 :: app :: home - user UUID 3vJB97ElMaRpJabLgobyM8ht7VD2
2022-09-08 15:21:49,632 :: DEBUG :: Thread-18 :: app :: home - token valid : False
2022-09-08 15:21:49,648 :: INFO :: Thread-18 :: _internal :: 127.0.0.1 - - [08/Sep/2022 15:21:49] "GET /home HTTP/1.1" 200 -
2022-09-08 15:21:49,690 :: INFO :: Thread-19 :: _internal :: 127.0.0.1 - - [08/Sep/2022 15:21:49] "[36mGET /static/assets/css/vendor.min.css HTTP/1.1[0m" 304 -
2022-09-08 15:21:49,818 :: INFO :: Thread-22 :: _internal :: 127.0.0.1 - - [08/Sep/2022 15:21:49] "[36mGET /static/assets/css/app.min.css HTTP/1.1[0m" 304 -
2022-09-08 15:21:50,014 :: INFO :: Thread-23 :: _internal :: 127.0.0.1 - - [08/Sep/2022 15:21:50] "[36mGET /static/assets/css/fonts/bootstrap-icons.woff2?8d200481aa7f02a2d63a331fc782cfaf HTTP/1.1[0m" 304 -
2022-09-08 15:21:50,023 :: INFO :: Thread-24 :: _internal :: 127.0.0.1 - - [08/Sep/2022 15:21:50] "[36mGET /static/assets/webfonts/fa-solid-900.woff2 HTTP/1.1[0m" 304 -
2022-09-08 15:21:50,214 :: INFO :: Thread-25 :: _internal :: 127.0.0.1 - - [08/Sep/2022 15:21:50] "[36mGET /static/assets/js/app.min.js HTTP/1.1[0m" 304 -
2022-09-08 15:21:50,229 :: INFO :: Thread-26 :: _internal :: 127.0.0.1 - - [08/Sep/2022 15:21:50] "[36mGET /static/assets/js/vendor.min.js HTTP/1.1[0m" 304 -
2022-09-08 15:21:50,258 :: INFO :: Thread-27 :: _internal :: 127.0.0.1 - - [08/Sep/2022 15:21:50] "[36mGET /static/assets/css/images/logo.png HTTP/1.1[0m" 304 -
2022-09-08 15:21:50,267 :: INFO :: Thread-28 :: _internal :: 127.0.0.1 - - [08/Sep/2022 15:21:50] "[36mGET /static/assets/css/images/pattern.png HTTP/1.1[0m" 304 -
2022-09-08 15:21:50,356 :: INFO :: Thread-29 :: _internal :: 127.0.0.1 - - [08/Sep/2022 15:21:50] "[36mGET /static/assets/css/images/cover.jpg HTTP/1.1[0m" 304 -
2022-09-08 15:21:59,136 :: DEBUG :: Thread-30 :: app :: token app code  : Emc007Xuq0y5csSvd1ZmQw
2022-09-08 15:21:59,410 :: INFO :: Thread-30 :: ssotools :: 
Success! log to Eve
2022-09-08 15:21:59,657 :: DEBUG :: Thread-30 :: app :: Callback -- Store token in DB --
2022-09-08 15:21:59,665 :: DEBUG :: Thread-30 :: app :: Callback -- SSO Refresh  : None
2022-09-08 15:21:59,665 :: DEBUG :: Thread-30 :: app :: Callback --  SSO access_token  : eyJhbGciOiJSUzI1NiIsImtpZCI6IkpXVC1TaWduYXR1cmUtS2V5IiwidHlwIjoiSldUIn0.eyJzY3AiOlsicHVibGljRGF0YSIsImVzaS13YWxsZXQucmVhZF9jaGFyYWN0ZXJfd2FsbGV0LnYxIiwiZXNpLWNoYXJhY3RlcnMucmVhZF9jb250YWN0cy52MSIsImVzaS1jaGFyYWN0ZXJzLnJlYWRfYWdlbnRzX3Jlc2VhcmNoLnYxIiwiZXNpLWluZHVzdHJ5LnJlYWRfY2hhcmFjdGVyX2pvYnMudjEiLCJlc2ktY2hhcmFjdGVycy5yZWFkX2JsdWVwcmludHMudjEiLCJlc2ktd2FsbGV0LnJlYWRfY29ycG9yYXRpb25fd2FsbGV0cy52MSJdLCJqdGkiOiI4YTI3YzEwMC02NGQ4LTQ5ZmQtOTRkOS0wYjFiYjQzNTQ2Y2UiLCJraWQiOiJKV1QtU2lnbmF0dXJlLUtleSIsInN1YiI6IkNIQVJBQ1RFUjpFVkU6MjExNzgxNjQwMiIsImF6cCI6ImQ3OTJlOGVlNTgwYjQwMGM4ZGQ5ZWViZDNjNDY4Y2NlIiwidGVuYW50IjoidHJhbnF1aWxpdHkiLCJ0aWVyIjoibGl2ZSIsInJlZ2lvbiI6IndvcmxkIiwiYXVkIjoiRVZFIE9ubGluZSIsIm5hbWUiOiJtaXJhaWxsYSBzYW5kZXIiLCJvd25lciI6InpQRUNacHZwcjlDRk5iRU5wbmhhTFczbmRmcz0iLCJleHAiOjE2NjI2NDQ1MTksImlhdCI6MTY2MjY0MzMxOSwiaXNzIjoibG9naW4uZXZlb25saW5lLmNvbSJ9.fqxO7gHtsK9mjXofVJZougBObApmOieMIRJIeoApFUcnw-d7r4IQAAKlfY3_bZl0rN-UnTHLpoZMQ10EDqsjIVzuiORwyOs2RA3AaOVVV55ylowDJVQeKVfNPa-RVc7RdEnvBAg8tkeFtLXi4GQtjJkWR4ZxjuessqAuByURju3R-lwg3V6NrPwQoUEIhg5p54ShUz6J4habma0vkrwkygT41wvViBnbM0r17VTOK6I3-BKBxtSCWkA2aFjypI9NoGd4URnyicbU8jHxypmny92k0F8lN2oyD7b6YKwDClXMPQviyuvReifbVV_qD8wmcbWTYwg7qLhCa5bWmNVHBQ
2022-09-08 15:21:59,773 :: INFO :: Thread-30 :: _internal :: 127.0.0.1 - - [08/Sep/2022 15:21:59] "[32mGET /sso/callback?code=Emc007Xuq0y5csSvd1ZmQw&state=unique-state HTTP/1.1[0m" 302 -
2022-09-08 15:21:59,793 :: DEBUG :: Thread-31 :: app :: home - user UUID 3vJB97ElMaRpJabLgobyM8ht7VD2
2022-09-08 15:21:59,876 :: DEBUG :: Thread-31 :: app :: home - token valid : True
2022-09-08 15:22:01,715 :: INFO :: Thread-31 :: _internal :: 127.0.0.1 - - [08/Sep/2022 15:22:01] "GET /home HTTP/1.1" 200 -
2022-09-08 15:22:02,307 :: INFO :: Thread-35 :: _internal :: 127.0.0.1 - - [08/Sep/2022 15:22:02] "[36mGET /static/assets/css/vendor.min.css HTTP/1.1[0m" 304 -
2022-09-08 15:22:02,314 :: INFO :: Thread-36 :: _internal :: 127.0.0.1 - - [08/Sep/2022 15:22:02] "[36mGET /static/assets/css/app.min.css HTTP/1.1[0m" 304 -
2022-09-08 15:22:02,360 :: INFO :: Thread-37 :: _internal :: 127.0.0.1 - - [08/Sep/2022 15:22:02] "[36mGET /static/assets/js/vendor.min.js HTTP/1.1[0m" 304 -
2022-09-08 15:22:02,366 :: INFO :: Thread-38 :: _internal :: 127.0.0.1 - - [08/Sep/2022 15:22:02] "[36mGET /static/assets/js/app.min.js HTTP/1.1[0m" 304 -
2022-09-08 15:22:02,550 :: INFO :: Thread-39 :: _internal :: 127.0.0.1 - - [08/Sep/2022 15:22:02] "[36mGET /static/assets/css/images/pattern.png HTTP/1.1[0m" 304 -
2022-09-08 15:22:02,831 :: INFO :: Thread-40 :: _internal :: 127.0.0.1 - - [08/Sep/2022 15:22:02] "[36mGET /static/assets/css/fonts/bootstrap-icons.woff2?8d200481aa7f02a2d63a331fc782cfaf HTTP/1.1[0m" 304 -
2022-09-08 15:22:02,867 :: INFO :: Thread-42 :: _internal :: 127.0.0.1 - - [08/Sep/2022 15:22:02] "[36mGET /static/assets/css/images/logo.png HTTP/1.1[0m" 304 -
2022-09-08 15:22:02,876 :: INFO :: Thread-41 :: _internal :: 127.0.0.1 - - [08/Sep/2022 15:22:02] "[36mGET /static/assets/webfonts/fa-solid-900.woff2 HTTP/1.1[0m" 304 -
2022-09-08 15:22:03,068 :: INFO :: Thread-43 :: _internal :: 127.0.0.1 - - [08/Sep/2022 15:22:03] "[36mGET /static/assets/css/images/cover.jpg HTTP/1.1[0m" 304 -
2022-09-08 15:30:56,581 :: INFO :: MainThread :: _internal ::  * Restarting with stat
2022-09-08 15:31:01,682 :: INFO :: Thread-8 :: _internal ::  * Running on http://127.0.0.1:8080/ (Press CTRL+C to quit)
2022-09-08 15:32:59,186 :: INFO :: MainThread :: _internal ::  * Detected change in 'C:\\dev\\MyTinyFactory\\src\\app.py', reloading
2022-09-08 15:32:59,445 :: INFO :: Thread-10 :: _internal :: 127.0.0.1 - - [08/Sep/2022 15:32:59] "GET / HTTP/1.1" 200 -
2022-09-08 15:33:00,056 :: INFO :: MainThread :: _internal ::  * Restarting with stat
2022-09-08 15:33:09,227 :: DEBUG :: Thread-12 :: app :: serLogin --- [31;20m token google re√ßu %s[0m
2022-09-08 15:33:10,119 :: DEBUG :: Thread-13 :: app :: home - user UUID 3vJB97ElMaRpJabLgobyM8ht7VD2
2022-09-08 15:33:10,211 :: DEBUG :: Thread-13 :: app :: home - token valid : True
2022-09-08 15:33:12,058 :: DEBUG :: Thread-18 :: app :: home - user UUID 3vJB97ElMaRpJabLgobyM8ht7VD2
2022-09-08 15:33:12,155 :: DEBUG :: Thread-18 :: app :: home - token valid : True
2022-09-08 15:42:43,594 :: DEBUG :: Thread-39 :: app :: home - user UUID 3vJB97ElMaRpJabLgobyM8ht7VD2
2022-09-08 15:42:43,793 :: DEBUG :: Thread-39 :: app :: home - token valid : False
2022-09-08 15:42:55,069 :: DEBUG :: Thread-51 :: app :: token app code  : O0LBGWUWkkyrOySvtDFjXw
2022-09-08 15:42:55,639 :: INFO :: Thread-51 :: ssotools :: 
Success! log to Eve
2022-09-08 15:42:56,120 :: DEBUG :: Thread-51 :: app :: Callback -- Store token in DB --
2022-09-08 15:42:56,125 :: DEBUG :: Thread-51 :: app :: Callback -- SSO Refresh  : None
2022-09-08 15:42:56,138 :: DEBUG :: Thread-51 :: app :: Callback --  SSO access_token  : eyJhbGciOiJSUzI1NiIsImtpZCI6IkpXVC1TaWduYXR1cmUtS2V5IiwidHlwIjoiSldUIn0.eyJzY3AiOlsicHVibGljRGF0YSIsImVzaS13YWxsZXQucmVhZF9jaGFyYWN0ZXJfd2FsbGV0LnYxIiwiZXNpLWNoYXJhY3RlcnMucmVhZF9jb250YWN0cy52MSIsImVzaS1jaGFyYWN0ZXJzLnJlYWRfYWdlbnRzX3Jlc2VhcmNoLnYxIiwiZXNpLWluZHVzdHJ5LnJlYWRfY2hhcmFjdGVyX2pvYnMudjEiLCJlc2ktY2hhcmFjdGVycy5yZWFkX2JsdWVwcmludHMudjEiLCJlc2ktd2FsbGV0LnJlYWRfY29ycG9yYXRpb25fd2FsbGV0cy52MSJdLCJqdGkiOiI0MjEwZWZhZi1jYjIzLTRmYWMtYmFkZS04MDYzOTY3NjRkZmUiLCJraWQiOiJKV1QtU2lnbmF0dXJlLUtleSIsInN1YiI6IkNIQVJBQ1RFUjpFVkU6MjExNzgxNjQwMiIsImF6cCI6ImQ3OTJlOGVlNTgwYjQwMGM4ZGQ5ZWViZDNjNDY4Y2NlIiwidGVuYW50IjoidHJhbnF1aWxpdHkiLCJ0aWVyIjoibGl2ZSIsInJlZ2lvbiI6IndvcmxkIiwiYXVkIjoiRVZFIE9ubGluZSIsIm5hbWUiOiJtaXJhaWxsYSBzYW5kZXIiLCJvd25lciI6InpQRUNacHZwcjlDRk5iRU5wbmhhTFczbmRmcz0iLCJleHAiOjE2NjI2NDU3NzUsImlhdCI6MTY2MjY0NDU3NSwiaXNzIjoibG9naW4uZXZlb25saW5lLmNvbSJ9.NysabM0hQZudBUWrgb7IkMsXulzjyDEACUK5dYBIyZ9qmACZKHiJg27af9frmHuYFz_66wwqIwr3BaZgLgzU-6vgOic0P9EmsR2XR7szquXYQ0u96seW9nu1Tk86zezkymWqzK254n4xDdrnNpc1dBwctGbsddNnaXJ9Hu8J8rePoXRIqvfof5UskZXK7nYV2cxRBiRu7In1z--Xb2-a8iz9iZMd2Mq_k82KfkuSR0FQY3NYta3piqk1yv0rWv2KU-bl-A5DtI58Q3VJP94wb2PP0q4pohIrNH8eK5SJdHTC1_BSuqkUXqvD4RMyK88oy6PIhY1AmqgyOfoMo3WyUw
2022-09-08 15:42:56,339 :: DEBUG :: Thread-52 :: app :: home - user UUID 3vJB97ElMaRpJabLgobyM8ht7VD2
2022-09-08 15:42:56,425 :: DEBUG :: Thread-52 :: app :: home - token valid : True
2022-09-08 16:08:40,191 :: INFO :: MainThread :: _internal ::  * Restarting with stat
2022-09-08 16:08:46,377 :: INFO :: Thread-8 :: _internal ::  * Running on http://127.0.0.1:8080/ (Press CTRL+C to quit)
2022-09-08 16:19:13,631 :: INFO :: MainThread :: _internal ::  * Restarting with stat
2022-09-08 16:19:21,420 :: INFO :: Thread-8 :: _internal ::  * Running on http://127.0.0.1:8080/ (Press CTRL+C to quit)
2022-09-08 16:26:15,316 :: INFO :: Thread-15 :: _internal :: 127.0.0.1 - - [08/Sep/2022 16:26:15] "GET / HTTP/1.1" 200 -
2022-09-08 16:26:17,457 :: INFO :: Thread-17 :: _internal :: 127.0.0.1 - - [08/Sep/2022 16:26:17] "[36mGET /static/login.js HTTP/1.1[0m" 304 -
2022-09-08 16:26:17,467 :: INFO :: Thread-16 :: _internal :: 127.0.0.1 - - [08/Sep/2022 16:26:17] "[36mGET /static/style.css HTTP/1.1[0m" 304 -
2022-09-08 16:26:18,653 :: DEBUG :: Thread-18 :: app :: serLogin --- [31;20m token google re√ßu %s[0m
2022-09-08 16:26:18,960 :: INFO :: Thread-18 :: _internal :: 127.0.0.1 - - [08/Sep/2022 16:26:18] "[32mPOST /login HTTP/1.1[0m" 302 -
2022-09-08 16:26:18,979 :: DEBUG :: Thread-20 :: app :: home - user UUID 3vJB97ElMaRpJabLgobyM8ht7VD2
2022-09-08 16:26:19,081 :: DEBUG :: Thread-20 :: app :: home - token valid : False
2022-09-08 16:26:19,225 :: INFO :: Thread-20 :: _internal :: 127.0.0.1 - - [08/Sep/2022 16:26:19] "GET /home HTTP/1.1" 200 -
2022-09-08 16:26:19,570 :: DEBUG :: Thread-23 :: app :: home - user UUID 3vJB97ElMaRpJabLgobyM8ht7VD2
2022-09-08 16:26:19,666 :: DEBUG :: Thread-23 :: app :: home - token valid : False
2022-09-08 16:26:19,679 :: INFO :: Thread-23 :: _internal :: 127.0.0.1 - - [08/Sep/2022 16:26:19] "GET /home HTTP/1.1" 200 -
2022-09-08 16:26:19,721 :: INFO :: Thread-24 :: _internal :: 127.0.0.1 - - [08/Sep/2022 16:26:19] "[36mGET /static/assets/css/vendor.min.css HTTP/1.1[0m" 304 -
2022-09-08 16:26:19,839 :: INFO :: Thread-27 :: _internal :: 127.0.0.1 - - [08/Sep/2022 16:26:19] "[36mGET /static/assets/css/app.min.css HTTP/1.1[0m" 304 -
2022-09-08 16:26:20,042 :: INFO :: Thread-28 :: _internal :: 127.0.0.1 - - [08/Sep/2022 16:26:20] "[36mGET /static/assets/js/vendor.min.js HTTP/1.1[0m" 304 -
2022-09-08 16:26:20,104 :: INFO :: Thread-29 :: _internal :: 127.0.0.1 - - [08/Sep/2022 16:26:20] "[36mGET /static/assets/js/app.min.js HTTP/1.1[0m" 304 -
2022-09-08 16:26:20,736 :: INFO :: Thread-30 :: _internal :: 127.0.0.1 - - [08/Sep/2022 16:26:20] "[36mGET /static/assets/css/images/pattern.png HTTP/1.1[0m" 304 -
2022-09-08 16:26:20,748 :: INFO :: Thread-31 :: _internal :: 127.0.0.1 - - [08/Sep/2022 16:26:20] "[36mGET /static/assets/css/images/logo.png HTTP/1.1[0m" 304 -
2022-09-08 16:26:20,770 :: INFO :: Thread-32 :: _internal :: 127.0.0.1 - - [08/Sep/2022 16:26:20] "[36mGET /static/assets/css/images/cover.jpg HTTP/1.1[0m" 304 -
2022-09-08 16:26:20,994 :: INFO :: Thread-33 :: _internal :: 127.0.0.1 - - [08/Sep/2022 16:26:20] "[36mGET /static/assets/css/fonts/bootstrap-icons.woff2?8d200481aa7f02a2d63a331fc782cfaf HTTP/1.1[0m" 304 -
2022-09-08 16:26:21,120 :: INFO :: Thread-34 :: _internal :: 127.0.0.1 - - [08/Sep/2022 16:26:21] "[36mGET /static/assets/webfonts/fa-solid-900.woff2 HTTP/1.1[0m" 304 -
2022-09-08 16:26:53,117 :: DEBUG :: Thread-38 :: app :: token app code  : U7A5-lNPQEuHId-rzaAXjA
2022-09-08 16:26:53,420 :: INFO :: Thread-38 :: ssotools :: 
Success! log to Eve
2022-09-08 16:26:53,640 :: DEBUG :: Thread-38 :: app :: Callback -- Store token in DB --
2022-09-08 16:26:53,642 :: DEBUG :: Thread-38 :: app :: Callback -- SSO Refresh  : None
2022-09-08 16:26:53,644 :: DEBUG :: Thread-38 :: app :: Callback --  SSO access_token  : eyJhbGciOiJSUzI1NiIsImtpZCI6IkpXVC1TaWduYXR1cmUtS2V5IiwidHlwIjoiSldUIn0.eyJzY3AiOlsicHVibGljRGF0YSIsImVzaS13YWxsZXQucmVhZF9jaGFyYWN0ZXJfd2FsbGV0LnYxIiwiZXNpLWNoYXJhY3RlcnMucmVhZF9jb250YWN0cy52MSIsImVzaS1jaGFyYWN0ZXJzLnJlYWRfYWdlbnRzX3Jlc2VhcmNoLnYxIiwiZXNpLWluZHVzdHJ5LnJlYWRfY2hhcmFjdGVyX2pvYnMudjEiLCJlc2ktY2hhcmFjdGVycy5yZWFkX2JsdWVwcmludHMudjEiLCJlc2ktd2FsbGV0LnJlYWRfY29ycG9yYXRpb25fd2FsbGV0cy52MSIsImVzaS1jb3Jwb3JhdGlvbnMucmVhZF9kaXZpc2lvbnMudjEiXSwianRpIjoiZWM2MzA4NmEtMjBkYi00N2RiLWEzY2MtZjAyY2IzMTlkNmM5Iiwia2lkIjoiSldULVNpZ25hdHVyZS1LZXkiLCJzdWIiOiJDSEFSQUNURVI6RVZFOjIxMTc4MTY0MDIiLCJhenAiOiJkNzkyZThlZTU4MGI0MDBjOGRkOWVlYmQzYzQ2OGNjZSIsInRlbmFudCI6InRyYW5xdWlsaXR5IiwidGllciI6ImxpdmUiLCJyZWdpb24iOiJ3b3JsZCIsImF1ZCI6IkVWRSBPbmxpbmUiLCJuYW1lIjoibWlyYWlsbGEgc2FuZGVyIiwib3duZXIiOiJ6UEVDWnB2cHI5Q0ZOYkVOcG5oYUxXM25kZnM9IiwiZXhwIjoxNjYyNjQ4NDEzLCJpYXQiOjE2NjI2NDcyMTMsImlzcyI6ImxvZ2luLmV2ZW9ubGluZS5jb20ifQ.csce6u9hvnJhERJF9yXna117tuMaHNXzBFBYYBHSWIfL-_OVpAevafr6j23RAdRBAtNf4Ey8f21VdQ7RmVgK3tds30sVJByyYZGUxlrjwoMvBcsPq9hJg-BUkfQMHb81e_NK0KDXgZG2e3Q1KLmHm_3uU4F5ewKjOI2kDYCquFvv70TyFBP8Xbms6VCdfMGeql0j2Ih_1JAz8G0ZF_U7cjzPaF2r83Qt1eCcKnJCm08ltcDfPwFyurkJGuNhCjGCPL0uj2Q2LWZDU6bKRz4gzJQSc8iKMkN4Y4CYC4fMYPChlH1Zuq0elsEhNvlc9e-rFfP0CAAPaxylNKmiSavEtQ
2022-09-08 16:26:53,746 :: INFO :: Thread-38 :: _internal :: 127.0.0.1 - - [08/Sep/2022 16:26:53] "[32mGET /sso/callback?code=U7A5-lNPQEuHId-rzaAXjA&state=unique-state HTTP/1.1[0m" 302 -
2022-09-08 16:26:53,770 :: DEBUG :: Thread-39 :: app :: home - user UUID 3vJB97ElMaRpJabLgobyM8ht7VD2
2022-09-08 16:26:53,837 :: DEBUG :: Thread-39 :: app :: home - token valid : True
2022-09-08 16:26:55,257 :: INFO :: Thread-39 :: _internal :: 127.0.0.1 - - [08/Sep/2022 16:26:55] "GET /home HTTP/1.1" 200 -
2022-09-08 16:26:55,814 :: INFO :: Thread-43 :: _internal :: 127.0.0.1 - - [08/Sep/2022 16:26:55] "[36mGET /static/assets/css/vendor.min.css HTTP/1.1[0m" 304 -
2022-09-08 16:26:55,857 :: INFO :: Thread-44 :: _internal :: 127.0.0.1 - - [08/Sep/2022 16:26:55] "[36mGET /static/assets/css/app.min.css HTTP/1.1[0m" 304 -
2022-09-08 16:26:55,879 :: INFO :: Thread-45 :: _internal :: 127.0.0.1 - - [08/Sep/2022 16:26:55] "[36mGET /static/assets/js/vendor.min.js HTTP/1.1[0m" 304 -
2022-09-08 16:26:55,902 :: INFO :: Thread-46 :: _internal :: 127.0.0.1 - - [08/Sep/2022 16:26:55] "[36mGET /static/assets/js/app.min.js HTTP/1.1[0m" 304 -
2022-09-08 16:26:56,062 :: INFO :: Thread-47 :: _internal :: 127.0.0.1 - - [08/Sep/2022 16:26:56] "[36mGET /static/assets/css/images/pattern.png HTTP/1.1[0m" 304 -
2022-09-08 16:26:56,351 :: INFO :: Thread-48 :: _internal :: 127.0.0.1 - - [08/Sep/2022 16:26:56] "[36mGET /static/assets/css/fonts/bootstrap-icons.woff2?8d200481aa7f02a2d63a331fc782cfaf HTTP/1.1[0m" 304 -
2022-09-08 16:26:56,382 :: INFO :: Thread-49 :: _internal :: 127.0.0.1 - - [08/Sep/2022 16:26:56] "[36mGET /static/assets/webfonts/fa-solid-900.woff2 HTTP/1.1[0m" 304 -
2022-09-08 16:26:56,398 :: INFO :: Thread-50 :: _internal :: 127.0.0.1 - - [08/Sep/2022 16:26:56] "[36mGET /static/assets/css/images/logo.png HTTP/1.1[0m" 304 -
2022-09-08 16:26:56,584 :: INFO :: Thread-51 :: _internal :: 127.0.0.1 - - [08/Sep/2022 16:26:56] "[36mGET /static/assets/css/images/cover.jpg HTTP/1.1[0m" 304 -
2022-09-08 16:33:20,596 :: INFO :: MainThread :: _internal ::  * Restarting with stat
2022-09-08 16:33:26,131 :: INFO :: Thread-8 :: _internal ::  * Running on http://127.0.0.1:8080/ (Press CTRL+C to quit)
2022-09-08 16:33:49,559 :: INFO :: Thread-9 :: _internal :: 127.0.0.1 - - [08/Sep/2022 16:33:49] "GET / HTTP/1.1" 200 -
2022-09-08 16:33:51,196 :: INFO :: Thread-11 :: _internal :: 127.0.0.1 - - [08/Sep/2022 16:33:51] "[36mGET /static/login.js HTTP/1.1[0m" 304 -
2022-09-08 16:33:51,203 :: INFO :: Thread-10 :: _internal :: 127.0.0.1 - - [08/Sep/2022 16:33:51] "[36mGET /static/style.css HTTP/1.1[0m" 304 -
2022-09-08 16:33:51,970 :: DEBUG :: Thread-12 :: app :: serLogin --- [31;20m token google re√ßu %s[0m
2022-09-08 16:33:52,749 :: INFO :: Thread-12 :: _internal :: 127.0.0.1 - - [08/Sep/2022 16:33:52] "[32mPOST /login HTTP/1.1[0m" 302 -
2022-09-08 16:33:52,775 :: DEBUG :: Thread-13 :: app :: home - user UUID 3vJB97ElMaRpJabLgobyM8ht7VD2
2022-09-08 16:33:52,847 :: DEBUG :: Thread-13 :: app :: home - token valid : True
2022-09-08 16:33:54,242 :: INFO :: Thread-13 :: _internal :: 127.0.0.1 - - [08/Sep/2022 16:33:54] "GET /home HTTP/1.1" 200 -
2022-09-08 16:33:54,610 :: DEBUG :: Thread-18 :: app :: home - user UUID 3vJB97ElMaRpJabLgobyM8ht7VD2
2022-09-08 16:33:54,696 :: DEBUG :: Thread-18 :: app :: home - token valid : True
2022-09-08 16:33:56,112 :: INFO :: Thread-18 :: _internal :: 127.0.0.1 - - [08/Sep/2022 16:33:56] "GET /home HTTP/1.1" 200 -
2022-09-08 16:33:56,184 :: INFO :: Thread-22 :: _internal :: 127.0.0.1 - - [08/Sep/2022 16:33:56] "[36mGET /static/assets/css/app.min.css HTTP/1.1[0m" 304 -
2022-09-08 16:33:56,188 :: INFO :: Thread-19 :: _internal :: 127.0.0.1 - - [08/Sep/2022 16:33:56] "[36mGET /static/assets/css/vendor.min.css HTTP/1.1[0m" 304 -
2022-09-08 16:33:56,512 :: INFO :: Thread-23 :: _internal :: 127.0.0.1 - - [08/Sep/2022 16:33:56] "[36mGET /static/assets/css/fonts/bootstrap-icons.woff2?8d200481aa7f02a2d63a331fc782cfaf HTTP/1.1[0m" 304 -
2022-09-08 16:33:56,534 :: INFO :: Thread-24 :: _internal :: 127.0.0.1 - - [08/Sep/2022 16:33:56] "[36mGET /static/assets/webfonts/fa-solid-900.woff2 HTTP/1.1[0m" 304 -
2022-09-08 16:33:56,656 :: INFO :: Thread-25 :: _internal :: 127.0.0.1 - - [08/Sep/2022 16:33:56] "[36mGET /static/assets/js/vendor.min.js HTTP/1.1[0m" 304 -
2022-09-08 16:33:56,666 :: INFO :: Thread-26 :: _internal :: 127.0.0.1 - - [08/Sep/2022 16:33:56] "[36mGET /static/assets/js/app.min.js HTTP/1.1[0m" 304 -
2022-09-08 16:33:56,689 :: INFO :: Thread-27 :: _internal :: 127.0.0.1 - - [08/Sep/2022 16:33:56] "[36mGET /static/assets/css/images/pattern.png HTTP/1.1[0m" 304 -
2022-09-08 16:33:56,757 :: INFO :: Thread-28 :: _internal :: 127.0.0.1 - - [08/Sep/2022 16:33:56] "[36mGET /static/assets/css/images/logo.png HTTP/1.1[0m" 304 -
2022-09-08 16:33:56,854 :: INFO :: Thread-29 :: _internal :: 127.0.0.1 - - [08/Sep/2022 16:33:56] "[36mGET /static/assets/css/images/cover.jpg HTTP/1.1[0m" 304 -
2022-09-08 16:34:51,437 :: INFO :: MainThread :: _internal ::  * Detected change in 'C:\\dev\\MyTinyFactory\\src\\eveGateway\\CropoWalletProxy.py', reloading
2022-09-08 16:34:51,551 :: INFO :: Thread-30 :: _internal :: 127.0.0.1 - - [08/Sep/2022 16:34:51] "[35m[1mGET /gobalcropowallet HTTP/1.1[0m" 500 -
2022-09-08 16:34:51,598 :: ERROR :: Thread-30 :: _internal :: Error on request:
Traceback (most recent call last):
  File "C:\dev\MyTinyFactory\env\Lib\site-packages\werkzeug\serving.py", line 324, in run_wsgi
    execute(self.server.app)
  File "C:\dev\MyTinyFactory\env\Lib\site-packages\werkzeug\serving.py", line 313, in execute
    application_iter = app(environ, start_response)
  File "C:\dev\MyTinyFactory\env\Lib\site-packages\flask\app.py", line 2091, in __call__
    return self.wsgi_app(environ, start_response)
  File "C:\dev\MyTinyFactory\env\Lib\site-packages\flask\app.py", line 2076, in wsgi_app
    response = self.handle_exception(e)
  File "C:\dev\MyTinyFactory\env\Lib\site-packages\flask\app.py", line 2073, in wsgi_app
    response = self.full_dispatch_request()
  File "C:\dev\MyTinyFactory\env\Lib\site-packages\flask\app.py", line 1518, in full_dispatch_request
    rv = self.handle_user_exception(e)
  File "C:\dev\MyTinyFactory\env\Lib\site-packages\flask\app.py", line 1516, in full_dispatch_request
    rv = self.dispatch_request()
  File "C:\dev\MyTinyFactory\env\Lib\site-packages\flask\app.py", line 1502, in dispatch_request
    return self.ensure_sync(self.view_functions[rule.endpoint])(**req.view_args)
  File "C:\dev\MyTinyFactory\env\Lib\site-packages\flask_login\utils.py", line 277, in decorated_view
    return current_app.ensure_sync(func)(*args, **kwargs)
  File "C:\dev\MyTinyFactory\src\app.py", line 192, in gobalcropowallet
    corpoWallet : CorporationWalletProxy = CorporationWalletProxy(carac.corporation_id,sso)
  File "C:\dev\MyTinyFactory\src\eveGateway\CropoWalletProxy.py", line 45, in __init__
    for d in temp[proxyWalletDivisionNameField.f_wallet.value] :
KeyError: <proxyWalletDivisionNameField.f_wallet: 'wallet'>
2022-09-08 16:34:52,221 :: INFO :: MainThread :: _internal ::  * Restarting with stat
2022-09-08 16:34:58,848 :: INFO :: Thread-8 :: _internal ::  * Running on http://127.0.0.1:8080/ (Press CTRL+C to quit)
2022-09-08 16:35:16,160 :: INFO :: Thread-16 :: _internal :: 127.0.0.1 - - [08/Sep/2022 16:35:16] "GET / HTTP/1.1" 200 -
2022-09-08 16:35:18,422 :: INFO :: Thread-17 :: _internal :: 127.0.0.1 - - [08/Sep/2022 16:35:18] "[36mGET /static/style.css HTTP/1.1[0m" 304 -
2022-09-08 16:35:18,433 :: INFO :: Thread-18 :: _internal :: 127.0.0.1 - - [08/Sep/2022 16:35:18] "[36mGET /static/login.js HTTP/1.1[0m" 304 -
2022-09-08 16:35:19,254 :: DEBUG :: Thread-22 :: app :: serLogin --- [31;20m token google re√ßu %s[0m
2022-09-08 16:35:19,645 :: INFO :: Thread-22 :: _internal :: 127.0.0.1 - - [08/Sep/2022 16:35:19] "[32mPOST /login HTTP/1.1[0m" 302 -
2022-09-08 16:35:19,673 :: DEBUG :: Thread-23 :: app :: home - user UUID 3vJB97ElMaRpJabLgobyM8ht7VD2
2022-09-08 16:35:19,743 :: DEBUG :: Thread-23 :: app :: home - token valid : True
2022-09-08 16:35:21,519 :: INFO :: Thread-23 :: _internal :: 127.0.0.1 - - [08/Sep/2022 16:35:21] "GET /home HTTP/1.1" 200 -
2022-09-08 16:35:21,879 :: DEBUG :: Thread-27 :: app :: home - user UUID 3vJB97ElMaRpJabLgobyM8ht7VD2
2022-09-08 16:35:21,965 :: DEBUG :: Thread-27 :: app :: home - token valid : True
2022-09-08 16:35:23,336 :: INFO :: Thread-27 :: _internal :: 127.0.0.1 - - [08/Sep/2022 16:35:23] "GET /home HTTP/1.1" 200 -
2022-09-08 16:35:23,400 :: INFO :: Thread-31 :: _internal :: 127.0.0.1 - - [08/Sep/2022 16:35:23] "[36mGET /static/assets/css/app.min.css HTTP/1.1[0m" 304 -
2022-09-08 16:35:23,405 :: INFO :: Thread-28 :: _internal :: 127.0.0.1 - - [08/Sep/2022 16:35:23] "[36mGET /static/assets/css/vendor.min.css HTTP/1.1[0m" 304 -
2022-09-08 16:35:23,736 :: INFO :: Thread-32 :: _internal :: 127.0.0.1 - - [08/Sep/2022 16:35:23] "[36mGET /static/assets/js/vendor.min.js HTTP/1.1[0m" 304 -
2022-09-08 16:35:23,791 :: INFO :: Thread-33 :: _internal :: 127.0.0.1 - - [08/Sep/2022 16:35:23] "[36mGET /static/assets/js/app.min.js HTTP/1.1[0m" 304 -
2022-09-08 16:35:23,828 :: INFO :: Thread-10 :: _internal :: 127.0.0.1 - - [08/Sep/2022 16:35:23] "[35m[1mGET /gobalcropowallet HTTP/1.1[0m" 500 -
2022-09-08 16:35:23,882 :: ERROR :: Thread-10 :: _internal :: Error on request:
Traceback (most recent call last):
  File "C:\dev\MyTinyFactory\env\Lib\site-packages\flask_login\utils.py", line 277, in decorated_view
    return current_app.ensure_sync(func)(*args, **kwargs)
  File "C:\dev\MyTinyFactory\src\app.py", line 192, in gobalcropowallet
    corpoWallet : CorporationWalletProxy = CorporationWalletProxy(carac.corporation_id,sso)
AttributeError: 'NoneType' object has no attribute 'corporation_id'

During handling of the above exception, another exception occurred:

Traceback (most recent call last):
  File "C:\dev\MyTinyFactory\env\Lib\site-packages\werkzeug\serving.py", line 324, in run_wsgi
    execute(self.server.app)
  File "C:\dev\MyTinyFactory\env\Lib\site-packages\werkzeug\serving.py", line 313, in execute
    application_iter = app(environ, start_response)
  File "C:\dev\MyTinyFactory\env\Lib\site-packages\flask\app.py", line 2091, in __call__
    return self.wsgi_app(environ, start_response)
  File "C:\dev\MyTinyFactory\env\Lib\site-packages\flask\app.py", line 2076, in wsgi_app
    response = self.handle_exception(e)
  File "C:\dev\MyTinyFactory\env\Lib\site-packages\flask\app.py", line 2073, in wsgi_app
    response = self.full_dispatch_request()
  File "C:\dev\MyTinyFactory\env\Lib\site-packages\flask\app.py", line 1518, in full_dispatch_request
    rv = self.handle_user_exception(e)
  File "C:\dev\MyTinyFactory\env\Lib\site-packages\flask\app.py", line 1516, in full_dispatch_request
    rv = self.dispatch_request()
  File "C:\dev\MyTinyFactory\env\Lib\site-packages\flask\app.py", line 1502, in dispatch_request
    return self.ensure_sync(self.view_functions[rule.endpoint])(**req.view_args)
  File "C:\dev\MyTinyFactory\env\Lib\site-packages\flask_login\utils.py", line 279, in decorated_view
    return func(*args, **kwargs)
  File "C:\dev\MyTinyFactory\src\app.py", line 192, in gobalcropowallet
    corpoWallet : CorporationWalletProxy = CorporationWalletProxy(carac.corporation_id,sso)
AttributeError: 'NoneType' object has no attribute 'corporation_id'
2022-09-08 16:35:24,333 :: INFO :: Thread-34 :: _internal :: 127.0.0.1 - - [08/Sep/2022 16:35:24] "[36mGET /static/assets/css/images/pattern.png HTTP/1.1[0m" 304 -
2022-09-08 16:35:24,368 :: INFO :: Thread-35 :: _internal :: 127.0.0.1 - - [08/Sep/2022 16:35:24] "[36mGET /static/assets/css/images/logo.png HTTP/1.1[0m" 304 -
2022-09-08 16:35:24,400 :: INFO :: Thread-36 :: _internal :: 127.0.0.1 - - [08/Sep/2022 16:35:24] "[36mGET /static/assets/css/images/cover.jpg HTTP/1.1[0m" 304 -
2022-09-08 16:35:24,598 :: INFO :: Thread-37 :: _internal :: 127.0.0.1 - - [08/Sep/2022 16:35:24] "[36mGET /static/assets/css/fonts/bootstrap-icons.woff2?8d200481aa7f02a2d63a331fc782cfaf HTTP/1.1[0m" 304 -
2022-09-08 16:35:24,770 :: INFO :: Thread-38 :: _internal :: 127.0.0.1 - - [08/Sep/2022 16:35:24] "[36mGET /static/assets/webfonts/fa-solid-900.woff2 HTTP/1.1[0m" 304 -
2022-09-08 16:39:43,688 :: INFO :: MainThread :: _internal ::  * Restarting with stat
2022-09-08 16:39:49,224 :: INFO :: Thread-8 :: _internal ::  * Running on http://127.0.0.1:8080/ (Press CTRL+C to quit)
2022-09-08 16:40:31,701 :: INFO :: Thread-15 :: _internal :: 127.0.0.1 - - [08/Sep/2022 16:40:31] "GET / HTTP/1.1" 200 -
2022-09-08 16:40:33,685 :: INFO :: Thread-17 :: _internal :: 127.0.0.1 - - [08/Sep/2022 16:40:33] "[36mGET /static/login.js HTTP/1.1[0m" 304 -
2022-09-08 16:40:33,694 :: INFO :: Thread-16 :: _internal :: 127.0.0.1 - - [08/Sep/2022 16:40:33] "[36mGET /static/style.css HTTP/1.1[0m" 304 -
2022-09-08 16:40:34,492 :: DEBUG :: Thread-18 :: app :: serLogin --- [31;20m token google re√ßu %s[0m
2022-09-08 16:40:34,816 :: INFO :: Thread-18 :: _internal :: 127.0.0.1 - - [08/Sep/2022 16:40:34] "[32mPOST /login HTTP/1.1[0m" 302 -
2022-09-08 16:40:34,836 :: DEBUG :: Thread-20 :: app :: home - user UUID 3vJB97ElMaRpJabLgobyM8ht7VD2
2022-09-08 16:40:34,922 :: DEBUG :: Thread-20 :: app :: home - token valid : True
2022-09-08 16:40:38,444 :: INFO :: Thread-20 :: _internal :: 127.0.0.1 - - [08/Sep/2022 16:40:38] "GET /home HTTP/1.1" 200 -
2022-09-08 16:40:38,800 :: DEBUG :: Thread-23 :: app :: home - user UUID 3vJB97ElMaRpJabLgobyM8ht7VD2
2022-09-08 16:40:38,919 :: DEBUG :: Thread-23 :: app :: home - token valid : True
2022-09-08 16:40:43,580 :: INFO :: Thread-23 :: _internal :: 127.0.0.1 - - [08/Sep/2022 16:40:43] "GET /home HTTP/1.1" 200 -
2022-09-08 16:40:43,936 :: INFO :: Thread-28 :: _internal :: 127.0.0.1 - - [08/Sep/2022 16:40:43] "[36mGET /static/assets/css/vendor.min.css HTTP/1.1[0m" 304 -
2022-09-08 16:40:43,970 :: INFO :: Thread-29 :: _internal :: 127.0.0.1 - - [08/Sep/2022 16:40:43] "[36mGET /static/assets/css/app.min.css HTTP/1.1[0m" 304 -
2022-09-08 16:40:43,990 :: INFO :: Thread-30 :: _internal :: 127.0.0.1 - - [08/Sep/2022 16:40:43] "[36mGET /static/assets/js/vendor.min.js HTTP/1.1[0m" 304 -
2022-09-08 16:40:44,000 :: INFO :: Thread-31 :: _internal :: 127.0.0.1 - - [08/Sep/2022 16:40:44] "[36mGET /static/assets/js/app.min.js HTTP/1.1[0m" 304 -
2022-09-08 16:40:44,191 :: INFO :: Thread-32 :: _internal :: 127.0.0.1 - - [08/Sep/2022 16:40:44] "[36mGET /static/assets/css/images/pattern.png HTTP/1.1[0m" 304 -
2022-09-08 16:40:44,454 :: INFO :: Thread-33 :: _internal :: 127.0.0.1 - - [08/Sep/2022 16:40:44] "[36mGET /static/assets/css/fonts/bootstrap-icons.woff2?8d200481aa7f02a2d63a331fc782cfaf HTTP/1.1[0m" 304 -
2022-09-08 16:40:44,484 :: INFO :: Thread-34 :: _internal :: 127.0.0.1 - - [08/Sep/2022 16:40:44] "[36mGET /static/assets/webfonts/fa-solid-900.woff2 HTTP/1.1[0m" 304 -
2022-09-08 16:40:44,491 :: INFO :: Thread-35 :: _internal :: 127.0.0.1 - - [08/Sep/2022 16:40:44] "[36mGET /static/assets/css/images/logo.png HTTP/1.1[0m" 304 -
2022-09-08 16:40:44,591 :: INFO :: Thread-36 :: _internal :: 127.0.0.1 - - [08/Sep/2022 16:40:44] "[36mGET /static/assets/css/images/cover.jpg HTTP/1.1[0m" 304 -
2022-09-08 16:40:54,068 :: INFO :: Thread-37 :: _internal :: 127.0.0.1 - - [08/Sep/2022 16:40:54] "GET /caracter HTTP/1.1" 200 -
2022-09-08 16:40:54,451 :: INFO :: Thread-41 :: _internal :: 127.0.0.1 - - [08/Sep/2022 16:40:54] "[36mGET /static/assets/css/vendor.min.css HTTP/1.1[0m" 304 -
2022-09-08 16:40:54,459 :: INFO :: Thread-42 :: _internal :: 127.0.0.1 - - [08/Sep/2022 16:40:54] "[36mGET /static/assets/css/app.min.css HTTP/1.1[0m" 304 -
2022-09-08 16:40:54,495 :: INFO :: Thread-43 :: _internal :: 127.0.0.1 - - [08/Sep/2022 16:40:54] "[36mGET /static/assets/js/vendor.min.js HTTP/1.1[0m" 304 -
2022-09-08 16:40:54,501 :: INFO :: Thread-44 :: _internal :: 127.0.0.1 - - [08/Sep/2022 16:40:54] "[36mGET /static/assets/js/app.min.js HTTP/1.1[0m" 304 -
2022-09-08 16:40:54,719 :: INFO :: Thread-45 :: _internal :: 127.0.0.1 - - [08/Sep/2022 16:40:54] "[36mGET /static/assets/webfonts/fa-solid-900.woff2 HTTP/1.1[0m" 304 -
2022-09-08 16:40:54,882 :: INFO :: Thread-46 :: _internal :: 127.0.0.1 - - [08/Sep/2022 16:40:54] "[36mGET /static/assets/css/fonts/bootstrap-icons.woff2?8d200481aa7f02a2d63a331fc782cfaf HTTP/1.1[0m" 304 -
2022-09-08 16:40:54,895 :: INFO :: Thread-47 :: _internal :: 127.0.0.1 - - [08/Sep/2022 16:40:54] "[36mGET /static/assets/css/images/pattern.png HTTP/1.1[0m" 304 -
2022-09-08 16:40:54,940 :: INFO :: Thread-48 :: _internal :: 127.0.0.1 - - [08/Sep/2022 16:40:54] "[36mGET /static/assets/css/images/logo.png HTTP/1.1[0m" 304 -
2022-09-08 16:40:54,944 :: INFO :: Thread-49 :: _internal :: 127.0.0.1 - - [08/Sep/2022 16:40:54] "[36mGET /static/assets/css/images/cover.jpg HTTP/1.1[0m" 304 -
2022-09-08 16:41:20,842 :: INFO :: Thread-9 :: _internal :: 127.0.0.1 - - [08/Sep/2022 16:41:20] "GET /caracter HTTP/1.1" 200 -
2022-09-08 16:45:36,205 :: INFO :: MainThread :: _internal ::  * Detected change in 'C:\\dev\\MyTinyFactory\\src\\eveGateway\\CropoWalletProxy.py', reloading
2022-09-08 16:45:37,305 :: INFO :: MainThread :: _internal ::  * Restarting with stat
2022-09-08 16:46:24,084 :: INFO :: MainThread :: _internal ::  * Restarting with stat
2022-09-08 16:46:32,131 :: INFO :: Thread-8 :: _internal ::  * Running on http://127.0.0.1:8080/ (Press CTRL+C to quit)
2022-09-08 16:48:44,981 :: DEBUG :: Thread-9 :: app :: home - user UUID 3vJB97ElMaRpJabLgobyM8ht7VD2
2022-09-08 16:48:45,705 :: DEBUG :: Thread-9 :: app :: home - token valid : False
2022-09-08 16:48:45,881 :: INFO :: Thread-9 :: _internal :: 127.0.0.1 - - [08/Sep/2022 16:48:45] "GET /home HTTP/1.1" 200 -
2022-09-08 16:48:48,638 :: INFO :: Thread-13 :: _internal :: 127.0.0.1 - - [08/Sep/2022 16:48:48] "[36mGET /static/assets/css/app.min.css HTTP/1.1[0m" 304 -
2022-09-08 16:48:48,646 :: INFO :: Thread-10 :: _internal :: 127.0.0.1 - - [08/Sep/2022 16:48:48] "[36mGET /static/assets/css/vendor.min.css HTTP/1.1[0m" 304 -
2022-09-08 16:48:48,810 :: INFO :: Thread-15 :: _internal :: 127.0.0.1 - - [08/Sep/2022 16:48:48] "[36mGET /static/assets/js/vendor.min.js HTTP/1.1[0m" 304 -
2022-09-08 16:48:48,841 :: INFO :: Thread-16 :: _internal :: 127.0.0.1 - - [08/Sep/2022 16:48:48] "[36mGET /static/assets/js/app.min.js HTTP/1.1[0m" 304 -
2022-09-08 16:48:49,090 :: INFO :: Thread-17 :: _internal :: 127.0.0.1 - - [08/Sep/2022 16:48:49] "[36mGET /static/assets/webfonts/fa-solid-900.woff2 HTTP/1.1[0m" 304 -
2022-09-08 16:48:49,118 :: INFO :: Thread-18 :: _internal :: 127.0.0.1 - - [08/Sep/2022 16:48:49] "[36mGET /static/assets/css/fonts/bootstrap-icons.woff2?8d200481aa7f02a2d63a331fc782cfaf HTTP/1.1[0m" 304 -
2022-09-08 16:48:49,125 :: INFO :: Thread-19 :: _internal :: 127.0.0.1 - - [08/Sep/2022 16:48:49] "[36mGET /static/assets/css/images/pattern.png HTTP/1.1[0m" 304 -
2022-09-08 16:48:49,163 :: INFO :: Thread-20 :: _internal :: 127.0.0.1 - - [08/Sep/2022 16:48:49] "[36mGET /static/assets/css/images/logo.png HTTP/1.1[0m" 304 -
2022-09-08 16:48:49,178 :: INFO :: Thread-21 :: _internal :: 127.0.0.1 - - [08/Sep/2022 16:48:49] "[36mGET /static/assets/css/images/cover.jpg HTTP/1.1[0m" 304 -
2022-09-08 16:48:58,808 :: DEBUG :: Thread-22 :: app :: token app code  : onl0allhv02ioiehoop7-A
2022-09-08 16:48:59,153 :: INFO :: Thread-22 :: ssotools :: 
Success! log to Eve
2022-09-08 16:48:59,556 :: DEBUG :: Thread-22 :: app :: Callback -- Store token in DB --
2022-09-08 16:48:59,556 :: DEBUG :: Thread-22 :: app :: Callback -- SSO Refresh  : None
2022-09-08 16:48:59,556 :: DEBUG :: Thread-22 :: app :: Callback --  SSO access_token  : eyJhbGciOiJSUzI1NiIsImtpZCI6IkpXVC1TaWduYXR1cmUtS2V5IiwidHlwIjoiSldUIn0.eyJzY3AiOlsicHVibGljRGF0YSIsImVzaS13YWxsZXQucmVhZF9jaGFyYWN0ZXJfd2FsbGV0LnYxIiwiZXNpLWNoYXJhY3RlcnMucmVhZF9jb250YWN0cy52MSIsImVzaS1jaGFyYWN0ZXJzLnJlYWRfYWdlbnRzX3Jlc2VhcmNoLnYxIiwiZXNpLWluZHVzdHJ5LnJlYWRfY2hhcmFjdGVyX2pvYnMudjEiLCJlc2ktY2hhcmFjdGVycy5yZWFkX2JsdWVwcmludHMudjEiLCJlc2ktd2FsbGV0LnJlYWRfY29ycG9yYXRpb25fd2FsbGV0cy52MSIsImVzaS1jb3Jwb3JhdGlvbnMucmVhZF9kaXZpc2lvbnMudjEiXSwianRpIjoiOTFjY2IxNGItNjg5MC00ZGU0LTg1OTYtMTI1MzVkMmEwOGQ3Iiwia2lkIjoiSldULVNpZ25hdHVyZS1LZXkiLCJzdWIiOiJDSEFSQUNURVI6RVZFOjIxMTc4MTY0MDIiLCJhenAiOiJkNzkyZThlZTU4MGI0MDBjOGRkOWVlYmQzYzQ2OGNjZSIsInRlbmFudCI6InRyYW5xdWlsaXR5IiwidGllciI6ImxpdmUiLCJyZWdpb24iOiJ3b3JsZCIsImF1ZCI6IkVWRSBPbmxpbmUiLCJuYW1lIjoibWlyYWlsbGEgc2FuZGVyIiwib3duZXIiOiJ6UEVDWnB2cHI5Q0ZOYkVOcG5oYUxXM25kZnM9IiwiZXhwIjoxNjYyNjQ5NzM4LCJpYXQiOjE2NjI2NDg1MzgsImlzcyI6ImxvZ2luLmV2ZW9ubGluZS5jb20ifQ.UEB-iyiJ8GmW-FR-JThLJ67Eu-ViT2ht0EautIImAeq7v8LAo__Ettq1-b5YGMeEuy1YF6ZxUwKd8nX6Xdx9sXC3k-4ERvCT7Bv72D41qNBbmBtirV3MWnGEFCazsxsNpiEjG-geBvbmn89d5EdAzDdfIfajgMTFP8Q4dw_8rVuo0lH2S_7Wqy7dhg7t3aTs7zvKud2h7kvKlo1iMmML5DPB0a9Xl5OgtnMdCSfqlFD61g0ZWKXXnbNKqX-8plOYC902mn-JtNdJ6Bo5vTSma841CMKLz1DSqEVTKiI9qrsumhAr9LaOD58Y7788XujielnqwqcerQvRZbFMotzxng
2022-09-08 16:48:59,855 :: INFO :: Thread-22 :: _internal :: 127.0.0.1 - - [08/Sep/2022 16:48:59] "[32mGET /sso/callback?code=onl0allhv02ioiehoop7-A&state=unique-state HTTP/1.1[0m" 302 -
2022-09-08 16:48:59,879 :: DEBUG :: Thread-23 :: app :: home - user UUID 3vJB97ElMaRpJabLgobyM8ht7VD2
2022-09-08 16:48:59,945 :: DEBUG :: Thread-23 :: app :: home - token valid : True
2022-09-08 16:49:01,324 :: INFO :: Thread-23 :: _internal :: 127.0.0.1 - - [08/Sep/2022 16:49:01] "GET /home HTTP/1.1" 200 -
2022-09-08 16:49:01,944 :: INFO :: Thread-27 :: _internal :: 127.0.0.1 - - [08/Sep/2022 16:49:01] "[36mGET /static/assets/css/vendor.min.css HTTP/1.1[0m" 304 -
2022-09-08 16:49:01,955 :: INFO :: Thread-28 :: _internal :: 127.0.0.1 - - [08/Sep/2022 16:49:01] "[36mGET /static/assets/css/app.min.css HTTP/1.1[0m" 304 -
2022-09-08 16:49:02,006 :: INFO :: Thread-29 :: _internal :: 127.0.0.1 - - [08/Sep/2022 16:49:02] "[36mGET /static/assets/js/vendor.min.js HTTP/1.1[0m" 304 -
2022-09-08 16:49:02,017 :: INFO :: Thread-30 :: _internal :: 127.0.0.1 - - [08/Sep/2022 16:49:02] "[36mGET /static/assets/js/app.min.js HTTP/1.1[0m" 304 -
2022-09-08 16:49:02,202 :: INFO :: Thread-31 :: _internal :: 127.0.0.1 - - [08/Sep/2022 16:49:02] "[36mGET /static/assets/css/images/pattern.png HTTP/1.1[0m" 304 -
2022-09-08 16:49:02,490 :: INFO :: Thread-32 :: _internal :: 127.0.0.1 - - [08/Sep/2022 16:49:02] "[36mGET /static/assets/css/fonts/bootstrap-icons.woff2?8d200481aa7f02a2d63a331fc782cfaf HTTP/1.1[0m" 304 -
2022-09-08 16:49:02,512 :: INFO :: Thread-33 :: _internal :: 127.0.0.1 - - [08/Sep/2022 16:49:02] "[36mGET /static/assets/webfonts/fa-solid-900.woff2 HTTP/1.1[0m" 304 -
2022-09-08 16:49:02,534 :: INFO :: Thread-34 :: _internal :: 127.0.0.1 - - [08/Sep/2022 16:49:02] "[36mGET /static/assets/css/images/logo.png HTTP/1.1[0m" 304 -
2022-09-08 16:49:02,732 :: INFO :: Thread-35 :: _internal :: 127.0.0.1 - - [08/Sep/2022 16:49:02] "[36mGET /static/assets/css/images/cover.jpg HTTP/1.1[0m" 304 -
2022-09-08 16:49:21,591 :: INFO :: Thread-37 :: _internal :: 127.0.0.1 - - [08/Sep/2022 16:49:21] "GET /gobalcropowallet HTTP/1.1" 200 -
2022-09-08 16:49:21,672 :: INFO :: Thread-40 :: _internal :: 127.0.0.1 - - [08/Sep/2022 16:49:21] "[36mGET /static/assets/css/vendor.min.css HTTP/1.1[0m" 304 -
2022-09-08 16:49:22,008 :: INFO :: Thread-41 :: _internal :: 127.0.0.1 - - [08/Sep/2022 16:49:22] "[36mGET /static/assets/css/app.min.css HTTP/1.1[0m" 304 -
2022-09-08 16:49:22,017 :: INFO :: Thread-42 :: _internal :: 127.0.0.1 - - [08/Sep/2022 16:49:22] "[36mGET /static/assets/js/vendor.min.js HTTP/1.1[0m" 304 -
2022-09-08 16:49:22,034 :: INFO :: Thread-43 :: _internal :: 127.0.0.1 - - [08/Sep/2022 16:49:22] "[36mGET /static/assets/js/app.min.js HTTP/1.1[0m" 304 -
2022-09-08 16:49:22,494 :: INFO :: Thread-44 :: _internal :: 127.0.0.1 - - [08/Sep/2022 16:49:22] "[36mGET /static/assets/css/fonts/bootstrap-icons.woff2?8d200481aa7f02a2d63a331fc782cfaf HTTP/1.1[0m" 304 -
2022-09-08 16:49:22,511 :: INFO :: Thread-45 :: _internal :: 127.0.0.1 - - [08/Sep/2022 16:49:22] "[36mGET /static/assets/webfonts/fa-solid-900.woff2 HTTP/1.1[0m" 304 -
2022-09-08 16:49:22,539 :: INFO :: Thread-46 :: _internal :: 127.0.0.1 - - [08/Sep/2022 16:49:22] "[36mGET /static/assets/css/images/pattern.png HTTP/1.1[0m" 304 -
2022-09-08 16:49:22,577 :: INFO :: Thread-47 :: _internal :: 127.0.0.1 - - [08/Sep/2022 16:49:22] "[36mGET /static/assets/css/images/logo.png HTTP/1.1[0m" 304 -
2022-09-08 16:49:22,588 :: INFO :: Thread-48 :: _internal :: 127.0.0.1 - - [08/Sep/2022 16:49:22] "[36mGET /static/assets/css/images/cover.jpg HTTP/1.1[0m" 304 -
2022-09-08 16:51:23,813 :: INFO :: Thread-50 :: _internal :: 127.0.0.1 - - [08/Sep/2022 16:51:23] "GET /gobalcropowallet HTTP/1.1" 200 -
2022-09-08 16:51:23,885 :: INFO :: Thread-51 :: _internal :: 127.0.0.1 - - [08/Sep/2022 16:51:23] "[36mGET /static/assets/css/vendor.min.css HTTP/1.1[0m" 304 -
2022-09-08 16:51:23,894 :: INFO :: Thread-54 :: _internal :: 127.0.0.1 - - [08/Sep/2022 16:51:23] "[36mGET /static/assets/css/app.min.css HTTP/1.1[0m" 304 -
2022-09-08 16:51:24,198 :: INFO :: Thread-55 :: _internal :: 127.0.0.1 - - [08/Sep/2022 16:51:24] "[36mGET /static/assets/css/fonts/bootstrap-icons.woff2?8d200481aa7f02a2d63a331fc782cfaf HTTP/1.1[0m" 304 -
2022-09-08 16:51:24,205 :: INFO :: Thread-56 :: _internal :: 127.0.0.1 - - [08/Sep/2022 16:51:24] "[36mGET /static/assets/webfonts/fa-solid-900.woff2 HTTP/1.1[0m" 304 -
2022-09-08 16:51:24,343 :: INFO :: Thread-57 :: _internal :: 127.0.0.1 - - [08/Sep/2022 16:51:24] "[36mGET /static/assets/js/vendor.min.js HTTP/1.1[0m" 304 -
2022-09-08 16:51:24,343 :: INFO :: Thread-58 :: _internal :: 127.0.0.1 - - [08/Sep/2022 16:51:24] "[36mGET /static/assets/js/app.min.js HTTP/1.1[0m" 304 -
2022-09-08 16:51:24,374 :: INFO :: Thread-59 :: _internal :: 127.0.0.1 - - [08/Sep/2022 16:51:24] "[36mGET /static/assets/css/images/pattern.png HTTP/1.1[0m" 304 -
2022-09-08 16:51:24,393 :: INFO :: Thread-60 :: _internal :: 127.0.0.1 - - [08/Sep/2022 16:51:24] "[36mGET /static/assets/css/images/logo.png HTTP/1.1[0m" 304 -
2022-09-08 16:51:24,534 :: INFO :: Thread-61 :: _internal :: 127.0.0.1 - - [08/Sep/2022 16:51:24] "[36mGET /static/assets/css/images/cover.jpg HTTP/1.1[0m" 304 -
2022-09-08 16:53:14,621 :: INFO :: Thread-62 :: _internal :: 127.0.0.1 - - [08/Sep/2022 16:53:14] "GET /gobalcropowallet HTTP/1.1" 200 -
2022-09-08 16:53:14,986 :: INFO :: Thread-67 :: _internal :: 127.0.0.1 - - [08/Sep/2022 16:53:14] "[36mGET /static/assets/css/vendor.min.css HTTP/1.1[0m" 304 -
2022-09-08 16:53:15,006 :: INFO :: Thread-68 :: _internal :: 127.0.0.1 - - [08/Sep/2022 16:53:15] "[36mGET /static/assets/css/app.min.css HTTP/1.1[0m" 304 -
2022-09-08 16:53:15,038 :: INFO :: Thread-69 :: _internal :: 127.0.0.1 - - [08/Sep/2022 16:53:15] "[36mGET /static/assets/js/vendor.min.js HTTP/1.1[0m" 304 -
2022-09-08 16:53:15,053 :: INFO :: Thread-70 :: _internal :: 127.0.0.1 - - [08/Sep/2022 16:53:15] "[36mGET /static/assets/js/app.min.js HTTP/1.1[0m" 304 -
2022-09-08 16:53:15,253 :: INFO :: Thread-71 :: _internal :: 127.0.0.1 - - [08/Sep/2022 16:53:15] "[36mGET /static/assets/css/fonts/bootstrap-icons.woff2?8d200481aa7f02a2d63a331fc782cfaf HTTP/1.1[0m" 304 -
2022-09-08 16:53:15,432 :: INFO :: Thread-72 :: _internal :: 127.0.0.1 - - [08/Sep/2022 16:53:15] "[36mGET /static/assets/webfonts/fa-solid-900.woff2 HTTP/1.1[0m" 304 -
2022-09-08 16:53:15,441 :: INFO :: Thread-73 :: _internal :: 127.0.0.1 - - [08/Sep/2022 16:53:15] "[36mGET /static/assets/css/images/pattern.png HTTP/1.1[0m" 304 -
2022-09-08 16:53:15,480 :: INFO :: Thread-74 :: _internal :: 127.0.0.1 - - [08/Sep/2022 16:53:15] "[36mGET /static/assets/css/images/logo.png HTTP/1.1[0m" 304 -
2022-09-08 16:53:15,493 :: INFO :: Thread-75 :: _internal :: 127.0.0.1 - - [08/Sep/2022 16:53:15] "[36mGET /static/assets/css/images/cover.jpg HTTP/1.1[0m" 304 -
2022-09-08 18:10:58,409 :: DEBUG :: Thread-82 :: app :: home - user UUID 3vJB97ElMaRpJabLgobyM8ht7VD2
2022-09-08 18:10:58,960 :: DEBUG :: Thread-82 :: app :: home - token valid : False
2022-09-08 18:10:58,978 :: INFO :: Thread-82 :: _internal :: 127.0.0.1 - - [08/Sep/2022 18:10:58] "GET /home HTTP/1.1" 200 -
2022-09-08 18:10:59,032 :: INFO :: Thread-85 :: _internal :: 127.0.0.1 - - [08/Sep/2022 18:10:59] "[36mGET /static/assets/js/vendor.min.js HTTP/1.1[0m" 304 -
2022-09-08 18:10:59,034 :: INFO :: Thread-83 :: _internal :: 127.0.0.1 - - [08/Sep/2022 18:10:59] "[36mGET /static/assets/css/vendor.min.css HTTP/1.1[0m" 304 -
2022-09-08 18:10:59,344 :: INFO :: Thread-87 :: _internal :: 127.0.0.1 - - [08/Sep/2022 18:10:59] "[36mGET /static/assets/css/app.min.css HTTP/1.1[0m" 304 -
2022-09-08 18:10:59,348 :: INFO :: Thread-88 :: _internal :: 127.0.0.1 - - [08/Sep/2022 18:10:59] "[36mGET /static/assets/css/fonts/bootstrap-icons.woff2?8d200481aa7f02a2d63a331fc782cfaf HTTP/1.1[0m" 304 -
2022-09-08 18:10:59,423 :: INFO :: Thread-89 :: _internal :: 127.0.0.1 - - [08/Sep/2022 18:10:59] "[36mGET /static/assets/webfonts/fa-solid-900.woff2 HTTP/1.1[0m" 304 -
2022-09-08 18:10:59,427 :: INFO :: Thread-90 :: _internal :: 127.0.0.1 - - [08/Sep/2022 18:10:59] "[36mGET /static/assets/js/app.min.js HTTP/1.1[0m" 304 -
2022-09-08 18:10:59,701 :: INFO :: Thread-91 :: _internal :: 127.0.0.1 - - [08/Sep/2022 18:10:59] "[36mGET /static/assets/css/images/pattern.png HTTP/1.1[0m" 304 -
2022-09-08 18:10:59,711 :: INFO :: Thread-92 :: _internal :: 127.0.0.1 - - [08/Sep/2022 18:10:59] "[36mGET /static/assets/css/images/logo.png HTTP/1.1[0m" 304 -
2022-09-08 18:10:59,714 :: INFO :: Thread-93 :: _internal :: 127.0.0.1 - - [08/Sep/2022 18:10:59] "[36mGET /static/assets/css/images/cover.jpg HTTP/1.1[0m" 304 -
2022-09-08 18:11:07,762 :: DEBUG :: Thread-94 :: app :: token app code  : hIkWCel-ikGzyW6JT8iVIQ
2022-09-08 18:11:08,090 :: INFO :: Thread-94 :: ssotools :: 
Success! log to Eve
2022-09-08 18:11:08,606 :: DEBUG :: Thread-94 :: app :: Callback -- Store token in DB --
2022-09-08 18:11:08,608 :: DEBUG :: Thread-94 :: app :: Callback -- SSO Refresh  : None
2022-09-08 18:11:08,610 :: DEBUG :: Thread-94 :: app :: Callback --  SSO access_token  : eyJhbGciOiJSUzI1NiIsImtpZCI6IkpXVC1TaWduYXR1cmUtS2V5IiwidHlwIjoiSldUIn0.eyJzY3AiOlsicHVibGljRGF0YSIsImVzaS13YWxsZXQucmVhZF9jaGFyYWN0ZXJfd2FsbGV0LnYxIiwiZXNpLWNoYXJhY3RlcnMucmVhZF9jb250YWN0cy52MSIsImVzaS1jaGFyYWN0ZXJzLnJlYWRfYWdlbnRzX3Jlc2VhcmNoLnYxIiwiZXNpLWluZHVzdHJ5LnJlYWRfY2hhcmFjdGVyX2pvYnMudjEiLCJlc2ktY2hhcmFjdGVycy5yZWFkX2JsdWVwcmludHMudjEiLCJlc2ktd2FsbGV0LnJlYWRfY29ycG9yYXRpb25fd2FsbGV0cy52MSIsImVzaS1jb3Jwb3JhdGlvbnMucmVhZF9kaXZpc2lvbnMudjEiXSwianRpIjoiNGMwZDM4YjMtYWI4Zi00YzlmLThmZDgtY2UxZTllYzY1ZDVkIiwia2lkIjoiSldULVNpZ25hdHVyZS1LZXkiLCJzdWIiOiJDSEFSQUNURVI6RVZFOjIxMTc4MTY0MDIiLCJhenAiOiJkNzkyZThlZTU4MGI0MDBjOGRkOWVlYmQzYzQ2OGNjZSIsInRlbmFudCI6InRyYW5xdWlsaXR5IiwidGllciI6ImxpdmUiLCJyZWdpb24iOiJ3b3JsZCIsImF1ZCI6IkVWRSBPbmxpbmUiLCJuYW1lIjoibWlyYWlsbGEgc2FuZGVyIiwib3duZXIiOiJ6UEVDWnB2cHI5Q0ZOYkVOcG5oYUxXM25kZnM9IiwiZXhwIjoxNjYyNjU0NjY3LCJpYXQiOjE2NjI2NTM0NjcsImlzcyI6ImxvZ2luLmV2ZW9ubGluZS5jb20ifQ.BwLnBCgZOWKNXOj7ZK54EENGFUzCWsO00VbXeB7Co90gYI3o3NsL0TDfkhw1q6XXmxhBt0agnVJq1nvxU0DS83tdQDbcvdwXPaPbcG_rs88zVBq_3E9iWlygX3TSA7ByBm2u5q0d435jVas9SU_5zwnU03y76zFgKijZ81_7oJQSmYx1vgVNZjzQyYibqNQNtTE0GrdgNLZda_C-WEFL74fw7iD392pjagYUzfzmO0C-r_wWIcytfOAo54F-5qk8XkDcqvdhLwO0D1FYyehoCisvSN9iKES2q4lZ9e801DmUzMINesDD4dtbU6zJBxugnvezhagevqcS_Rg7jsyWzg
2022-09-08 18:11:08,752 :: INFO :: Thread-94 :: _internal :: 127.0.0.1 - - [08/Sep/2022 18:11:08] "[32mGET /sso/callback?code=hIkWCel-ikGzyW6JT8iVIQ&state=unique-state HTTP/1.1[0m" 302 -
2022-09-08 18:11:08,765 :: DEBUG :: Thread-95 :: app :: home - user UUID 3vJB97ElMaRpJabLgobyM8ht7VD2
2022-09-08 18:11:08,834 :: DEBUG :: Thread-95 :: app :: home - token valid : True
2022-09-08 18:11:09,985 :: INFO :: Thread-95 :: _internal :: 127.0.0.1 - - [08/Sep/2022 18:11:09] "GET /home HTTP/1.1" 200 -
2022-09-08 18:11:10,435 :: INFO :: Thread-99 :: _internal :: 127.0.0.1 - - [08/Sep/2022 18:11:10] "[36mGET /static/assets/css/vendor.min.css HTTP/1.1[0m" 304 -
2022-09-08 18:11:10,452 :: INFO :: Thread-100 :: _internal :: 127.0.0.1 - - [08/Sep/2022 18:11:10] "[36mGET /static/assets/css/app.min.css HTTP/1.1[0m" 304 -
2022-09-08 18:11:10,473 :: INFO :: Thread-101 :: _internal :: 127.0.0.1 - - [08/Sep/2022 18:11:10] "[36mGET /static/assets/js/vendor.min.js HTTP/1.1[0m" 304 -
2022-09-08 18:11:10,476 :: INFO :: Thread-102 :: _internal :: 127.0.0.1 - - [08/Sep/2022 18:11:10] "[36mGET /static/assets/js/app.min.js HTTP/1.1[0m" 304 -
2022-09-08 18:11:10,697 :: INFO :: Thread-103 :: _internal :: 127.0.0.1 - - [08/Sep/2022 18:11:10] "[36mGET /static/assets/css/fonts/bootstrap-icons.woff2?8d200481aa7f02a2d63a331fc782cfaf HTTP/1.1[0m" 304 -
2022-09-08 18:11:10,861 :: INFO :: Thread-104 :: _internal :: 127.0.0.1 - - [08/Sep/2022 18:11:10] "[36mGET /static/assets/webfonts/fa-solid-900.woff2 HTTP/1.1[0m" 304 -
2022-09-08 18:11:10,863 :: INFO :: Thread-105 :: _internal :: 127.0.0.1 - - [08/Sep/2022 18:11:10] "[36mGET /static/assets/css/images/pattern.png HTTP/1.1[0m" 304 -
2022-09-08 18:11:10,873 :: INFO :: Thread-106 :: _internal :: 127.0.0.1 - - [08/Sep/2022 18:11:10] "[36mGET /static/assets/css/images/logo.png HTTP/1.1[0m" 304 -
2022-09-08 18:11:10,947 :: INFO :: Thread-107 :: _internal :: 127.0.0.1 - - [08/Sep/2022 18:11:10] "[36mGET /static/assets/css/images/cover.jpg HTTP/1.1[0m" 304 -
2022-09-08 18:11:17,173 :: INFO :: Thread-108 :: _internal :: 127.0.0.1 - - [08/Sep/2022 18:11:17] "GET /gobalcropowallet HTTP/1.1" 200 -
2022-09-08 18:11:17,208 :: INFO :: Thread-111 :: _internal :: 127.0.0.1 - - [08/Sep/2022 18:11:17] "[36mGET /static/assets/css/vendor.min.css HTTP/1.1[0m" 304 -
2022-09-08 18:11:17,526 :: INFO :: Thread-112 :: _internal :: 127.0.0.1 - - [08/Sep/2022 18:11:17] "[36mGET /static/assets/css/app.min.css HTTP/1.1[0m" 304 -
2022-09-08 18:11:17,529 :: INFO :: Thread-113 :: _internal :: 127.0.0.1 - - [08/Sep/2022 18:11:17] "[36mGET /static/assets/js/vendor.min.js HTTP/1.1[0m" 304 -
2022-09-08 18:11:17,541 :: INFO :: Thread-114 :: _internal :: 127.0.0.1 - - [08/Sep/2022 18:11:17] "[36mGET /static/assets/js/app.min.js HTTP/1.1[0m" 304 -
2022-09-08 18:11:17,550 :: INFO :: Thread-115 :: _internal :: 127.0.0.1 - - [08/Sep/2022 18:11:17] "[36mGET /static/assets/css/vendor.min.css HTTP/1.1[0m" 304 -
2022-09-08 18:11:17,845 :: INFO :: Thread-116 :: _internal :: 127.0.0.1 - - [08/Sep/2022 18:11:17] "[36mGET /static/assets/css/images/pattern.png HTTP/1.1[0m" 304 -
2022-09-08 18:11:17,858 :: INFO :: Thread-117 :: _internal :: 127.0.0.1 - - [08/Sep/2022 18:11:17] "[36mGET /static/assets/css/images/logo.png HTTP/1.1[0m" 304 -
2022-09-08 18:11:17,865 :: INFO :: Thread-118 :: _internal :: 127.0.0.1 - - [08/Sep/2022 18:11:17] "[36mGET /static/assets/css/images/cover.jpg HTTP/1.1[0m" 304 -
2022-09-08 18:11:17,883 :: INFO :: Thread-119 :: _internal :: 127.0.0.1 - - [08/Sep/2022 18:11:17] "[36mGET /static/assets/css/app.min.css HTTP/1.1[0m" 304 -
2022-09-08 18:11:17,891 :: INFO :: Thread-120 :: _internal :: 127.0.0.1 - - [08/Sep/2022 18:11:17] "[36mGET /static/assets/js/vendor.min.js HTTP/1.1[0m" 304 -
2022-09-08 18:11:17,899 :: INFO :: Thread-121 :: _internal :: 127.0.0.1 - - [08/Sep/2022 18:11:17] "[36mGET /static/assets/js/app.min.js HTTP/1.1[0m" 304 -
2022-09-08 18:11:52,926 :: INFO :: Thread-122 :: _internal :: 127.0.0.1 - - [08/Sep/2022 18:11:52] "GET /gobalcropowallet HTTP/1.1" 200 -
2022-09-08 18:11:52,957 :: INFO :: Thread-123 :: _internal :: 127.0.0.1 - - [08/Sep/2022 18:11:52] "[36mGET /static/assets/css/vendor.min.css HTTP/1.1[0m" 304 -
2022-09-08 18:11:52,971 :: INFO :: Thread-126 :: _internal :: 127.0.0.1 - - [08/Sep/2022 18:11:52] "[36mGET /static/assets/js/vendor.min.js HTTP/1.1[0m" 304 -
2022-09-08 18:11:53,283 :: INFO :: Thread-127 :: _internal :: 127.0.0.1 - - [08/Sep/2022 18:11:53] "[36mGET /static/assets/css/fonts/bootstrap-icons.woff2?8d200481aa7f02a2d63a331fc782cfaf HTTP/1.1[0m" 304 -
2022-09-08 18:11:53,344 :: INFO :: Thread-128 :: _internal :: 127.0.0.1 - - [08/Sep/2022 18:11:53] "[36mGET /static/assets/webfonts/fa-solid-900.woff2 HTTP/1.1[0m" 304 -
2022-09-08 18:11:53,352 :: INFO :: Thread-129 :: _internal :: 127.0.0.1 - - [08/Sep/2022 18:11:53] "[36mGET /static/assets/js/app.min.js HTTP/1.1[0m" 304 -
2022-09-08 18:11:53,389 :: INFO :: Thread-130 :: _internal :: 127.0.0.1 - - [08/Sep/2022 18:11:53] "[36mGET /static/assets/css/images/pattern.png HTTP/1.1[0m" 304 -
2022-09-08 18:11:53,396 :: INFO :: Thread-131 :: _internal :: 127.0.0.1 - - [08/Sep/2022 18:11:53] "[36mGET /static/assets/css/images/logo.png HTTP/1.1[0m" 304 -
2022-09-08 18:11:53,402 :: INFO :: Thread-132 :: _internal :: 127.0.0.1 - - [08/Sep/2022 18:11:53] "[36mGET /static/assets/css/images/cover.jpg HTTP/1.1[0m" 304 -
2022-09-08 18:12:02,385 :: INFO :: Thread-133 :: _internal :: 127.0.0.1 - - [08/Sep/2022 18:12:02] "GET /gobalcropowallet HTTP/1.1" 200 -
2022-09-08 18:12:02,415 :: INFO :: Thread-134 :: _internal :: 127.0.0.1 - - [08/Sep/2022 18:12:02] "[36mGET /static/assets/css/vendor.min.css HTTP/1.1[0m" 304 -
2022-09-08 18:12:02,419 :: INFO :: Thread-137 :: _internal :: 127.0.0.1 - - [08/Sep/2022 18:12:02] "[36mGET /static/assets/css/app.min.css HTTP/1.1[0m" 304 -
2022-09-08 18:12:02,743 :: INFO :: Thread-138 :: _internal :: 127.0.0.1 - - [08/Sep/2022 18:12:02] "[36mGET /static/assets/css/fonts/bootstrap-icons.woff2?8d200481aa7f02a2d63a331fc782cfaf HTTP/1.1[0m" 304 -
2022-09-08 18:12:02,749 :: INFO :: Thread-139 :: _internal :: 127.0.0.1 - - [08/Sep/2022 18:12:02] "[36mGET /static/assets/webfonts/fa-solid-900.woff2 HTTP/1.1[0m" 304 -
2022-09-08 18:12:02,801 :: INFO :: Thread-140 :: _internal :: 127.0.0.1 - - [08/Sep/2022 18:12:02] "[36mGET /static/assets/js/vendor.min.js HTTP/1.1[0m" 304 -
2022-09-08 18:12:02,805 :: INFO :: Thread-141 :: _internal :: 127.0.0.1 - - [08/Sep/2022 18:12:02] "[36mGET /static/assets/js/app.min.js HTTP/1.1[0m" 304 -
2022-09-08 18:12:02,819 :: INFO :: Thread-142 :: _internal :: 127.0.0.1 - - [08/Sep/2022 18:12:02] "[36mGET /static/assets/css/images/pattern.png HTTP/1.1[0m" 304 -
2022-09-08 18:12:02,820 :: INFO :: Thread-143 :: _internal :: 127.0.0.1 - - [08/Sep/2022 18:12:02] "[36mGET /static/assets/css/images/logo.png HTTP/1.1[0m" 304 -
2022-09-08 18:12:03,066 :: INFO :: Thread-144 :: _internal :: 127.0.0.1 - - [08/Sep/2022 18:12:03] "[36mGET /static/assets/css/images/cover.jpg HTTP/1.1[0m" 304 -
2022-09-08 18:12:31,620 :: INFO :: Thread-145 :: _internal :: 127.0.0.1 - - [08/Sep/2022 18:12:31] "GET /gobalcropowallet HTTP/1.1" 200 -
2022-09-08 18:12:31,652 :: INFO :: Thread-146 :: _internal :: 127.0.0.1 - - [08/Sep/2022 18:12:31] "[36mGET /static/assets/css/vendor.min.css HTTP/1.1[0m" 304 -
2022-09-08 18:12:31,656 :: INFO :: Thread-149 :: _internal :: 127.0.0.1 - - [08/Sep/2022 18:12:31] "[36mGET /static/assets/css/app.min.css HTTP/1.1[0m" 304 -
2022-09-08 18:12:31,968 :: INFO :: Thread-150 :: _internal :: 127.0.0.1 - - [08/Sep/2022 18:12:31] "[36mGET /static/assets/css/fonts/bootstrap-icons.woff2?8d200481aa7f02a2d63a331fc782cfaf HTTP/1.1[0m" 304 -
2022-09-08 18:12:31,971 :: INFO :: Thread-151 :: _internal :: 127.0.0.1 - - [08/Sep/2022 18:12:31] "[36mGET /static/assets/webfonts/fa-solid-900.woff2 HTTP/1.1[0m" 304 -
2022-09-08 18:12:32,031 :: INFO :: Thread-152 :: _internal :: 127.0.0.1 - - [08/Sep/2022 18:12:32] "[36mGET /static/assets/js/vendor.min.js HTTP/1.1[0m" 304 -
2022-09-08 18:12:32,036 :: INFO :: Thread-153 :: _internal :: 127.0.0.1 - - [08/Sep/2022 18:12:32] "[36mGET /static/assets/js/app.min.js HTTP/1.1[0m" 304 -
2022-09-08 18:12:32,044 :: INFO :: Thread-154 :: _internal :: 127.0.0.1 - - [08/Sep/2022 18:12:32] "[36mGET /static/assets/css/images/pattern.png HTTP/1.1[0m" 304 -
2022-09-08 18:12:32,046 :: INFO :: Thread-155 :: _internal :: 127.0.0.1 - - [08/Sep/2022 18:12:32] "[36mGET /static/assets/css/images/logo.png HTTP/1.1[0m" 304 -
2022-09-08 18:12:32,289 :: INFO :: Thread-156 :: _internal :: 127.0.0.1 - - [08/Sep/2022 18:12:32] "[36mGET /static/assets/css/images/cover.jpg HTTP/1.1[0m" 304 -
2022-09-08 18:13:55,744 :: INFO :: Thread-157 :: _internal :: 127.0.0.1 - - [08/Sep/2022 18:13:55] "GET /gobalcropowallet HTTP/1.1" 200 -
2022-09-08 18:13:55,775 :: INFO :: Thread-161 :: _internal :: 127.0.0.1 - - [08/Sep/2022 18:13:55] "[36mGET /static/assets/css/app.min.css HTTP/1.1[0m" 304 -
2022-09-08 18:13:55,778 :: INFO :: Thread-158 :: _internal :: 127.0.0.1 - - [08/Sep/2022 18:13:55] "[36mGET /static/assets/css/vendor.min.css HTTP/1.1[0m" 304 -
2022-09-08 18:13:56,099 :: INFO :: Thread-162 :: _internal :: 127.0.0.1 - - [08/Sep/2022 18:13:56] "[36mGET /static/assets/css/fonts/bootstrap-icons.woff2?8d200481aa7f02a2d63a331fc782cfaf HTTP/1.1[0m" 304 -
2022-09-08 18:13:56,108 :: INFO :: Thread-163 :: _internal :: 127.0.0.1 - - [08/Sep/2022 18:13:56] "[36mGET /static/assets/webfonts/fa-solid-900.woff2 HTTP/1.1[0m" 304 -
2022-09-08 18:13:56,161 :: INFO :: Thread-164 :: _internal :: 127.0.0.1 - - [08/Sep/2022 18:13:56] "[36mGET /static/assets/js/vendor.min.js HTTP/1.1[0m" 304 -
2022-09-08 18:13:56,169 :: INFO :: Thread-165 :: _internal :: 127.0.0.1 - - [08/Sep/2022 18:13:56] "[36mGET /static/assets/js/app.min.js HTTP/1.1[0m" 304 -
2022-09-08 18:13:56,188 :: INFO :: Thread-166 :: _internal :: 127.0.0.1 - - [08/Sep/2022 18:13:56] "[36mGET /static/assets/css/images/pattern.png HTTP/1.1[0m" 304 -
2022-09-08 18:13:56,191 :: INFO :: Thread-167 :: _internal :: 127.0.0.1 - - [08/Sep/2022 18:13:56] "[36mGET /static/assets/css/images/logo.png HTTP/1.1[0m" 304 -
2022-09-08 18:13:56,431 :: INFO :: Thread-168 :: _internal :: 127.0.0.1 - - [08/Sep/2022 18:13:56] "[36mGET /static/assets/css/images/cover.jpg HTTP/1.1[0m" 304 -
2022-09-08 18:14:13,305 :: INFO :: Thread-169 :: _internal :: 127.0.0.1 - - [08/Sep/2022 18:14:13] "GET /gobalcropowallet HTTP/1.1" 200 -
2022-09-08 18:14:13,330 :: INFO :: Thread-170 :: _internal :: 127.0.0.1 - - [08/Sep/2022 18:14:13] "[36mGET /static/assets/css/vendor.min.css HTTP/1.1[0m" 304 -
2022-09-08 18:14:13,331 :: INFO :: Thread-173 :: _internal :: 127.0.0.1 - - [08/Sep/2022 18:14:13] "[36mGET /static/assets/css/app.min.css HTTP/1.1[0m" 304 -
2022-09-08 18:14:13,642 :: INFO :: Thread-174 :: _internal :: 127.0.0.1 - - [08/Sep/2022 18:14:13] "[36mGET /static/assets/css/fonts/bootstrap-icons.woff2?8d200481aa7f02a2d63a331fc782cfaf HTTP/1.1[0m" 304 -
2022-09-08 18:14:13,645 :: INFO :: Thread-175 :: _internal :: 127.0.0.1 - - [08/Sep/2022 18:14:13] "[36mGET /static/assets/webfonts/fa-solid-900.woff2 HTTP/1.1[0m" 304 -
2022-09-08 18:14:13,707 :: INFO :: Thread-176 :: _internal :: 127.0.0.1 - - [08/Sep/2022 18:14:13] "[36mGET /static/assets/js/vendor.min.js HTTP/1.1[0m" 304 -
2022-09-08 18:14:13,708 :: INFO :: Thread-177 :: _internal :: 127.0.0.1 - - [08/Sep/2022 18:14:13] "[36mGET /static/assets/js/app.min.js HTTP/1.1[0m" 304 -
2022-09-08 18:14:13,719 :: INFO :: Thread-178 :: _internal :: 127.0.0.1 - - [08/Sep/2022 18:14:13] "[36mGET /static/assets/css/images/pattern.png HTTP/1.1[0m" 304 -
2022-09-08 18:14:13,727 :: INFO :: Thread-179 :: _internal :: 127.0.0.1 - - [08/Sep/2022 18:14:13] "[36mGET /static/assets/css/images/logo.png HTTP/1.1[0m" 304 -
2022-09-08 18:14:13,968 :: INFO :: Thread-180 :: _internal :: 127.0.0.1 - - [08/Sep/2022 18:14:13] "[36mGET /static/assets/css/images/cover.jpg HTTP/1.1[0m" 304 -
2022-09-08 18:15:07,481 :: INFO :: Thread-181 :: _internal :: 127.0.0.1 - - [08/Sep/2022 18:15:07] "GET /gobalcropowallet HTTP/1.1" 200 -
2022-09-08 18:15:07,516 :: INFO :: Thread-182 :: _internal :: 127.0.0.1 - - [08/Sep/2022 18:15:07] "[36mGET /static/assets/css/vendor.min.css HTTP/1.1[0m" 304 -
2022-09-08 18:15:07,519 :: INFO :: Thread-185 :: _internal :: 127.0.0.1 - - [08/Sep/2022 18:15:07] "[36mGET /static/assets/css/app.min.css HTTP/1.1[0m" 304 -
2022-09-08 18:15:07,828 :: INFO :: Thread-186 :: _internal :: 127.0.0.1 - - [08/Sep/2022 18:15:07] "[36mGET /static/assets/css/fonts/bootstrap-icons.woff2?8d200481aa7f02a2d63a331fc782cfaf HTTP/1.1[0m" 304 -
2022-09-08 18:15:07,835 :: INFO :: Thread-187 :: _internal :: 127.0.0.1 - - [08/Sep/2022 18:15:07] "[36mGET /static/assets/webfonts/fa-solid-900.woff2 HTTP/1.1[0m" 304 -
2022-09-08 18:15:07,899 :: INFO :: Thread-188 :: _internal :: 127.0.0.1 - - [08/Sep/2022 18:15:07] "[36mGET /static/assets/js/vendor.min.js HTTP/1.1[0m" 304 -
2022-09-08 18:15:07,909 :: INFO :: Thread-189 :: _internal :: 127.0.0.1 - - [08/Sep/2022 18:15:07] "[36mGET /static/assets/js/app.min.js HTTP/1.1[0m" 304 -
2022-09-08 18:15:07,919 :: INFO :: Thread-190 :: _internal :: 127.0.0.1 - - [08/Sep/2022 18:15:07] "[36mGET /static/assets/css/images/pattern.png HTTP/1.1[0m" 304 -
2022-09-08 18:15:07,924 :: INFO :: Thread-191 :: _internal :: 127.0.0.1 - - [08/Sep/2022 18:15:07] "[36mGET /static/assets/css/images/logo.png HTTP/1.1[0m" 304 -
2022-09-08 18:15:08,169 :: INFO :: Thread-192 :: _internal :: 127.0.0.1 - - [08/Sep/2022 18:15:08] "[36mGET /static/assets/css/images/cover.jpg HTTP/1.1[0m" 304 -
2022-09-08 18:16:09,541 :: INFO :: Thread-193 :: _internal :: 127.0.0.1 - - [08/Sep/2022 18:16:09] "GET /gobalcropowallet HTTP/1.1" 200 -
2022-09-08 18:16:09,572 :: INFO :: Thread-195 :: _internal :: 127.0.0.1 - - [08/Sep/2022 18:16:09] "[36mGET /static/assets/css/vendor.min.css HTTP/1.1[0m" 304 -
2022-09-08 18:16:09,576 :: INFO :: Thread-197 :: _internal :: 127.0.0.1 - - [08/Sep/2022 18:16:09] "[36mGET /static/assets/css/app.min.css HTTP/1.1[0m" 304 -
2022-09-08 18:16:09,884 :: INFO :: Thread-198 :: _internal :: 127.0.0.1 - - [08/Sep/2022 18:16:09] "[36mGET /static/assets/css/fonts/bootstrap-icons.woff2?8d200481aa7f02a2d63a331fc782cfaf HTTP/1.1[0m" 304 -
2022-09-08 18:16:09,899 :: INFO :: Thread-199 :: _internal :: 127.0.0.1 - - [08/Sep/2022 18:16:09] "[36mGET /static/assets/webfonts/fa-solid-900.woff2 HTTP/1.1[0m" 304 -
2022-09-08 18:16:09,954 :: INFO :: Thread-200 :: _internal :: 127.0.0.1 - - [08/Sep/2022 18:16:09] "[36mGET /static/assets/js/vendor.min.js HTTP/1.1[0m" 304 -
2022-09-08 18:16:09,960 :: INFO :: Thread-201 :: _internal :: 127.0.0.1 - - [08/Sep/2022 18:16:09] "[36mGET /static/assets/js/app.min.js HTTP/1.1[0m" 304 -
2022-09-08 18:16:09,975 :: INFO :: Thread-202 :: _internal :: 127.0.0.1 - - [08/Sep/2022 18:16:09] "[36mGET /static/assets/css/images/pattern.png HTTP/1.1[0m" 304 -
2022-09-08 18:16:09,981 :: INFO :: Thread-203 :: _internal :: 127.0.0.1 - - [08/Sep/2022 18:16:09] "[36mGET /static/assets/css/images/logo.png HTTP/1.1[0m" 304 -
2022-09-08 18:16:10,222 :: INFO :: Thread-204 :: _internal :: 127.0.0.1 - - [08/Sep/2022 18:16:10] "[36mGET /static/assets/css/images/cover.jpg HTTP/1.1[0m" 304 -
2022-09-08 18:16:34,477 :: INFO :: Thread-205 :: _internal :: 127.0.0.1 - - [08/Sep/2022 18:16:34] "GET /gobalcropowallet HTTP/1.1" 200 -
2022-09-08 18:16:34,509 :: INFO :: Thread-206 :: _internal :: 127.0.0.1 - - [08/Sep/2022 18:16:34] "[36mGET /static/assets/css/vendor.min.css HTTP/1.1[0m" 304 -
2022-09-08 18:16:34,511 :: INFO :: Thread-209 :: _internal :: 127.0.0.1 - - [08/Sep/2022 18:16:34] "[36mGET /static/assets/css/app.min.css HTTP/1.1[0m" 304 -
2022-09-08 18:16:34,811 :: INFO :: Thread-210 :: _internal :: 127.0.0.1 - - [08/Sep/2022 18:16:34] "[36mGET /static/assets/css/fonts/bootstrap-icons.woff2?8d200481aa7f02a2d63a331fc782cfaf HTTP/1.1[0m" 304 -
2022-09-08 18:16:34,817 :: INFO :: Thread-211 :: _internal :: 127.0.0.1 - - [08/Sep/2022 18:16:34] "[36mGET /static/assets/webfonts/fa-solid-900.woff2 HTTP/1.1[0m" 304 -
2022-09-08 18:16:34,870 :: INFO :: Thread-212 :: _internal :: 127.0.0.1 - - [08/Sep/2022 18:16:34] "[36mGET /static/assets/js/vendor.min.js HTTP/1.1[0m" 304 -
2022-09-08 18:16:34,884 :: INFO :: Thread-213 :: _internal :: 127.0.0.1 - - [08/Sep/2022 18:16:34] "[36mGET /static/assets/js/app.min.js HTTP/1.1[0m" 304 -
2022-09-08 18:16:34,887 :: INFO :: Thread-214 :: _internal :: 127.0.0.1 - - [08/Sep/2022 18:16:34] "[36mGET /static/assets/css/images/pattern.png HTTP/1.1[0m" 304 -
2022-09-08 18:16:34,897 :: INFO :: Thread-215 :: _internal :: 127.0.0.1 - - [08/Sep/2022 18:16:34] "[36mGET /static/assets/css/images/logo.png HTTP/1.1[0m" 304 -
2022-09-08 18:16:35,133 :: INFO :: Thread-216 :: _internal :: 127.0.0.1 - - [08/Sep/2022 18:16:35] "[36mGET /static/assets/css/images/cover.jpg HTTP/1.1[0m" 304 -
2022-09-08 18:17:25,748 :: INFO :: MainThread :: _internal ::  * Detected change in 'C:\\dev\\MyTinyFactory\\src\\eveGateway\\CropoWalletProxy.py', reloading
2022-09-08 18:17:25,848 :: INFO :: Thread-77 :: _internal :: 127.0.0.1 - - [08/Sep/2022 18:17:25] "[35m[1mGET /gobalcropowallet HTTP/1.1[0m" 500 -
2022-09-08 18:17:25,884 :: ERROR :: Thread-77 :: _internal :: Error on request:
Traceback (most recent call last):
  File "C:\dev\MyTinyFactory\env\Lib\site-packages\werkzeug\serving.py", line 324, in run_wsgi
    execute(self.server.app)
  File "C:\dev\MyTinyFactory\env\Lib\site-packages\werkzeug\serving.py", line 313, in execute
    application_iter = app(environ, start_response)
  File "C:\dev\MyTinyFactory\env\Lib\site-packages\flask\app.py", line 2091, in __call__
    return self.wsgi_app(environ, start_response)
  File "C:\dev\MyTinyFactory\env\Lib\site-packages\flask\app.py", line 2076, in wsgi_app
    response = self.handle_exception(e)
  File "C:\dev\MyTinyFactory\env\Lib\site-packages\flask\app.py", line 2073, in wsgi_app
    response = self.full_dispatch_request()
  File "C:\dev\MyTinyFactory\env\Lib\site-packages\flask\app.py", line 1518, in full_dispatch_request
    rv = self.handle_user_exception(e)
  File "C:\dev\MyTinyFactory\env\Lib\site-packages\flask\app.py", line 1516, in full_dispatch_request
    rv = self.dispatch_request()
  File "C:\dev\MyTinyFactory\env\Lib\site-packages\flask\app.py", line 1502, in dispatch_request
    return self.ensure_sync(self.view_functions[rule.endpoint])(**req.view_args)
  File "C:\dev\MyTinyFactory\env\Lib\site-packages\flask_login\utils.py", line 277, in decorated_view
    return current_app.ensure_sync(func)(*args, **kwargs)
  File "C:\dev\MyTinyFactory\src\app.py", line 194, in gobalcropowallet
    return render_template('mainCorporateWallet.html',dUser_ref=dUser_ref,ssoEve=sso,portrait=carac.getPhotoUrl(),walletData = wallet)
  File "C:\dev\MyTinyFactory\env\Lib\site-packages\flask\templating.py", line 147, in render_template
    return _render(
  File "C:\dev\MyTinyFactory\env\Lib\site-packages\flask\templating.py", line 128, in _render
    rv = template.render(context)
  File "C:\dev\MyTinyFactory\env\Lib\site-packages\jinja2\environment.py", line 1291, in render
    self.environment.handle_exception()
  File "C:\dev\MyTinyFactory\env\Lib\site-packages\jinja2\environment.py", line 925, in handle_exception
    raise rewrite_traceback_stack(source=source)
  File "C:\dev\MyTinyFactory\src\templates\mainCorporateWallet.html", line 1, in top-level template code
    {% extends "base.html" %}
  File "C:\dev\MyTinyFactory\src\templates\base.html", line 29, in top-level template code
    {% block content %}
  File "C:\dev\MyTinyFactory\src\templates\mainCorporateWallet.html", line 12, in block 'content'
    <h2>{{ "{:,.0f} ISK".format(balance) }} </h2>
  File "C:\dev\MyTinyFactory\env\Lib\site-packages\jinja2\environment.py", line 474, in getattr
    return getattr(obj, attribute)
jinja2.exceptions.UndefinedError: 'swu' is undefined
2022-09-08 18:17:26,589 :: INFO :: MainThread :: _internal ::  * Restarting with stat
2022-09-08 19:48:42,375 :: DEBUG :: Thread-16 :: app :: home - user UUID 3vJB97ElMaRpJabLgobyM8ht7VD2
2022-09-08 19:48:44,866 :: DEBUG :: Thread-16 :: app :: home - token valid : False
2022-09-08 19:48:57,811 :: DEBUG :: Thread-34 :: app :: token app code  : zqMCBituCkmzq3z13sesVw
2022-09-08 19:48:58,178 :: INFO :: Thread-34 :: ssotools :: 
Success! log to Eve
2022-09-08 19:48:58,568 :: DEBUG :: Thread-34 :: app :: Callback -- Store token in DB --
2022-09-08 19:48:58,570 :: DEBUG :: Thread-34 :: app :: Callback -- SSO Refresh  : None
2022-09-08 19:48:58,573 :: DEBUG :: Thread-34 :: app :: Callback --  SSO access_token  : eyJhbGciOiJSUzI1NiIsImtpZCI6IkpXVC1TaWduYXR1cmUtS2V5IiwidHlwIjoiSldUIn0.eyJzY3AiOlsicHVibGljRGF0YSIsImVzaS13YWxsZXQucmVhZF9jaGFyYWN0ZXJfd2FsbGV0LnYxIiwiZXNpLWNoYXJhY3RlcnMucmVhZF9jb250YWN0cy52MSIsImVzaS1jaGFyYWN0ZXJzLnJlYWRfYWdlbnRzX3Jlc2VhcmNoLnYxIiwiZXNpLWluZHVzdHJ5LnJlYWRfY2hhcmFjdGVyX2pvYnMudjEiLCJlc2ktY2hhcmFjdGVycy5yZWFkX2JsdWVwcmludHMudjEiLCJlc2ktd2FsbGV0LnJlYWRfY29ycG9yYXRpb25fd2FsbGV0cy52MSIsImVzaS1jb3Jwb3JhdGlvbnMucmVhZF9kaXZpc2lvbnMudjEiXSwianRpIjoiM2RiNjZmZjUtMThmZC00MzUxLWExMWUtYTMzNDhkMTM2NDMyIiwia2lkIjoiSldULVNpZ25hdHVyZS1LZXkiLCJzdWIiOiJDSEFSQUNURVI6RVZFOjIxMTc4MTY0MDIiLCJhenAiOiJkNzkyZThlZTU4MGI0MDBjOGRkOWVlYmQzYzQ2OGNjZSIsInRlbmFudCI6InRyYW5xdWlsaXR5IiwidGllciI6ImxpdmUiLCJyZWdpb24iOiJ3b3JsZCIsImF1ZCI6IkVWRSBPbmxpbmUiLCJuYW1lIjoibWlyYWlsbGEgc2FuZGVyIiwib3duZXIiOiJ6UEVDWnB2cHI5Q0ZOYkVOcG5oYUxXM25kZnM9IiwiZXhwIjoxNjYyNjYwNTM3LCJpYXQiOjE2NjI2NTkzMzcsImlzcyI6ImxvZ2luLmV2ZW9ubGluZS5jb20ifQ.fYgeLmAbkJS2oUl7lJYs0sj6rSx8lxCVtF_wvSVUr_w8RLCCGG1hgAu08ACucy6P6pTefhK7cQ5kCFyz_LeBaZVcy_qme7ScGDIKZxHwREGE_i4ceC05v3P7-tuSbJ0pfbkBEOD9xSGkHgYOunsR7ELa7O081LSSd8XiqXZqdmnC0mEcefRRivoWCUVnrvM-sCQSABcw6leu6JLO0y_OBRq5uvo1Ld8yDpgN-v58V4gaqhfM0FUoTxtLnll6Hoot04OfaSg7URFjvUSbnPYEgh9dRPIfbDQlmsld5z7Odi4xrbAR9ZT9MTH-uznri7IAwMVxQGR6QWMqhstfQzrllQ
2022-09-08 19:48:58,739 :: DEBUG :: Thread-35 :: app :: home - user UUID 3vJB97ElMaRpJabLgobyM8ht7VD2
2022-09-08 19:48:58,835 :: DEBUG :: Thread-35 :: app :: home - token valid : True
2022-09-08 19:54:38,865 :: DEBUG :: Thread-62 :: app :: home - user UUID 3vJB97ElMaRpJabLgobyM8ht7VD2
2022-09-08 19:54:39,032 :: DEBUG :: Thread-62 :: app :: home - token valid : True
2022-09-08 19:55:22,834 :: DEBUG :: Thread-77 :: app :: home - user UUID 3vJB97ElMaRpJabLgobyM8ht7VD2
2022-09-08 19:55:22,928 :: DEBUG :: Thread-77 :: app :: home - token valid : True
2022-09-08 19:55:31,603 :: DEBUG :: Thread-99 :: app :: home - user UUID 3vJB97ElMaRpJabLgobyM8ht7VD2
2022-09-08 19:55:31,674 :: DEBUG :: Thread-99 :: app :: home - token valid : True
2022-09-08 20:17:50,053 :: DEBUG :: Thread-109 :: app :: home - user UUID 3vJB97ElMaRpJabLgobyM8ht7VD2
2022-09-08 20:17:50,304 :: DEBUG :: Thread-109 :: app :: home - token valid : False
2022-09-08 20:18:00,029 :: DEBUG :: Thread-122 :: app :: token app code  : Qb6lqGqTjU-UrcjzRgmmtg
2022-09-08 20:18:00,382 :: INFO :: Thread-122 :: ssotools :: 
Success! log to Eve
2022-09-08 20:18:00,639 :: DEBUG :: Thread-122 :: app :: Callback -- Store token in DB --
2022-09-08 20:18:00,641 :: DEBUG :: Thread-122 :: app :: Callback -- SSO Refresh  : None
2022-09-08 20:18:00,643 :: DEBUG :: Thread-122 :: app :: Callback --  SSO access_token  : eyJhbGciOiJSUzI1NiIsImtpZCI6IkpXVC1TaWduYXR1cmUtS2V5IiwidHlwIjoiSldUIn0.eyJzY3AiOlsicHVibGljRGF0YSIsImVzaS13YWxsZXQucmVhZF9jaGFyYWN0ZXJfd2FsbGV0LnYxIiwiZXNpLWNoYXJhY3RlcnMucmVhZF9jb250YWN0cy52MSIsImVzaS1jaGFyYWN0ZXJzLnJlYWRfYWdlbnRzX3Jlc2VhcmNoLnYxIiwiZXNpLWluZHVzdHJ5LnJlYWRfY2hhcmFjdGVyX2pvYnMudjEiLCJlc2ktY2hhcmFjdGVycy5yZWFkX2JsdWVwcmludHMudjEiLCJlc2ktd2FsbGV0LnJlYWRfY29ycG9yYXRpb25fd2FsbGV0cy52MSIsImVzaS1jb3Jwb3JhdGlvbnMucmVhZF9kaXZpc2lvbnMudjEiXSwianRpIjoiZWRlMGJlMGEtZTRjNC00MGUxLWI3NDctZDhhODhjZTUyYWM3Iiwia2lkIjoiSldULVNpZ25hdHVyZS1LZXkiLCJzdWIiOiJDSEFSQUNURVI6RVZFOjIxMTc4MTY0MDIiLCJhenAiOiJkNzkyZThlZTU4MGI0MDBjOGRkOWVlYmQzYzQ2OGNjZSIsInRlbmFudCI6InRyYW5xdWlsaXR5IiwidGllciI6ImxpdmUiLCJyZWdpb24iOiJ3b3JsZCIsImF1ZCI6IkVWRSBPbmxpbmUiLCJuYW1lIjoibWlyYWlsbGEgc2FuZGVyIiwib3duZXIiOiJ6UEVDWnB2cHI5Q0ZOYkVOcG5oYUxXM25kZnM9IiwiZXhwIjoxNjYyNjYyMjgwLCJpYXQiOjE2NjI2NjEwODAsImlzcyI6ImxvZ2luLmV2ZW9ubGluZS5jb20ifQ.nCBpFRMH71W-rcIL41bLkZZaY6n0FJW09klNY-7kgvXAxQAiwR3FOpCW58wjbQL6FWBCYMi2y_n_CpzBNDQnFs9cMjHT4GJ77PVg9CqLC68vQsfGQV-50IJy7Qo8phaLh0EPuVbhEu1t0knBTVJFYw41RpJ-qhvQf5dnI_U4hnZTSFxjYwqR_9IaHN_m8RUVxxjoOwcrGY4npHy3ul-4FOmTco6HiPAhYFaHlsvdaDXSzxClG5hoc6IwUD8pAFwTIKvE_4iWM4CWYRKOh4Frvq-SIOIh5MCZhLnK9nUWoF73Ks9qcsroktk91g97upzZgfYubW_2yW4O1vfy9VHgZg
2022-09-08 20:18:00,827 :: DEBUG :: Thread-123 :: app :: home - user UUID 3vJB97ElMaRpJabLgobyM8ht7VD2
2022-09-08 20:18:00,919 :: DEBUG :: Thread-123 :: app :: home - token valid : True
2022-09-08 20:18:16,383 :: DEBUG :: Thread-149 :: app :: home - user UUID 3vJB97ElMaRpJabLgobyM8ht7VD2
2022-09-08 20:18:16,484 :: DEBUG :: Thread-149 :: app :: home - token valid : True
